11 -13.643052 -15.275806 -12.978399 -13.322814 -13.618163 -14.875742 81.087227 -14.122424 -12.757040 -13.220269 85.912207 -14.460036 -13.647311 -15.078378
8 -0.258523 -0.754601 -1.181268 -0.737930 -0.711706 -0.371571 -0.184753 8.027749 -0.113966 -0.412446 -0.679216 -1.729253 -0.655583 -0.236933
9 -0.918778 -0.937688 -1.472543 -0.367654 -0.567703 -0.002575 -0.928261 -0.904445 5.096808 -0.531839 0.075100 0.120169 2.287811 -0.948404
1 49.006287 -4.159442 -3.286964 -3.912658 -3.543990 -4.317288 -3.874968 -4.115974 -2.839604 -3.948176 -4.212247 -3.334525 -4.329584 -3.130870
6 0.534641 0.100208 1.552967 -0.292520 0.202236 3.928371 -2.052106 -0.592456 -1.853910 -1.018158 -0.259970 1.072190 -1.995668 0.674177
1 3.012509 -0.294080 -0.558715 -0.338976 0.129456 -0.362786 -0.206480 -0.264306 0.358507 -0.210564 -0.173339 -0.302185 -0.400848 -0.388194
6 0.008641 -0.657504 0.280894 0.230558 -0.296467 1.145829 -0.135215 0.120740 -0.576919 -0.196089 -0.328238 0.084622 0.506184 -0.187036
5 -0.741487 0.682056 -0.354063 -0.277660 1.908915 0.421551 -0.480365 -0.453335 -1.000216 0.075857 0.114377 0.100701 -0.885399 0.889067
5 -6.803371 -7.140494 -8.930112 -5.895753 65.082081 1.242129 -5.935133 -5.547273 -4.657559 -4.238079 -6.693211 1.501236 -5.479192 -6.505269
5 -4.334434 -4.971994 -2.728236 -3.434963 46.913669 -4.217338 -3.234912 -3.472440 -3.155869 -3.087797 -3.889010 -3.438585 -3.107316 -3.840774
14 -0.590887 -0.277751 0.409699 -0.289210 0.140254 -0.368513 -0.176152 0.048981 0.175067 0.262464 -0.166485 0.024950 0.378532 0.429050
3 0.072891 -0.149343 4.863171 -0.019003 1.801136 -0.928073 -1.344602 -0.644975 -0.752583 -0.213513 -1.293206 -0.274679 0.026561 -1.143782
3 -0.865935 -2.623077 25.915271 -4.457536 -4.335080 1.594568 -2.349752 -2.849939 -3.241624 -2.167291 -0.954541 -3.783799 -0.721560 0.840294
4 -0.743109 0.241933 0.054008 2.242244 0.178475 -0.438189 0.267230 -0.455837 -1.234866 0.111020 0.214333 0.194111 -0.941888 0.310535
1 167.041364 -13.898872 -11.098507 -12.639184 -12.491936 -15.046006 -13.964352 -12.903540 -12.821330 -12.631239 -12.447856 -12.352613 -14.790517 -9.955413
11 -5.475743 -4.225942 -1.927016 -2.858952 -4.776047 -4.292690 -4.712821 -3.757625 -4.930219 -3.882504 52.839461 -3.740625 -4.132221 -4.127054
4 -0.161367 -0.750051 -0.721252 2.287475 -0.678634 0.768506 0.165981 0.606439 0.042789 -0.202179 -0.550706 -0.439158 0.001692 -0.369534
12 -2.549002 -1.356545 1.330137 1.179104 -0.774974 -1.129802 -0.567656 -2.180269 -0.370250 1.482539 -1.095489 3.563124 0.931765 1.537316
14 -0.780035 -0.172304 0.675992 -0.685118 -1.709353 -0.668493 -0.893946 -0.545064 -0.844872 -0.084849 -1.282268 -0.500069 -1.193179 8.683558
11 -3.423898 -4.363731 -4.292637 -4.720505 -4.827339 -4.558148 -4.276845 -3.857554 -5.535727 -4.292624 55.156632 -3.340275 -3.821987 -3.845361
3 -1.716294 -1.990227 24.152909 -1.539715 -1.574626 -0.642001 -1.413510 -1.763351 -2.005471 -2.125689 -1.680211 -3.710750 -1.554422 -2.436641
12 0.374473 0.616145 0.190654 0.252583 -0.280301 -1.309935 -0.608673 -0.693335 -1.102268 -0.119635 0.273824 1.956833 -0.009828 0.459462
11 -0.626262 -0.162064 -0.872766 -1.389920 0.342999 0.321199 0.226903 -0.849672 0.312736 0.442405 1.642573 -0.656427 -0.134502 1.402798
9 -1.508492 -0.131569 -1.891760 -1.329695 -1.564649 -1.230423 -0.488717 -1.238677 10.286888 0.986820 0.623020 -1.021039 -1.487319 -0.004390
5 -0.208562 0.197289 0.106439 0.114332 0.762106 -0.426771 -0.100442 0.196698 -0.282541 -0.265111 -0.516805 0.021420 -0.100905 0.502853
8 -2.143918 -0.033246 -0.525439 0.810306 0.600730 -0.912637 0.005377 3.843269 -0.565272 -0.672634 -0.534204 -0.653402 -1.047131 1.828201
14 -0.827880 1.479613 -0.866221 -0.130536 0.304813 0.866792 -0.154938 -0.983264 -1.027352 -2.429080 -0.826489 -0.086739 1.002383 3.678897
2 -1.309613 37.904498 -4.470401 -3.440112 -2.165613 -3.923341 -2.799064 -2.026426 -3.329952 -2.798315 -3.166951 -2.810647 -1.332183 -4.331879
1 86.788457 -6.988655 -6.396003 -7.449056 -7.160652 -5.465865 -6.914330 -5.935030 -6.142134 -7.018282 -6.285969 -6.346944 -8.613299 -6.072236
10 -0.296139 -0.382354 0.226574 -0.300408 0.033960 -0.076796 -0.146629 -0.073192 -0.091994 0.670754 0.362094 -0.085929 -0.249435 0.409494
5 -4.109968 -4.752252 -3.194728 -2.798227 46.173824 -3.979921 -3.425709 -3.194240 -3.399192 -3.444821 -3.596056 -3.558493 -2.921816 -3.798400
6 0.863102 -0.495290 -0.152840 -0.369402 -0.226999 1.366652 -0.540436 0.047078 -0.564255 -0.002625 -0.172749 -0.725318 0.567428 0.405655
6 -1.584675 -2.659839 -1.418686 -3.308767 -2.458294 13.809532 1.426989 0.467235 -2.343267 -1.693087 -1.024548 -1.329264 -1.470226 3.586899
14 -1.832181 0.076620 -1.033356 -0.069370 2.206651 -1.352008 -1.654915 -0.983273 -1.685445 -1.078988 -1.330345 1.239985 -1.232215 8.728841
7 -6.622514 -6.035391 -6.517808 -6.132083 -7.085168 -6.970601 86.222234 -6.756174 -7.799075 -6.302871 -5.923962 -5.957191 -7.735942 -6.383456
14 -2.329234 -2.386026 -2.591742 -3.043995 -3.156848 -3.716215 -2.072973 -1.922407 -3.027209 -2.442670 -2.296277 -0.996450 -2.803641 32.785689
2 0.056611 2.822765 -0.221269 -0.305565 -0.047638 -0.465194 -0.384363 -0.738574 -0.604031 0.465679 -0.149663 0.008193 0.245617 -0.682567
2 -5.460219 47.732499 -5.537894 -4.054067 -4.524118 -4.748159 -4.153216 -5.442179 -4.985542 -4.226230 8.551355 -4.188207 -3.655474 -5.308550
2 -2.661751 19.232967 -0.887605 -0.128746 -1.213708 -0.825143 -1.175077 -2.372406 -2.082279 -1.633177 -2.735055 -1.148466 -1.498367 -0.871187
3 0.448592 -0.400832 3.359274 -0.408623 -0.084982 -0.043447 -0.421878 -0.418386 -1.354639 -0.061770 -0.026513 -0.316102 -1.033999 0.763305
7 -0.542162 -0.428897 0.109564 0.243152 -1.342534 1.171742 1.494604 -0.377677 -0.614418 1.149822 -0.121083 -0.555238 0.118452 -0.305327
3 -0.490626 -0.817211 6.413889 -0.710944 -1.287547 -2.221169 0.033609 0.149127 -1.316820 0.330572 0.965316 0.005621 0.113900 -1.167716
13 -0.118357 -0.696777 -1.442895 -1.448074 -0.111777 -1.946365 -1.328942 -0.655307 -0.571584 -1.401394 -0.660253 -0.305206 11.909487 -1.222559
3 -4.840789 -5.593531 66.792877 -5.188044 -5.104527 -5.110737 -5.090329 -4.881818 -4.856124 -5.038533 -5.473384 -5.052585 -5.805944 -4.756530
6 -3.016919 -1.422440 -1.022432 -0.365020 -1.621786 13.607780 -0.749482 -1.305082 -0.898134 -1.526940 -0.536379 -1.006328 1.358060 -1.494897
12 -1.070217 -0.235108 -2.931747 -0.097919 0.877585 -1.218866 -0.377757 -0.625752 0.976669 2.127366 -0.175559 3.962637 -0.668437 -0.542895
14 -0.497429 0.229203 0.128095 0.536503 0.016336 0.952162 -0.585101 -0.538272 -2.048985 0.606195 0.023018 0.166781 -0.492224 1.503718
13 -0.300304 -0.736621 -0.385805 0.681736 -0.154541 -1.408113 -0.764626 -1.124525 -2.130139 0.227140 -1.529382 -1.083473 8.549904 0.158749
11 -1.397796 3.344748 -0.421998 0.055178 -0.275607 -0.179580 -0.496160 -1.127978 -0.883841 -0.622838 3.699240 -0.351209 -1.071262 -0.270895
13 0.925480 -1.110644 -0.203394 0.168831 0.265972 -1.803433 -0.804444 -0.870627 0.133649 -0.860362 -0.243336 -0.427728 4.288032 0.542006
14 -0.553267 -0.803808 -0.573959 -0.969101 0.622361 -1.588174 -0.574557 -1.381341 -0.859540 -0.648903 -0.965967 -0.926270 -0.439669 9.662195
14 -0.146128 -0.298812 -0.211342 -0.626685 -0.350829 -0.227644 -0.332486 -0.234886 0.296091 -0.035430 0.336465 0.013724 -0.400871 2.218834
14 -1.106760 -1.080424 -0.705127 -1.085712 -0.828239 -0.533595 -1.452908 -0.775306 -1.209799 -0.978702 -0.944377 -0.783984 -0.391845 11.876776
11 -8.097696 -8.522691 -7.324389 -6.677700 -7.707677 -7.095719 -7.729085 -8.464243 -6.220842 -6.753758 96.007511 -6.318250 -6.917164 -8.178295
7 -0.338930 1.527468 -0.613375 0.247145 -0.572013 -0.594538 3.238681 -2.189788 -1.092523 -0.576505 1.524991 -0.567899 -0.681167 0.688450
6 -1.290943 -0.873181 -1.118581 -1.023628 -0.969471 14.774191 -2.037446 -1.301268 -1.073867 -0.943131 -0.674705 -0.452269 -1.488413 -1.527288
4 -6.707015 -7.441913 -5.950680 87.477700 -7.473324 -6.841475 -7.073636 -6.314574 -7.022655 -6.229809 -5.674453 -6.505496 -7.241136 -7.001530
4 -7.214518 -7.099989 -6.444375 88.052664 -7.007924 -7.341420 -6.772846 -6.371758 -6.682830 -6.618601 -6.227871 -6.775122 -6.928930 -6.566478
4 -2.610150 -1.185916 -1.777037 21.283442 -1.825108 -2.491573 -1.393016 -0.643506 -3.150522 -1.692551 -0.820524 -1.538793 -2.497544 0.342797
7 -6.856451 -6.772166 -7.510880 -6.621397 -7.641897 -6.332628 88.591877 -7.217752 -5.433991 -7.003755 -7.159401 -5.991732 -7.092842 -6.956988
7 -9.293404 -7.159886 -9.144135 -8.312348 -9.406414 -11.286016 105.751172 -8.603608 -9.801566 -7.790773 -2.926030 -10.066250 -3.541954 -8.418790
7 1.183359 -0.425370 -0.077718 0.238534 -0.625288 -1.423038 1.996864 -0.572890 -0.605099 -0.425152 -0.689383 -0.144950 1.516384 0.053746
7 -7.593948 -11.286354 -8.513706 -8.913098 -8.711312 -9.414351 106.091839 -7.819492 -10.099893 -7.568066 0.858459 -9.035883 -8.403455 -9.590741
7 -8.051823 -8.065985 -7.034305 -7.978368 -7.657481 -7.680239 88.632514 -5.607291 -7.549412 -6.301019 -4.452193 -7.726021 -6.368661 -4.159719
6 -3.946547 -4.199542 -2.818641 -3.366557 -3.588730 49.237237 -4.222503 -3.126752 -5.166411 -3.674558 -4.092557 -3.492241 -4.572044 -2.970153
9 -1.252325 -0.528227 -1.330888 -0.127871 -0.488268 -0.699654 -0.642005 -0.593857 7.460010 -1.104004 0.924870 -0.341843 -1.520830 0.244892
6 -1.038478 1.067144 -0.059512 0.780276 0.416572 1.184412 -0.284471 -0.223482 -1.375657 0.066785 0.404138 0.298109 -1.376616 0.140780
8 -0.367741 -0.757158 0.580565 -1.330773 0.701020 -1.685167 -0.145986 4.759459 -0.706801 -0.837181 0.193605 -0.545243 0.796325 -0.654924
8 -1.106013 0.651625 -0.578936 1.739720 -1.906937 -1.361865 -0.892118 3.398614 -0.042232 -0.704638 0.667174 0.216898 -0.309668 0.228375
13 0.136614 0.921736 -0.192783 0.492813 -2.276178 1.879742 -1.198499 -1.192769 -0.476108 0.390066 -0.988709 -1.619732 3.402411 0.721397
4 -7.974506 -5.879537 -7.260304 88.912893 -8.694295 -7.231765 -5.452926 -6.506605 -6.211815 -7.024523 -6.498812 -7.428622 -4.959841 -7.789340
4 -7.452565 -7.597659 -6.486286 88.364951 -7.668006 -7.052279 -7.151351 -6.613710 -6.862340 -6.354897 -6.245866 -7.158147 -5.504829 -6.217013
4 -7.404117 -7.177135 -6.989576 88.203325 -7.605715 -7.055367 -6.737619 -6.436151 -6.689865 -5.895320 -6.041485 -6.276339 -7.329772 -6.564863
11 -0.380445 -0.228662 0.128813 -0.627918 -1.534279 0.050717 -0.253340 -0.333659 -0.628264 -0.573194 5.850201 -0.401189 -0.367508 -0.701273
11 -0.924227 -0.319114 -0.667825 -1.127778 0.631833 -1.131491 2.242354 0.867861 -2.154443 0.132629 3.459763 -1.176574 0.769209 -0.602196
3 -0.279025 -1.451181 4.441689 -1.293784 0.467871 -0.107409 -0.544675 -0.611157 0.264765 0.289927 -0.095250 0.865930 0.011960 -1.959662
4 -6.744841 -6.631284 -7.091432 88.108494 -7.422220 -7.547408 -6.902866 -6.038358 -7.120118 -6.257029 -5.939326 -6.633575 -6.718831 -7.061202
5 -6.800309 -5.192688 -5.337628 -5.201679 73.932131 -7.772473 -5.205169 -5.953798 -6.272371 -5.120521 -5.133674 -4.795359 -6.076077 -5.070384
14 -0.010001 0.861248 -0.804843 -0.845632 -0.011280 1.119606 -0.645662 0.058839 0.198692 -0.700874 -0.832670 -0.871636 1.060399 1.423812
13 -0.169475 -0.059785 -0.281627 -0.052566 -0.109221 0.031738 0.154989 -0.399502 -0.069344 0.126342 -0.385887 0.443600 1.152415 -0.381677
11 -4.731905 -4.747453 -4.799443 -5.276079 -5.422212 -5.158569 -4.591386 -4.845512 -4.496049 -6.298711 65.542543 -4.896331 -4.157532 -6.121360
11 -8.602298 -7.883252 -7.989095 -7.344431 -7.916212 -8.343715 -7.111686 -8.138860 -9.348050 -8.405441 105.703169 -8.018657 -8.252123 -8.349347
11 -0.464925 -0.018135 -0.632096 1.216366 -0.459286 0.044669 -0.489935 -0.673978 -1.526444 -1.014768 5.148159 0.062803 -1.156009 -0.036422
13 -0.732778 0.447739 -0.294050 -0.578230 -0.005696 1.078539 -0.483452 -0.711544 0.118204 -0.320200 -0.837234 -0.503862 2.441582 0.380980
1 84.900870 -6.231382 -6.513078 -7.882983 -6.081296 -6.976886 -6.787530 -5.949707 -6.995455 -7.057442 -6.705839 -6.616242 -6.599431 -4.503597
13 -0.980994 -1.937024 0.940818 -1.380901 -0.521202 0.618112 -0.124208 -0.373913 -1.988129 -0.885247 0.237306 -1.887658 7.949044 0.333995
3 -0.057258 -1.758671 6.100081 0.825876 -1.059059 -1.600002 -1.289311 -1.960420 0.142485 -0.316130 -1.134124 -1.260920 -1.612335 4.979790
4 -6.709872 -6.818486 -6.681199 88.352223 -6.668369 -8.426041 -6.834879 -6.702431 -7.790721 -6.819414 -6.224715 -7.182603 -6.465526 -5.027964
4 -6.590108 -7.005749 -7.137817 88.024381 -6.646213 -7.188351 -6.417654 -6.660083 -6.515025 -6.664564 -5.988163 -6.445597 -7.817020 -6.948035
2 -2.135309 9.967232 -0.385122 0.460834 -0.462169 -1.121104 -0.596767 -3.047138 -1.903674 -0.544436 -0.237164 -0.388354 -0.750967 1.144139
3 -1.117970 -0.490141 6.909939 0.502891 -0.458209 -0.965985 -0.268637 -1.139010 -1.196513 0.445322 -0.666562 0.075821 -1.725514 0.094569
1 0.000000 0.000000 0.000000 0.000000 0.000000 0.000000 0.000000 0.000000 0.000000 0.000000 0.000000 0.000000 0.000000 0.000000
2 -1.070634 7.748680 -0.085379 -0.060370 -0.355128 -0.447502 -0.798522 -1.301877 -1.318247 -0.318103 -0.066271 -0.464144 -1.075137 -0.387367
13 -0.904272 -0.310241 0.502033 0.482240 0.856188 -0.751977 -0.397248 -0.731686 -1.668696 0.140500 -0.099294 -0.103173 3.021125 -0.035498
1 85.940148 -6.901090 -5.720940 -7.081524 -5.880224 -6.073806 -6.606985 -6.419064 -6.638629 -7.076796 -6.836361 -6.771999 -7.485589 -6.447141
7 -7.705079 -8.532932 -7.755562 -7.816229 -8.218416 -9.035283 102.245269 -9.919318 -10.162701 -7.788155 -2.575828 -8.333288 -6.637485 -7.764995
6 -9.964560 -7.529788 -6.822248 -8.597637 -7.297723 94.433061 -6.623120 -4.938300 -6.509290 -7.204564 -7.470977 -8.432764 -5.697834 -7.344255
6 0.000000 -0.007136 -0.023661 0.266025 -0.111604 0.391013 -0.016949 -0.110516 -0.030525 -0.013361 -0.057802 0.000000 -0.087184 -0.198300
13 -0.807684 -0.613849 -0.969524 -0.654797 0.964293 -0.525588 -0.729884 -0.001813 -0.009155 -0.311142 0.275335 -0.881722 4.483468 -0.217938
1 86.362431 -7.077938 -6.480640 -6.660834 -6.288906 -6.405626 -6.758945 -6.661990 -5.964735 -7.276889 -6.535661 -5.475413 -8.077555 -6.697297
14 -1.431788 0.494052 0.611763 0.191736 0.647873 -0.614940 0.222832 -0.497820 -1.337869 0.329033 0.783843 0.419904 -0.933794 1.115176
10 0.552776 -0.588913 0.332701 -0.806617 -0.779133 -0.725718 -0.247572 -0.207175 0.041300 2.923800 -0.194986 -0.502372 -0.955789 1.157698
1 1.543214 0.510345 -0.428107 0.295549 0.338420 -0.149756 -0.134695 -0.460180 -0.906553 0.085348 0.003193 0.067850 -0.844976 0.080350
8 -0.528414 -1.938157 -0.798845 -1.727681 4.951194 -1.016080 -1.089039 10.311547 -2.167499 -1.040537 -0.742719 -1.557881 -0.745849 -1.910039
7 -7.370861 -7.560301 -5.746997 -7.150458 -6.321823 -7.510998 85.208621 -6.352108 -7.132266 -7.695265 -6.681898 -6.918254 -3.030073 -5.737321
8 0.000000 0.000000 0.000000 0.000000 0.000000 0.000000 0.000000 0.399521 -0.335537 0.000000 -0.024938 -0.017940 0.000000 -0.021106
11 -0.805019 -0.617121 -0.698019 -0.618154 1.544345 0.208082 -1.167320 -1.696541 -1.116364 -1.408059 7.976413 -0.900326 -1.205939 0.504023
10 -0.159937 -0.445998 -0.129405 -0.588403 -0.351366 -0.575688 -0.103094 -0.083588 -0.195751 4.288253 -0.445517 -0.511373 -0.022247 -0.675885
14 -0.230651 -0.440767 -0.657026 -0.522052 -0.727725 -0.697129 -0.593851 -0.055329 1.733239 -0.993087 -0.231200 -0.227283 -0.545971 4.188831
13 -0.149667 -0.502015 1.492801 -0.136789 -0.343997 -0.228472 -0.451567 -0.956562 -0.855354 0.011610 -0.291685 -0.576369 3.202452 -0.214387
2 3.185850 70.141519 -7.014374 -6.279307 -7.325724 -5.436444 -5.284779 -5.731452 -6.241269 -6.160718 -3.908817 -5.902995 -6.296396 -7.745093
9 -0.322487 -0.231245 -0.248239 -0.462611 -0.818472 1.215986 0.107833 -0.241711 1.853781 -0.278470 -0.251431 0.177253 0.287480 -0.787667
2 -3.156535 40.268849 -2.525857 -3.225421 -3.000240 -2.983783 -3.203075 -4.174683 -2.302790 -2.675349 -2.631895 -3.097853 -4.239668 -3.051699
4 -0.653887 0.298585 0.147320 0.910929 0.316585 -0.335425 -0.071362 -0.369272 -0.772975 0.200307 0.222580 0.633633 -1.039577 0.512557
4 -7.684071 -7.006339 -8.165531 87.286436 -9.184999 6.255551 -7.923928 -6.809149 -8.167808 -8.164623 -7.527165 -7.731663 -7.163575 -8.013132
1 93.925933 -7.154885 -6.964724 -7.226811 -7.350251 -7.461004 -6.398425 -7.463325 -6.615337 -7.137132 -8.240094 -7.343866 -7.336586 -7.233497
1 94.064635 -6.715018 -5.929908 -7.190382 -7.627163 -7.553097 -8.500401 -7.242762 -7.261270 -6.575615 -6.995793 -6.982497 -7.179298 -8.311436
1 87.071202 -5.798479 -6.324180 -7.101568 -7.206052 -6.558901 -6.335037 -7.076131 -6.488267 -6.500493 -6.360491 -6.841001 -7.645289 -6.835310
9 -1.774801 -0.349104 -0.798145 -1.336584 -1.211210 -2.280578 -0.394161 -0.849613 12.123449 -0.666306 -0.385077 -0.948048 -0.622549 -0.507272
4 -7.430547 -6.977243 -6.685029 90.555665 -7.996791 -7.462949 -7.053260 -6.673120 -7.348498 -6.455230 -5.933287 -7.404031 -7.384656 -5.751020
13 -0.974842 -0.656138 -0.523443 -0.418744 -0.151162 0.950154 1.333558 0.692201 0.104829 -0.477706 0.222319 -1.522619 1.497697 -0.076103
2 -2.533867 38.188793 -2.456099 -3.191140 -3.424906 -2.484683 -2.957825 -3.042494 -2.439691 -2.571494 -2.790124 -3.255468 -4.236442 -2.804558
1 2.147071 -0.227982 -0.661904 0.440764 0.781099 -0.385654 -0.298705 -0.186257 -0.648299 -0.238650 0.184568 0.049434 -0.428394 -0.527092
7 2.515809 -1.910067 -2.385821 -3.911701 -3.094939 2.170655 6.407877 1.322459 -3.881126 5.873237 -2.432559 -1.528839 1.810694 -0.955679
13 0.445883 0.990953 0.204471 0.378481 -1.422608 -0.231071 -0.308559 -2.080023 -0.585088 -0.530185 -0.526958 -0.185444 4.009463 -0.159316
9 -0.693558 -0.507925 -0.391064 -1.389402 1.364928 0.920786 -0.403519 -1.019237 3.442568 -0.299915 0.113071 -1.951001 2.136756 -1.322488
9 -2.252266 -0.667745 -1.005417 -1.383735 -0.625654 0.153915 -1.110874 -0.335870 9.638502 -0.280119 -0.010207 -0.835987 -0.434220 -0.850323
5 -0.301160 -1.110755 -0.473833 -1.042664 9.331045 -0.554568 -0.346970 -0.102607 -0.529567 -0.498630 -1.061348 -1.158259 -1.772866 -0.377817
4 -5.761382 -7.327986 -6.529560 87.807750 -7.743359 -7.037358 -6.817120 -6.447386 -6.674370 -6.973201 -6.563349 -6.231187 -7.047631 -6.653858
4 -7.256396 -4.136333 -7.083500 88.242990 -5.165337 -7.463516 -7.001592 -8.038637 -7.162784 -7.103717 -6.548559 -6.583253 -7.741639 -6.957724
4 -6.826372 -6.749913 -5.926472 90.607799 -7.872053 -7.171859 -7.798721 -6.989474 -7.706534 -4.871260 -6.874642 -6.643707 -8.165055 -7.011735
4 -2.282164 -1.478618 -1.461063 22.289254 -1.532429 -2.057598 -1.879860 -1.388296 -2.300939 -1.529621 -1.523618 -1.376478 -2.178064 -1.300507
4 0.240755 -1.404406 -0.872816 3.494036 -0.672286 0.444291 -1.586205 1.232949 0.492252 -0.934635 -0.363896 -1.330973 1.137017 0.123918
1 83.871800 -6.610895 -6.185576 -7.256565 -6.920336 -5.904965 -6.442969 -5.231028 -7.047058 -6.348141 -6.107357 -5.623756 -6.847446 -7.345707
7 -0.821543 -1.620120 -1.014819 -1.405824 -0.351148 -0.102821 4.811181 1.290317 -1.362506 0.438561 2.245672 -1.424252 0.562733 -1.245429
8 -0.173989 -0.715165 -1.217331 -0.977978 0.145113 -1.196839 -0.452219 8.331956 -1.695758 0.525289 -0.866293 -0.814983 -0.762816 -0.128987
1 88.409111 -7.260945 -6.525403 -6.910719 -6.797856 -7.370239 -6.985503 -6.854659 -6.418646 -7.388876 -6.408153 -6.916742 -5.126027 -7.445340
1 87.927404 -7.012195 -6.436035 -5.755164 -6.504991 -6.540641 -6.064511 -7.138024 -7.218700 -6.655925 -6.819541 -6.418090 -7.845590 -7.517996
3 -0.508997 -1.297862 4.570067 0.943014 -0.646508 -1.044219 -0.254324 -0.793307 -0.490998 -0.344528 0.174837 0.257745 0.417215 -0.982136
3 -1.733627 -1.897500 13.610356 -1.715545 -0.887579 0.089698 -0.971173 0.352087 -0.421960 -0.734162 -1.650179 -1.947474 -0.721398 -1.371544
1 52.615563 -4.501659 -4.541354 -4.106497 -3.045137 -4.890387 -3.744784 -4.049768 -3.515050 -4.223492 -3.429331 -3.967724 -4.046735 -4.553647
3 -4.642315 -5.102579 65.287344 -4.909619 -5.012765 -4.783771 -5.059948 -4.841925 -4.773041 -4.901009 -5.037874 -5.236485 -6.032416 -4.953596
14 -0.165623 -0.660024 -0.658540 -0.654059 1.058405 0.016425 0.261792 1.204343 -1.266401 -0.956174 0.058491 -0.339834 0.847645 1.253553
14 -1.408207 -2.568699 -1.610469 -0.927116 -1.818426 -1.098376 -0.936385 -2.012816 -5.347180 -1.426778 -0.497799 -1.702223 -2.123522 23.477995
8 -1.877437 -0.320920 -1.788313 -1.076330 -2.824430 -2.244381 1.147286 20.943244 -1.817719 -0.706372 -2.292520 -1.936802 -2.805921 -2.399385
3 0.391860 -1.391658 8.905484 -0.624244 -1.171068 -1.081564 -0.857907 -0.777912 -0.984271 -1.062280 -0.507487 -0.047014 -0.420530 -0.371408
6 -3.235015 -3.792359 -1.795533 -2.522473 -3.191029 40.864818 1.400796 -5.531510 -2.791014 -3.470790 -2.706033 -3.813560 -6.724499 -2.691798
13 -0.215834 -0.885642 0.364252 -1.051946 -0.783519 0.290076 -0.469021 -0.353371 -0.323049 0.873916 -0.809868 0.473121 3.572464 -0.681579
3 -4.219331 -4.488557 44.635209 -4.312954 -3.778763 -2.139446 -4.017577 -0.874989 -2.402152 -2.061704 -4.224503 -4.248700 -4.310369 -3.556161
12 -0.025672 -0.129818 0.256952 -0.051483 -0.005098 0.000000 -0.005762 -0.020008 0.000000 -0.118722 -0.084472 0.399521 -0.039161 -0.176276
11 -1.257203 -1.788587 -2.132468 -1.600974 -0.245777 -1.741842 1.020398 0.411575 -3.201584 -0.377485 11.819021 -1.962648 0.305001 0.752572
11 -1.180775 -0.594215 -1.565047 -0.206607 -2.714344 -0.592925 -0.555487 -0.463857 2.346323 0.958031 5.811864 -0.350987 -0.949470 0.057499
11 -7.937815 -9.380054 -8.199161 -6.569958 -7.289538 -8.712432 -7.229463 -7.112537 -6.912598 -7.163485 95.892149 -7.446178 -6.624985 -5.313940
11 -1.196890 -0.338575 0.527299 0.244402 -0.193201 -0.588426 -0.547009 -0.586531 -1.475770 -0.472234 6.276768 -0.079135 -1.201475 -0.369222
1 87.637569 -6.070444 -4.950751 -7.179041 -7.254735 -5.556039 -7.643849 -6.626798 -7.168564 -7.353398 -6.839523 -6.377711 -8.187189 -6.429526
5 -5.263293 -6.107907 -5.377597 -3.917237 57.146117 -3.506251 -4.158895 -4.764886 -4.584156 -2.914281 -3.682928 -4.072381 -4.302317 -4.493987
4 -8.068680 -5.927575 -7.168303 90.697754 -5.902106 -6.865385 -6.281808 -6.845438 -7.208068 -7.271469 -7.697674 -6.410424 -7.409029 -7.641792
7 -7.770644 -8.273698 -7.568651 -8.162820 -7.194294 -8.786969 102.913536 -7.323554 -8.184193 -7.144359 -8.380282 -7.921698 -7.366040 -8.836337
10 -0.375665 0.368938 0.028930 -0.367213 -0.278036 0.858922 -0.348634 -0.285381 -0.298379 1.370578 -0.610967 0.216968 -0.450879 0.170817
5 -2.250846 -0.082680 -1.322712 5.536876 12.941478 0.307789 -2.451488 -2.004425 -2.029260 -1.393263 -1.736337 -0.665258 -3.601406 -1.248468
4 -5.632898 -6.263457 -7.514965 88.416497 -6.931766 -6.947442 -6.866039 -6.713345 -6.832227 -5.571848 -6.973931 -6.494349 -7.798223 -7.876004
6 -6.688630 -6.478836 -7.864461 -8.617679 -6.884890 93.907497 -7.411047 -6.737681 -6.404714 -7.068830 -8.036157 -6.891678 -7.974934 -6.847960
12 -1.084468 -1.242350 -0.476669 0.213757 -0.751165 2.499220 -0.719491 3.165610 -1.017764 -0.565334 -1.527033 3.794683 0.194345 -2.483340
6 -7.373549 -7.083169 -6.693792 -6.919527 -6.747827 92.679460 -7.412911 -7.661189 -6.975936 -6.699158 -7.214582 -6.873645 -7.833359 -7.190815
6 0.406780 -0.443921 -0.359640 -0.964161 -1.293363 11.034751 -1.398202 -1.386773 0.141553 -1.410639 -1.259193 -0.716296 -1.379277 -0.971619
9 -0.325233 0.199216 -0.203397 0.334806 -0.859440 0.510065 0.143851 0.160443 1.831624 -0.820206 0.247873 -0.015956 -0.738009 -0.465638
13 -1.774654 -1.653754 -1.273486 -1.201570 -1.354984 -1.123849 -1.610516 -0.875096 -0.454899 -0.792474 -1.519991 -1.490154 17.039170 -1.913743
13 -0.161871 -0.625111 -0.946113 -0.436776 -0.852033 -1.181973 -0.763764 -1.360381 -1.118517 -0.756524 -0.803939 -0.953031 10.822184 -0.862152
14 -0.346717 -0.922808 -1.284329 -0.723363 -0.667158 1.227115 -0.665456 0.682761 -0.638967 -0.907453 -0.410297 -0.564914 0.462483 4.759102
9 -3.387229 -2.486237 -1.757630 -2.631813 5.540353 -0.646304 -0.838505 -1.249724 11.730672 -0.059601 -1.907383 -2.257183 -0.743677 0.694261
1 2.505118 -1.416832 0.060237 -0.198045 -0.843095 -0.780954 -0.193579 -1.191986 -0.347918 -0.483272 0.745786 2.107943 -0.209145 0.245740
4 -6.948617 -7.098450 -6.235116 87.938368 -7.478345 -7.417412 -6.756737 -5.503288 -6.842792 -6.861798 -6.576904 -6.277668 -7.985508 -5.955731
14 0.249190 -1.012594 -0.402572 -0.636072 0.017005 -0.225368 -0.273752 0.925578 -1.609002 -0.728528 -0.134570 -0.276410 0.408096 3.698997
4 -2.592374 -2.241575 -1.357639 26.257710 -1.823953 -3.430741 -2.610319 -1.829866 -2.832346 -1.504939 -0.462187 -1.487197 -2.043459 -2.041114
4 -6.959783 -6.508634 -7.675265 91.527664 -8.314844 -7.655612 -5.954126 -5.082109 -7.846418 -7.621948 -5.679051 -7.738891 -8.114140 -6.376841
3 -6.080779 -6.296087 86.057650 -6.677340 -5.876152 -6.992852 -6.744457 -6.742673 -6.763579 -6.268928 -6.984181 -5.980036 -7.643823 -7.006762
1 7.268791 0.115505 4.396852 0.506712 -3.426444 -0.027845 -1.937118 -1.523196 -1.697219 -0.008183 -0.260386 -0.413309 -2.396831 -0.597327
9 -0.302478 0.848541 -1.251535 0.042837 -0.719001 -1.134809 -0.686689 -0.284439 3.427174 -0.623503 -1.036242 2.988319 0.196728 -1.464903
10 0.082649 -0.916205 -0.792948 -0.427879 -0.099319 1.024089 -0.965240 -0.007126 -0.302986 1.670984 0.601643 -0.068936 -0.238287 0.439561
5 -0.032234 0.244533 0.137412 0.191756 0.709861 -0.126210 -0.316694 -0.242126 -0.190488 -0.396687 -0.171984 0.126739 -0.217139 0.283261
14 -0.501151 -0.499816 -0.263362 0.145144 0.473285 -0.009844 -0.257958 0.285025 -1.920630 -0.019551 0.593592 0.002760 -0.327168 2.299672
14 -1.369451 -1.152895 0.555998 -1.097977 0.488471 -0.328077 1.482390 1.261936 -1.105415 0.075833 -0.134076 0.314458 -1.048261 2.057067
4 1.197122 -0.267455 -0.675647 1.504688 -0.390358 -0.199754 -0.145125 -0.247408 0.088098 -0.214064 -0.155864 -0.233729 -0.050615 -0.209888
13 0.792065 -1.077513 -0.292318 -0.914531 -0.649994 0.524306 -1.297437 1.570049 -1.000799 2.078174 -1.044677 -1.174776 2.106909 0.380543
4 -6.808823 -6.739014 -6.568513 87.509034 -8.263668 -6.724969 -6.396520 -5.843168 -5.497971 -7.228456 -6.433711 -6.191410 -8.013138 -6.799671
4 -7.259481 -6.595422 -6.794807 88.703096 -7.669344 -7.491067 -6.661923 -6.464712 -6.407615 -6.597796 -6.219373 -7.147616 -6.454701 -6.939235
1 2.814961 -0.760261 0.024045 -0.314914 -0.425652 0.406915 -0.608743 0.460524 -0.441837 -0.488654 -0.866523 0.407350 -0.591145 0.383934
12 0.186527 -0.255840 0.087085 -0.954691 -1.669807 -0.451862 0.104900 0.805517 -0.801102 0.452567 -0.544463 4.660766 -0.813165 -0.806433
1 20.259586 -0.495878 0.349422 -1.765420 -5.356576 -0.228308 -2.336708 -2.576785 -0.844608 -0.755307 -1.551133 -0.551823 -2.773967 -1.372494
14 0.235153 -0.944365 -0.137532 1.184651 -0.979770 -1.157162 -0.798804 -1.943845 0.443818 -0.717902 -0.706253 -0.476329 0.246439 5.751903
10 0.253302 0.016908 0.458484 -0.286750 -0.133028 -0.861715 0.004128 -1.008411 0.328303 1.007341 0.940274 0.042628 -1.734592 0.973128
4 -2.658302 -2.556637 -1.545932 23.253925 -2.431368 -2.761463 -0.389666 -1.361730 -1.453307 -1.611098 -2.049894 -1.374335 -2.404525 -0.655668
5 -5.409675 -5.622466 -4.168712 -2.613954 56.713431 -5.777373 -3.787840 -4.648616 -3.895383 -4.318690 -4.300823 -3.994870 -2.881000 -5.294028
4 -6.525039 -7.293097 -6.534668 89.223411 -7.136772 -7.567407 -7.281870 -6.632406 -7.328816 -6.439779 -6.594260 -6.199217 -7.502473 -6.187605
14 1.136472 -0.982672 -0.948606 0.310842 -1.236261 1.740301 -0.425391 -0.700618 -0.762733 -0.944915 -0.497045 -5.302854 -0.382348 8.995828
9 -0.163444 0.000000 -0.105794 0.000000 0.000000 0.330530 0.000000 -0.124764 0.393759 -0.118353 0.000000 -0.148550 0.000000 -0.063384
10 -0.096883 -0.190900 -0.402967 -0.500098 0.096681 0.227694 0.175804 0.245298 -0.317024 0.276467 0.255477 -0.037429 0.224232 0.043648
4 -6.732326 -6.659281 -6.802922 88.197269 -7.737752 -6.008100 -5.921825 -6.469715 -7.135516 -6.799697 -6.651042 -6.279227 -7.363268 -7.636594
10 0.457613 -1.284353 -0.337029 -1.076635 -0.617340 -1.179764 -0.763976 -0.048986 -0.922769 5.928865 -1.157215 1.302393 -0.531461 0.230657
14 1.100980 -1.394466 -0.769439 -0.743819 0.044246 0.236706 -0.301759 -0.631123 -0.762097 2.014459 -0.656051 -0.775069 -1.063355 3.700784
6 -4.191340 -3.612405 -3.139534 -3.271823 -4.460094 46.501207 -3.457410 -4.448365 -2.351458 -2.911299 -3.583544 -3.083773 -3.016112 -4.974048
6 -0.153262 0.150512 -0.467191 -0.770171 0.011370 2.229047 -0.673590 -0.543330 -0.235794 -0.012266 -0.549622 -0.018740 1.031034 0.002004
11 -0.760898 0.283606 0.079344 0.560046 -0.783308 -0.338993 0.680217 -0.432996 -0.760764 0.165095 1.938897 -0.018409 -1.022607 0.410770
4 -7.641280 -7.042566 -6.699060 89.487710 -7.958718 -5.489042 -6.825241 -6.526189 -6.572169 -6.915716 -6.751602 -6.526890 -7.597984 -6.941251
10 -4.966277 -3.706882 -4.054460 -3.936208 -2.787604 -4.760516 -4.206538 -2.817095 -3.874090 48.176256 -3.341288 -3.345537 -2.169558 -4.210202
8 -1.474385 2.923565 -1.133928 -0.923690 -1.782269 -2.309285 -1.890560 12.587288 -1.518932 2.455101 -2.030614 -1.743427 -1.698658 -1.460207
8 -1.073140 -1.029032 -0.697740 -1.184774 -1.868415 -1.420801 -0.835745 16.491147 -0.854441 -1.599313 -1.728349 -1.202132 -1.469047 -1.528217
1 85.903862 -6.800555 -7.213987 -5.257115 -5.830832 -6.969713 -6.423706 -6.937225 -5.947521 -7.313427 -6.823798 -7.158296 -7.237228 -5.990456
4 -2.687738 -1.357208 -1.966387 21.663552 -2.479052 -2.673327 -2.578115 -1.460187 -1.871174 -1.677828 -1.448866 -1.288945 1.388096 -1.562821
5 -5.687406 -5.164867 -4.291799 -4.400800 46.067537 -6.388399 -5.101459 0.477070 -3.629061 -5.363275 -5.214364 -5.376287 9.133562 -5.060452
11 -5.199254 -5.683817 -5.199204 -4.493819 -4.266315 -5.781415 -4.437801 -5.573354 -6.256716 -4.517526 67.077003 -5.610535 -5.445649 -4.611596
3 -0.397852 0.126567 1.505174 0.437666 0.734135 -0.613982 -0.104541 -0.235629 -1.731697 -0.091470 0.432562 0.226554 -1.275709 0.988222
10 0.697855 -0.055131 -0.252539 -0.065196 -0.032417 -0.212426 -0.226697 0.330558 -0.205724 0.938962 -0.559090 -0.138727 -0.131091 -0.088336
5 0.608495 -1.424201 -3.521480 0.963675 4.044854 0.574787 -0.185102 3.343771 -0.089486 -1.145034 -0.731811 -2.160289 0.074977 -0.353155
5 0.327222 0.284544 -0.062844 0.710640 1.888556 -0.720954 -0.388771 1.255958 -0.778229 -1.057449 -1.002298 0.290055 0.022565 -0.768996
4 -0.178923 -1.429210 -0.603145 3.248588 2.463489 0.931506 -1.277720 -1.252633 -0.025938 0.006107 -0.588425 -0.874884 -0.824829 0.406017
1 2.072444 0.460718 -0.374973 0.061559 -0.528942 -0.909771 0.327355 -0.526053 0.042586 0.210285 -0.421382 -0.088362 -0.083288 -0.242174
4 -8.007582 -7.411529 -6.712666 89.723208 -7.365904 -7.300386 -6.768783 -5.754804 -6.431436 -7.208546 -6.247820 -6.485993 -6.908906 -7.118851
4 -0.659057 0.468341 -0.049599 1.235113 -0.478086 0.428252 0.973494 -0.543618 -0.690236 -0.105419 0.145514 0.554987 -1.197748 -0.081938
13 -1.253226 -0.626812 -0.122909 0.138458 -1.122649 -0.090814 -0.859038 -1.263548 -0.491259 -1.133218 -1.492536 -1.511513 11.033697 -1.204632
1 9.908271 -1.844395 -1.612970 -0.838974 -0.092276 -1.694592 -0.735426 -0.279422 -0.336306 -0.748992 -0.547423 0.032816 -0.840144 -0.370168
6 -1.757508 -2.596103 -2.713105 -2.327124 -2.542253 27.749264 -2.276802 -2.069883 -1.148573 -2.095905 -1.971643 -2.271735 -2.546875 -1.431754
3 -0.592857 -0.687658 4.676084 -0.885192 -0.747424 -0.910669 -0.605470 -1.070964 -0.479353 1.242502 -0.504459 1.691991 -0.454297 -0.672235
5 -4.006528 14.052613 -8.659409 -3.909966 46.085116 -6.581543 -4.361978 0.197421 -5.782706 -6.087306 -6.015530 -7.352649 -2.442232 -5.135302
8 -1.931857 -0.458805 -1.324179 -0.800357 -1.061226 -1.017883 -2.618754 17.852002 -1.715320 -1.679885 -2.070121 -0.839582 -1.580212 -0.753822
14 -0.231413 0.110851 0.011607 -0.429361 0.703239 -0.630879 0.097164 -0.090218 -0.307886 0.014817 -0.012170 -0.223304 -0.016402 1.003955
11 0.391638 0.178153 -0.500594 0.275525 -1.245099 -0.251649 -0.270186 0.629805 -0.399228 0.897323 2.238226 -0.233099 -0.892848 -0.817966
6 -1.007696 -1.962161 -1.742063 -1.274901 -1.115890 19.357672 -2.269627 -1.835430 -0.829509 -1.811109 -2.461138 -0.201489 -1.705546 -1.141113
14 -1.311704 -0.905000 0.674001 0.512729 -0.058450 -1.154470 -0.897563 -0.193434 -0.179691 -0.273612 -0.440833 1.342343 1.193052 1.692632
3 -0.844058 -0.677150 9.060652 -1.050625 -0.387838 -0.961582 -0.513292 -0.656537 -0.885467 0.080848 -0.830166 -0.578178 -0.844644 -0.911964
9 -0.123042 -0.057907 -0.149021 -0.285089 -0.159713 -0.129120 0.223411 -0.019837 0.639808 -0.029446 -0.106788 0.328485 -0.008127 -0.123614
14 -0.363694 -1.197329 -1.745039 -1.062940 -1.107467 -0.946147 -1.185975 -0.965082 1.130285 -1.384576 -1.317334 2.611635 -0.822792 8.356455
2 -0.053517 3.172932 -0.198518 -0.741787 -0.262171 0.722475 -1.134901 -0.343830 -1.609813 -0.294195 -0.139517 0.455483 0.056069 0.371291
11 -2.446618 -4.027501 -3.038327 -2.552187 -3.028294 -2.896934 -3.452691 -3.276545 -2.217951 -2.576164 37.821087 -2.579182 -2.694283 -3.034409
13 -0.369884 0.300812 0.049898 -0.213663 -0.248612 -0.376266 -0.308635 -0.726227 -0.583978 0.278429 -0.516995 -0.392528 2.970137 0.137512
9 -0.399519 0.163442 -0.524045 0.152168 -0.155292 -0.963681 -0.043470 -0.684959 1.957313 -0.781086 -0.140901 0.596474 -0.092516 0.916073
1 94.675926 -7.093997 -6.881080 -6.995134 -7.643819 -7.392195 -8.747762 -7.043601 -7.202408 -6.378695 -7.209342 -6.460621 -7.059578 -8.567697
12 -0.530318 0.011869 0.130105 -0.299864 -0.182076 -0.403190 0.681123 0.007222 0.041467 -0.316474 -0.165902 1.121421 0.161529 -0.256914
12 -0.854416 0.158381 -0.668432 0.956786 -0.743493 -1.202933 -0.467629 0.117813 -1.664211 0.312718 0.720986 1.904336 1.574188 -0.144095
3 -0.198627 -1.785100 4.945010 -1.598483 0.464904 -0.786767 -0.299344 0.624305 -0.986266 -1.330408 -0.706456 0.299150 0.718279 0.639805
1 84.436934 -6.125862 -5.433598 -6.284000 -7.396192 -7.255651 -6.027937 -5.746360 -5.707827 -6.265157 -6.179809 -6.719500 -7.764926 -7.530114
1 50.196772 -4.281847 -4.054094 -3.954483 -3.114542 -3.810096 -4.580322 -3.279899 -3.440660 -2.442859 -4.139409 -3.923446 -4.830803 -4.344315
2 -1.264899 5.539481 -0.446245 0.036163 0.410833 -0.696746 -0.761783 -1.121411 -1.035919 1.531468 -1.491550 -0.213306 -0.331008 -0.155080
6 -2.826787 -1.843791 -1.909999 -2.593154 -1.168333 31.653503 -3.419667 -3.327236 -2.626495 -2.429187 -2.769629 -2.831440 -0.726418 -3.181366
5 -1.695168 -1.184988 -0.454222 -0.880555 10.388080 -2.386720 -0.086426 0.351601 -2.103133 0.238537 -1.236925 -1.190994 -1.048324 1.289239
6 -0.496582 -0.975481 -1.294952 -1.945316 -2.216983 17.455450 -1.602164 0.189717 -0.681569 -1.154630 -2.034143 -2.138791 -2.149322 -0.955233
3 -0.040028 -0.357137 1.308037 -0.382223 -0.548539 -0.404204 -0.322900 -0.718625 0.505879 -0.151557 -0.145042 0.909595 0.068353 0.278393
14 0.762808 0.990222 -0.435411 -0.718373 -1.171007 -0.008620 0.321270 0.380146 0.133248 -0.140839 -0.231960 -0.569434 -0.311924 0.999873
3 -4.131806 -4.289257 44.635209 -4.059401 -3.950273 -2.123625 -4.005431 -0.959237 -2.407755 -2.319853 -3.931782 -4.145157 -4.859140 -3.452490
4 -0.360355 -0.165371 0.784516 0.785804 0.226141 -0.247639 -0.126051 -0.360440 -1.181018 0.521409 0.135791 0.169163 -0.885459 0.703508
6 0.028361 -0.297036 0.305470 0.531241 -0.738853 1.377769 -0.142733 -0.284256 -0.062391 -0.369884 -0.121083 -0.350261 0.280639 -0.156985
3 -1.517755 0.208333 6.233338 0.055539 -0.310859 0.528695 -0.395137 -0.702532 -1.935997 -0.444180 -0.351204 -1.003358 -0.118565 -0.246320
10 -3.176167 -1.086022 -2.258490 -2.115582 -2.099763 -2.039821 -1.712256 -2.002664 -3.093744 28.714339 -1.016279 -2.884718 -3.042940 -2.185892
10 -2.105793 0.397020 -0.202947 0.172191 0.029479 -1.853785 0.005065 -1.703028 -3.583499 5.453797 1.322103 0.634969 0.660367 0.774060
7 -7.441214 -8.182980 -7.199040 -7.367278 -7.937948 -7.345376 101.053509 -7.873735 -6.977134 -7.352269 -10.329604 -7.432155 -7.626274 -7.988505
12 -0.951400 -0.572755 -0.901786 0.274940 -0.635852 -0.281528 0.372879 0.236090 -0.546110 -0.999817 1.482452 2.589394 -0.811155 0.744650
12 -1.945383 -0.213245 -0.008047 -0.162725 -1.212443 -0.565507 0.038296 -1.839072 -2.001906 -0.756175 -0.402271 12.085859 -2.777073 -0.240308
14 -0.635113 0.328247 0.197148 0.572468 0.335539 -0.141788 -0.023160 -0.265962 -1.077997 0.232160 0.340815 0.325113 -0.760161 0.572693
11 -6.293724 -6.579847 -6.721057 -5.842536 -4.898986 -5.947971 -6.249528 -6.294257 -5.216239 -6.343965 77.451748 -5.133202 -6.258887 -5.671548
11 -9.422267 -9.791654 -8.839793 -8.690401 -7.806321 -9.010520 -8.343732 -9.258434 -10.693678 -10.542105 119.467201 -9.650419 -8.981356 -8.436521
13 -0.724073 -0.098867 -0.021791 -0.535762 -0.097385 -1.195993 0.202921 0.527592 -1.062669 0.794008 0.296568 0.405409 0.990158 0.519885
3 -3.838877 -3.901388 40.986942 -3.807231 -2.943438 -1.973532 -3.635220 -0.634124 -2.086098 -1.838844 -4.256049 -3.973372 -4.489516 -3.609252
11 0.012852 0.944142 -0.197501 -0.114639 -1.569692 -1.344626 -0.271618 -0.198393 -0.365342 0.064396 2.772221 -0.228068 0.401680 0.094588
14 -0.665244 -0.708219 0.190400 -0.665463 2.171456 -0.431140 -0.125168 -1.068026 -2.678711 -0.641779 -0.437210 0.373822 1.470476 3.214806
11 -1.094042 -0.859645 -0.282015 0.259122 0.663375 0.364291 -0.233532 -0.430721 -1.193192 0.668917 3.117275 0.273181 -1.415346 0.162332
11 -0.051161 -0.237667 -0.770888 -0.268823 -0.675003 -0.044613 0.941484 0.563755 -0.433657 -0.516199 1.200480 -0.369441 -0.003797 0.665528
4 -0.257244 1.200888 0.073062 1.749464 -0.376613 -0.090420 0.231384 -0.696066 -1.023588 0.017239 0.042162 0.020635 -0.722779 -0.168123
9 -0.333789 -0.195730 -0.078920 -0.092919 0.601347 -0.384363 -0.210405 -0.361939 0.801045 0.735763 -0.326410 0.630041 -0.186863 -0.596858
11 -10.544471 29.477445 -11.359362 -9.875886 -7.661141 -11.389232 -4.115565 -8.070218 -10.606730 -9.086185 81.277027 -11.013429 -7.795759 -9.236491
10 -1.271222 -1.424202 -1.322241 -1.498360 -0.811557 -0.859969 -0.733430 -2.278492 -1.880913 16.450088 -1.797267 -0.991389 -0.172258 -1.408788
11 -6.043122 -7.011598 -6.924168 -6.213446 -4.131364 -6.474905 -4.580045 -5.842935 -8.102169 -6.441500 80.646951 -7.563499 -4.366291 -6.951906
11 -0.963052 -0.713040 -0.501754 -0.754074 -0.488204 -1.126477 -0.910719 -0.846773 -1.448996 -0.830500 12.107596 -1.207555 -1.375238 -0.941215
6 -2.786131 -2.547087 -3.343085 -1.561941 -2.805517 37.334149 -2.925058 -2.859100 -2.767023 -2.913644 -3.326782 -3.079158 -2.864865 -3.554759
13 0.207643 -0.737182 -0.876134 -1.096539 0.340958 -0.230388 -0.035248 -0.850786 -0.276536 -1.110892 -0.621449 -0.373553 6.515030 -0.854923
5 -4.437742 14.799672 -8.662362 -3.208847 46.469447 -6.053739 -4.711180 -0.745509 -5.657055 -6.027031 -5.558331 -8.054405 -2.826744 -5.326173
2 -0.584413 1.743227 0.226941 0.086409 -0.535655 -0.310894 0.654969 0.268866 -0.551934 -0.427056 -0.341044 -0.445530 -0.193583 0.409697
2 -0.254940 2.714817 -0.309150 0.256698 -0.194831 -1.537408 -0.430422 -0.340037 -1.068568 0.282598 0.886344 0.213446 -1.604452 1.385905
14 -0.895326 -0.735301 -1.429221 -1.558655 -0.847245 -1.378281 -1.520971 -0.941163 -2.728294 -3.536248 6.585422 -2.178005 -0.313393 11.476681
12 -0.202799 -0.396169 -0.213770 0.881141 0.660277 -0.598169 -0.026866 -0.493750 -1.875791 0.327127 0.318864 0.999547 -0.166612 0.786970
8 -5.020698 4.241161 -0.856995 0.712262 -0.972779 -0.608223 -0.974116 9.545359 -2.628453 1.353461 -1.273541 -0.832950 -2.445004 -0.239482
5 -0.777426 -1.343266 2.573078 -1.416044 9.945333 -0.992297 -1.485781 -0.699785 -0.365475 0.460454 -2.023701 0.161412 -2.315533 -1.720970
9 0.161585 0.068062 -0.939834 -1.365122 0.022549 -0.609693 -0.303427 1.329800 2.017729 -0.484693 0.595360 0.382136 0.092518 -0.966970
13 -2.128452 0.082707 -0.767754 0.089019 -1.063389 -0.814939 -1.163875 -1.302546 -1.555745 1.146556 -0.442067 0.440960 6.150382 1.329141
13 -0.876940 0.941534 0.112386 -0.551949 2.031984 -1.671340 -0.414723 -2.074443 -0.604994 -0.962493 -0.023486 -0.027350 4.241207 -0.119394
2 -1.877466 20.622300 -1.298041 -1.228290 -1.288310 -1.724125 -1.273794 -1.595519 -2.384943 -1.408574 -1.935017 -1.403194 -1.912775 -1.292251
13 -0.947031 -0.763976 -1.049225 -0.104682 -1.676409 -0.982415 -1.091360 -0.805724 -1.123165 0.171451 -0.552677 -1.257372 11.785801 -1.603216
14 -2.582648 -2.518024 -2.793303 -3.331079 -3.095955 -1.943629 2.441127 -2.875445 -2.423923 -3.095787 -2.815678 -3.133234 -1.822989 29.990569
9 0.116752 -0.424478 -0.222232 0.543896 -0.504087 -0.471480 -0.243651 0.466665 1.257973 -0.277818 -0.317294 -0.331725 0.103231 0.304248
3 -1.692322 1.211953 11.113261 -0.242168 -1.607353 -1.352018 -0.954151 -0.999961 -1.877231 0.029409 0.456475 -0.578340 -2.638248 -0.869307
12 -0.905117 -0.387477 0.079584 1.494902 -0.399159 0.121586 -0.124394 -0.827197 -0.303837 -0.208592 -0.776892 2.081461 0.605920 -0.450788
6 1.251366 -2.629614 -2.420926 -1.870878 -2.616202 21.172119 -0.843019 -0.745663 -2.554453 -3.077099 -0.588330 -1.406576 -2.048168 -1.622557
6 0.360027 -0.509235 -0.505910 0.324123 -1.413917 3.087588 -0.746574 0.272907 -0.775468 -0.561981 -0.016623 -0.627539 1.188877 -0.076276
3 -0.931414 -0.845263 5.862986 -0.718504 -0.811189 -0.134325 -0.569976 0.828258 -1.908053 -1.031386 -0.660165 3.507960 -1.479364 -1.109565
1 9.237938 -1.022411 -0.358425 -1.029954 -0.950805 -0.817230 -0.610623 -0.131346 0.462424 -1.196491 -1.032888 -0.643862 -1.166746 -0.739581
2 -0.199305 0.988102 -0.522737 0.062849 -0.059214 0.322189 -0.086695 -0.051281 -0.094550 -0.045999 0.163464 -0.247952 -0.088473 -0.140399
2 0.158519 1.890327 0.200706 -0.505427 -0.579398 0.246102 -0.204518 -0.451680 0.637699 0.308103 -0.542042 -0.440160 -0.325544 -0.392687
9 2.090388 -1.013128 -1.752512 -0.455167 -0.896226 1.118947 -0.346310 -0.150782 2.935318 0.070080 -0.494223 -0.805832 0.398190 -0.698743
6 -2.078884 -3.192515 -2.456235 -2.225489 -1.948233 34.162380 -4.322888 -1.931948 -3.147550 -2.787044 -2.533664 -2.750431 -2.125050 -2.662447
3 -2.094049 -1.302551 16.573172 -0.310923 -1.132187 -0.798393 -1.407155 -3.342687 -1.517031 -1.415798 -0.863905 1.371281 -3.489018 -0.270756
6 -0.248657 -0.117828 -0.647059 0.526349 -0.983015 2.362166 -0.147027 -0.644288 -2.525424 2.028837 -0.679833 0.596921 -0.740470 1.219328
1 84.002722 -5.848272 -6.648066 -6.470158 -6.440971 -6.541058 -6.005948 -6.392337 -5.734761 -5.763857 -6.707012 -6.625196 -8.036625 -6.788458
14 -3.068226 0.082160 -0.959245 -0.854377 -1.204258 -3.305607 0.761817 -0.763563 1.185685 -0.393393 -0.417386 -0.851654 2.314962 7.473086
10 -0.916115 0.853669 -0.866806 0.666887 0.686771 -1.116761 -0.595643 -0.193958 -0.608106 1.515247 0.290124 -0.127243 0.540152 -0.128217
11 -0.692007 0.292618 0.047041 0.392322 0.058546 0.111499 -0.027455 -0.265962 -0.822728 0.503372 0.599732 0.168736 -0.849118 0.483402
12 0.342420 -1.390005 -1.419283 -1.102391 -1.748326 -1.791983 -1.309384 -2.648616 -2.661886 -1.762271 -1.724599 20.943933 -1.820756 -1.906853
1 42.970382 -5.277718 -5.105535 -4.584679 0.441128 -6.876283 -2.391320 -4.496025 5.724820 -4.150647 -1.966121 -5.223204 -5.797949 -3.266852
13 0.400681 0.231109 -0.347914 0.018642 -0.834558 -0.805632 0.175945 0.394253 -0.342136 0.000297 -0.253977 0.617719 1.204653 -0.459082
13 0.819356 -1.181733 -0.961066 -1.106192 -1.291875 -0.103115 2.603305 -0.687225 0.836356 -0.633725 -0.178242 -1.673802 4.325508 -0.767551
14 -1.940729 0.589033 -1.475609 0.152777 -0.106887 -0.815622 -1.548670 -1.373398 -2.683885 1.207992 -0.038278 1.419988 -1.676181 8.289467
9 -2.014124 -0.503953 -0.408290 -0.791800 -0.602441 -1.733899 -0.501099 -0.971815 12.634174 -0.715940 -1.120519 -1.181978 -1.936779 -0.151536
3 -4.389607 -4.845646 60.493097 -4.698832 -4.800130 -4.531291 -4.514092 -4.069114 -4.412376 -4.675270 -4.635308 -4.638694 -5.442537 -4.840199
7 -7.285239 -5.925005 -6.575861 -7.939425 -8.764533 -5.961617 85.600773 -5.918914 -5.384904 -6.470755 -7.259725 -6.444707 -5.879103 -5.790989
11 -1.742700 -1.141756 -0.466198 -0.690372 0.161196 0.548594 0.243249 0.557357 -2.455599 -0.613533 5.441026 -1.262285 -0.155606 1.576627
8 -0.602714 1.245906 -0.834202 -2.549856 -2.118182 -2.042322 -1.824027 18.618806 -1.533084 -0.395995 -2.338179 -1.802486 -2.544417 -1.279247
9 -1.683504 -1.568612 -0.667635 -0.658910 -0.548016 -1.877097 -0.251338 -1.485817 12.262091 -0.966244 -0.988489 -1.916970 -0.144967 0.495508
12 -0.122520 -0.647439 -1.580119 -0.277455 -1.558141 -1.245548 1.446915 -0.699240 1.837884 -0.235616 -0.319982 3.815459 -0.169026 -0.245173
6 -4.219234 -4.452234 -4.326317 -3.664585 -4.152419 56.650494 -4.402789 -4.653939 -4.224463 -3.919376 -5.298172 -3.891299 -5.196887 -4.248778
1 10.315049 0.173094 -0.778207 -0.611024 -1.669203 -1.462716 -0.623084 -1.472827 -1.989417 -1.484359 -0.634021 2.952937 -1.140314 -1.575906
1 2.709892 0.403914 -0.085670 -0.613310 0.606731 -0.365421 -0.695847 -0.905954 1.209564 -0.875269 0.029364 -0.870872 -0.267443 -0.279680
9 -0.868521 -1.164622 -3.242954 -2.291281 -1.269720 -1.267217 -1.115574 -0.897552 20.539758 -0.125111 -2.202383 -1.916223 -2.666580 -1.512021
5 -1.117798 0.525491 -0.667018 -0.698276 8.332993 1.074884 -0.563557 -1.769367 -0.514277 -0.631651 -2.284314 -1.097960 0.934436 -1.523587
5 0.679330 -2.020152 -3.541118 -0.502424 10.172433 -1.540619 -0.511536 1.800633 -0.429601 -1.281891 -1.975776 -2.029311 1.225926 -0.045894
6 -0.979088 0.204012 -0.357572 0.568859 0.835002 1.301563 -0.132768 -0.372060 -1.381538 0.064974 0.679350 0.376358 -1.322322 0.515228
1 58.463238 -4.564551 -4.988698 -5.525292 -1.425752 -5.282250 -4.825801 -3.906387 -4.166849 -5.401090 -5.196287 -5.474211 -2.233334 -5.472739
13 1.483973 0.504873 -0.423441 -0.897238 -0.869192 1.366683 -1.272555 -2.017549 1.916710 -0.883947 -1.652025 -1.091701 3.134062 0.701347
12 0.532861 -1.324189 -1.468775 0.013698 -0.974884 3.161234 -0.728856 -1.388987 -1.856248 -1.653128 -0.796543 6.723089 -0.143255 -0.096017
1 3.759045 0.084700 -1.335042 -0.301963 -1.599519 1.952804 -0.285168 -2.632289 -0.274172 -0.674622 -1.105238 -0.676654 2.918954 0.169166
1 93.280653 -6.735165 -6.971773 -6.448260 -7.726346 -6.563133 -7.276062 -7.269852 -5.796242 -6.859152 -6.818276 -7.353129 -9.554825 -7.908436
1 47.911102 -3.716015 -3.872935 -3.848061 -3.766649 -3.782840 -3.792610 -3.429801 -4.224932 -3.776003 -3.594652 -3.493210 -3.794309 -2.819089
1 54.279299 -4.137569 -4.034206 -3.976238 -3.756599 -4.668283 -3.853085 -4.084898 -4.229457 -4.486687 -3.980205 -4.148875 -3.990990 -4.932209
1 88.882142 -8.542212 -6.687350 -8.314063 -8.189723 -7.299546 -6.753643 -6.681515 -6.744271 -7.207939 -7.270064 -6.991198 -2.205842 -5.994781
1 95.355020 -6.114968 -6.785019 -7.687390 -8.337891 -7.252791 -7.338699 -7.455552 -6.534712 -6.499683 -6.915123 -6.198251 -10.197507 -8.037434
1 84.431594 -6.701142 -6.034896 -6.789052 -6.284659 -6.860410 -6.466590 -6.574517 -6.263389 -6.434815 -6.299567 -6.431226 -6.814674 -6.476654
1 86.629508 -6.227871 -6.239987 -6.804132 -7.114228 -7.376353 -6.967680 -6.085511 -6.062535 -6.588546 -7.259968 -6.727974 -6.628477 -6.546243
1 85.838955 -7.504738 -7.025366 -6.162118 -5.269183 -7.142570 -6.850646 -7.226203 -5.980973 -6.616626 -5.792190 -7.453158 -5.640838 -7.174344
1 84.911101 -6.747703 -6.652988 -6.622827 -6.264847 -5.683537 -6.502569 -6.353269 -6.986439 -6.659619 -6.339161 -6.674223 -7.420985 -6.002934
1 67.828490 -4.160426 -5.072348 -5.301503 -5.608176 -7.017323 -5.509695 -5.125756 -5.900660 -5.645548 -4.301990 -5.504817 -2.902904 -5.777347
1 11.752126 -1.252984 -0.858661 -0.992611 -0.661312 -0.987472 -0.854377 -0.840382 -0.812234 -0.982471 -0.709358 -1.099550 -1.524025 -0.176687
1 1.683855 -0.003013 0.108347 0.314706 0.088300 -0.323763 -0.213090 -0.373243 -1.581594 0.168291 0.316797 -0.005730 -0.488992 0.309129
1 58.757995 -4.859609 -3.942399 -3.457466 -4.586410 -5.695084 -4.846024 -4.613073 -4.241632 -3.923432 -4.566463 -5.226269 -3.863075 -4.937060
5 0.574856 0.253005 0.017488 -0.098306 0.629999 -0.082268 -0.229733 0.054242 -0.429710 -0.354587 -0.440909 -0.745140 0.342629 0.508435
1 86.264485 -6.989776 -6.866150 -6.689557 -5.424946 -6.883237 -6.701492 -6.668648 -5.004224 -6.960014 -6.392023 -6.707999 -7.878998 -7.097418
1 12.754888 -0.952509 -1.424902 -1.454874 -0.700097 -1.021320 -0.715951 -0.996928 0.302951 -0.997257 -0.942664 -1.096916 -1.395021 -1.359399
1 48.292793 -4.186814 -2.884277 -2.142865 -3.332692 -5.096124 -3.932498 -3.752738 -4.966209 -3.716971 -3.045018 -2.593263 -5.412744 -3.230582
1 83.880927 -5.096148 -6.248032 -7.102717 -6.779875 -5.945092 -6.459484 -6.338533 -8.139375 -6.861393 -4.979482 -6.798317 -4.935449 -8.197027
1 2.899003 -0.606788 -0.300242 -0.209153 -0.690384 -0.382794 -0.237116 -0.317203 -0.147367 -0.577256 -0.406858 0.047432 0.526471 0.402253
7 -0.582997 0.362129 0.346718 -0.370969 -0.090632 0.487206 0.796270 -0.785555 0.607279 0.477433 -0.418743 0.411644 -0.250332 -0.989450
10 -2.041695 -0.247468 -0.670669 -0.580261 -1.372960 -0.597134 0.877812 -0.918102 -3.886729 14.040471 0.058240 -0.519996 -3.347577 -0.793932
3 0.880732 -0.971644 1.376396 0.114207 -0.503032 -1.225258 -1.200475 -1.015285 0.840860 0.217419 -0.143727 0.419427 1.165161 0.045218
7 -0.431058 0.475684 -0.211248 -0.579111 -1.205592 -0.850355 2.366908 1.197662 1.872164 0.038044 -0.832588 -0.093595 -2.131445 0.384530
12 -0.134329 -0.422135 0.488219 -0.897382 -0.709090 -0.899486 -0.151352 1.348950 -0.289842 -0.284497 0.201761 1.461398 0.337102 -0.049317
10 -0.914986 -0.721551 -0.764894 -0.947152 -0.693188 -1.027816 -0.654780 0.575587 -2.173623 9.645090 -0.543334 -0.240700 0.134541 -1.673193
10 -0.252396 -0.411947 -0.099950 0.086553 -0.212572 -0.211343 0.197001 -0.192908 -0.049070 2.704337 -0.225975 -0.397707 -0.376730 -0.557292
10 -5.015489 -5.596739 -4.057688 -4.659685 -4.880153 -4.883324 -5.953897 -3.995674 -5.362157 63.165638 -4.932022 -5.234672 -4.212935 -4.381201
11 0.054574 -0.486564 -2.265361 -1.026038 -1.315670 2.017289 -1.223672 -0.922572 -1.698859 -1.699445 5.760676 -1.849703 1.493690 3.161655
13 -1.295295 -0.937415 0.199228 -0.280648 0.227558 -0.302319 0.142961 -0.759186 -1.008234 1.092993 -0.349748 -0.286866 3.442810 0.114160
10 -3.392585 -2.148300 -2.448533 -2.090884 -2.113804 -3.463925 -2.003638 -3.092552 -3.319192 34.439477 -1.529251 -3.056923 -3.159752 -2.620139
11 -0.158460 -3.037854 -0.882990 -0.597310 1.208705 -0.432323 -0.466120 1.725977 -1.264195 0.562305 2.262488 0.129403 1.300712 -0.350337
13 -0.180249 -0.052402 1.304893 -0.760095 0.291881 -1.525369 0.014856 -0.512604 -0.917690 -0.031611 0.872808 -0.064397 1.999696 -0.439718
10 -0.924046 0.084542 0.716364 -0.218991 -0.505493 -1.577787 -0.477098 -0.569944 -1.093645 6.699831 -0.719361 -0.366427 -0.412856 -0.635090
9 -0.124429 -0.415050 -1.437078 -0.230467 -0.463716 0.075116 0.456283 0.383941 2.267108 -1.253054 1.086392 -0.778349 -0.170338 0.603640
10 -3.706433 -4.409420 -4.476872 -4.746319 -3.417748 -4.313262 -3.246735 -2.578809 -3.647002 49.367866 -3.770146 -4.680481 -2.802692 -3.571948
10 -0.428201 -0.529086 -0.449880 0.592464 0.525350 -0.155867 -0.430405 -0.188269 -1.030865 4.132587 -1.160015 0.445633 -1.204277 -0.119169
10 -2.809100 -2.048666 -0.462272 0.559630 -0.747359 -2.298743 -2.319091 -2.535236 -2.414440 26.113866 -1.600997 -3.904795 -3.732631 -1.800164
2 1.180133 3.330472 -0.853047 0.243957 -1.003732 -0.887976 0.084448 0.120985 0.447578 -0.298459 -1.126990 -0.909131 1.021246 -1.349484
11 0.331011 0.407356 -0.099374 0.082915 0.151466 -0.052785 0.103151 -0.403711 -0.992952 0.700646 0.802355 0.452360 -1.375462 -0.106976
2 -0.598126 1.647411 -0.287832 -0.414537 0.248426 0.551304 0.411414 -0.321112 -0.078732 0.220572 -0.092083 0.039823 -0.307101 -1.019428
2 -1.106151 15.890686 -0.749727 -1.635029 -1.124152 -2.168943 -1.114816 1.237455 -1.385941 -1.589884 -2.046711 -1.180989 -2.198713 -0.827087
2 -0.568357 4.418606 0.165154 -0.930681 -1.549684 0.408342 -0.156265 -0.816463 -0.372473 0.440408 0.033771 0.408362 -0.964197 -0.516523
1 0.000000 0.000000 0.000000 0.000000 0.000000 0.000000 0.000000 0.000000 0.000000 0.000000 0.000000 0.000000 0.000000 0.000000
2 -3.856216 50.998225 -3.409652 -3.563365 -2.775763 -3.148635 -3.645013 -3.471970 -3.908937 -4.129215 -5.199881 -3.550436 -6.081351 -4.257789
2 -1.667856 16.982477 -1.026713 -1.463983 -0.510872 -2.710012 -1.203271 0.543650 -2.237012 -1.614143 -1.676236 -0.542843 -2.037160 -0.836027
2 -0.631320 3.595164 -0.636949 -0.016191 -0.487990 -0.855444 -0.425246 -1.278158 -0.564022 -0.621580 2.832198 -0.134453 -0.791218 0.015209
14 -1.508770 1.178580 0.404540 1.115804 0.218508 -1.002067 0.213169 -0.667132 -1.567297 0.388953 0.416242 0.655642 -1.222280 1.376108
2 -3.079134 40.924119 -2.679510 -3.311356 -2.556643 -2.468788 -3.759886 -3.560214 -2.985817 -2.802645 -2.992843 -3.183700 -4.048334 -3.495250
2 0.334073 2.020098 -1.323270 -0.572600 -0.574894 0.903763 1.498229 0.319599 -1.124788 -0.345519 0.662231 -1.213793 -0.692732 0.109604
2 -0.178733 16.025738 -1.813776 -1.818429 -1.005887 -1.702486 -1.286016 1.083453 -1.487440 -1.344035 -2.117355 -0.548070 -2.183184 -1.623780
14 0.016206 -0.144618 -0.453471 0.226017 -0.073057 0.015572 -0.066066 0.500352 -0.080664 -0.265224 0.274568 0.108431 -0.861953 0.803908
2 0.737399 7.104053 -0.954941 0.390389 1.154936 -0.618890 -1.580152 -2.125765 -1.508062 -1.764457 -1.120244 0.612194 0.681183 -1.007643
2 0.360922 5.468656 -0.625456 0.400992 -1.940818 -0.539897 0.289629 -1.044562 -0.681215 0.267770 0.574472 -1.517066 -0.640197 -0.373231
2 -2.842772 41.233622 -3.211401 -2.774642 -3.556156 -2.635334 -3.586996 -4.071043 -2.066202 -2.722582 -3.445869 -3.230000 -4.191897 -2.898729
2 0.828790 3.237036 -0.270976 0.099797 0.847248 -0.017975 -1.587533 0.306297 -1.143526 -1.087324 -0.488233 0.519602 -0.781237 -0.461965
2 -2.259728 8.249449 -0.572247 -0.777235 2.019299 -1.144047 -0.895081 -1.570349 -1.408616 -0.504552 0.707567 -1.030087 -0.310058 -0.504314
8 0.697196 -0.759543 -0.747765 -0.172435 -1.569050 1.574759 0.569415 1.806947 -0.714245 -0.642654 -0.050900 -1.690007 0.665163 1.033119
5 -0.964223 0.929623 -0.792423 -1.537315 2.049861 1.971990 -0.173838 0.828163 -0.475958 -1.298942 0.262813 -0.876821 1.388917 -1.311846
7 0.347596 -0.994883 -1.510789 -0.144705 -0.279192 3.178983 4.203928 -0.131986 -1.567556 -1.311614 -1.053619 -0.044382 -0.153396 -0.538385
5 -0.303848 0.931650 0.397804 -0.285671 3.660469 -0.888938 -0.602166 -1.136284 -0.812833 -1.043593 -0.082184 -0.151429 -0.237519 0.554544
5 -1.122706 -0.542225 -0.753474 -0.010645 9.116091 -0.212283 -0.503664 -1.251691 -0.834209 -0.333289 -0.407272 -0.911153 -1.256641 -0.976840
5 -0.678448 -0.864639 -0.133957 -1.052151 7.568853 -1.495445 -0.762011 -0.499922 -1.032947 -0.493893 -1.030688 -0.556417 0.638971 0.392693
5 -1.305579 -0.983531 1.386222 -1.329389 10.584248 -0.487504 -0.149103 -0.511430 -0.799513 -1.480560 -0.922087 -0.100787 -2.417714 -1.483273
6 -0.700518 0.765535 -1.400305 1.662543 -0.340205 3.265841 -1.493355 1.973449 -2.551931 -2.322305 -0.589267 1.794076 -1.062895 0.999337
5 -0.640211 -0.023913 0.127831 0.361829 1.848093 -0.485152 0.176855 -0.423470 -1.537041 -0.044393 -0.222502 0.205143 -1.158482 1.815412
5 0.152876 -3.332155 -1.127298 0.178382 7.718858 0.515921 -0.712953 1.224362 -1.553400 0.274623 -0.109026 -1.612479 -1.756994 0.139283
8 -0.405655 0.103056 -0.782994 -1.118886 0.466085 -1.202534 0.133158 4.145578 -0.157547 -0.590012 -0.872193 -1.102056 -1.254867 2.638868
1 1.177914 -0.523131 0.633939 0.343947 -1.813037 -0.033014 0.431191 0.192513 0.163413 -0.850172 0.678225 0.343962 -0.414248 -0.331503
2 -2.344758 4.475439 -0.773574 -1.026992 3.298201 0.935955 -0.992241 0.128764 0.476794 -0.500737 0.410411 -1.551450 -0.540397 -1.995415
5 -7.730529 -8.161056 -7.518941 -7.698101 93.823162 -8.690603 -7.282105 -7.671790 -6.284131 -7.290705 -5.389798 -5.494185 -7.019236 -7.591979
5 -1.505492 -1.120907 -0.174975 0.822811 9.086904 -0.773183 -0.431262 -1.220752 -0.780742 -0.844639 -1.714161 -1.736128 0.848303 -0.455777
5 -7.011390 -6.710244 -6.637090 -6.966969 85.110940 -5.954733 -5.786699 -6.753028 -6.283193 -6.392315 -6.001217 -6.729051 -6.968023 -6.916987
5 -1.234919 -0.950268 -1.199852 -1.049830 10.195736 -0.850306 -0.708696 -1.155574 -0.575348 -0.060599 -1.062422 -1.324314 0.991672 -1.015281
5 -6.070974 -7.107571 -7.314430 -6.591429 85.286599 -6.210032 -6.358321 -7.038604 -4.276805 -6.413800 -6.262326 -7.720217 -6.524160 -7.397930
5 -4.468955 -4.597769 -3.272093 -3.039438 46.419359 -3.480670 -3.459874 -3.546340 -4.246932 -3.248623 -2.926962 -3.508028 -3.981542 -2.642132
5 0.911596 -0.916297 -1.474889 -1.262639 9.403750 -0.520335 -0.319441 -1.462272 -1.350129 -1.045118 -1.294897 -0.958252 1.276339 -0.987417
5 -0.525799 -0.319611 -0.866912 0.271891 5.355534 0.689674 -0.577850 -0.704129 -1.363714 -0.102612 -0.229697 -0.018190 -0.902856 -0.705730
11 -0.348324 -0.499142 -0.258391 -0.054377 -0.357511 -0.183913 -0.273103 -0.176350 -0.183853 -0.261540 3.714909 -0.327010 -0.401572 -0.389823
11 -3.440908 -4.473888 -4.652442 -4.527172 -4.505875 -3.624369 -5.609829 -3.747396 -6.559707 -5.022033 59.382361 -4.277959 -5.087500 -3.853281
11 -0.277621 -1.121839 -1.321658 -0.841954 -0.168978 -0.520475 2.858973 -0.507224 -1.023584 -0.317798 3.017128 -0.119921 -0.256933 0.601885
11 -1.488287 -0.970361 -1.093336 -1.279898 -1.514234 -0.499071 -1.383349 -1.217372 -1.530879 -1.419852 17.057130 -1.385849 -1.177408 -2.097233
11 -0.360873 -0.277232 -1.310238 -0.685110 -1.033003 0.026574 0.381018 0.370627 -0.900832 -0.862664 5.146767 -0.591833 -0.158421 0.255219
11 -0.916403 -0.500892 -0.350240 0.296740 -0.838346 -0.206210 -0.191986 -0.761024 -1.461393 -0.265250 6.062074 -0.261624 -1.107916 0.502469
11 -0.022635 -1.239642 -0.673026 -0.962405 -0.196325 -1.016586 -1.008938 -0.470269 -0.437407 -1.260198 10.168257 -1.224672 -0.402479 -1.253675
1 1.894708 -0.382830 0.023331 0.014931 -0.649152 -0.257749 -0.378382 0.317938 -0.041304 -0.194452 0.808487 -0.449495 -0.146636 -0.559394
11 0.875155 -0.251511 -0.352575 -0.579120 -0.683597 0.105211 -0.328089 -0.280546 -0.851021 -0.574743 3.804364 0.102389 -0.353720 -0.632197
11 -6.975367 -7.982631 -7.032772 -5.889648 -6.626561 -6.967154 -6.550186 -7.373608 -6.976150 -6.579336 88.825994 -6.117943 -6.954134 -6.800502
11 -6.121162 -8.181326 -7.149768 -6.347613 -6.892893 -6.773665 -7.412129 -7.046097 -5.785607 -6.721239 88.560101 -6.694177 -6.131807 -7.302615
11 -3.790391 -5.918656 -2.952874 -3.264699 -3.191125 -2.305554 -4.476283 -3.431402 -2.468892 -2.990499 45.141204 -3.782394 -1.964451 -4.603981
11 -2.850046 -4.308271 -3.203927 -2.332341 -3.275640 -2.932988 -3.374568 -3.068420 -2.171632 -2.755135 38.084072 -2.204422 -2.500131 -3.106549
5 -0.074431 -1.292505 -0.453722 -0.414529 2.416624 -1.312640 -0.292947 -0.227228 -1.682288 1.546760 1.922708 1.523548 -1.372961 -0.286389
11 -1.397818 -1.161156 -1.465184 -1.967487 -1.044195 -1.126167 -1.502001 -1.466598 -1.843833 -1.262228 19.291338 -1.820123 -1.362128 -1.872421
11 -4.878336 -7.085840 -5.546490 -4.781504 -5.747224 -5.493408 -6.429709 -6.274144 -4.288871 -4.943222 71.271940 -5.039062 -4.966702 -5.797429
11 -3.956994 -5.972450 -3.971119 -4.095322 -5.658343 -5.480945 -4.547639 -5.427035 -4.535853 -3.724016 60.146876 -4.097125 -4.799465 -3.880569
11 -3.717596 -4.354583 -4.811337 -4.277952 -4.400910 -4.046166 -3.173326 -2.988588 -4.090097 -4.644643 52.010374 -4.549420 -3.395667 -3.560087
11 -2.548790 -1.184213 -2.390662 -2.006302 -3.993232 -2.358226 -2.920279 -1.246673 -2.773078 -3.672385 28.325889 -2.601857 -0.160419 -0.469773
9 0.000000 -0.041295 -0.060810 -0.052167 -0.005084 0.000000 0.276745 -0.091219 0.708717 -0.044535 -0.093641 -0.032339 -0.406072 -0.158301
11 -1.280880 -0.116266 -1.214167 -1.134938 -2.334573 -2.118584 -1.698109 -1.095901 -0.771543 -0.695274 17.191881 -1.321531 -1.787104 -1.623011
1 0.950121 0.785090 0.265044 -0.510826 -0.251849 0.325250 -0.670982 -0.571674 0.915831 -0.109489 -0.345909 0.355786 -0.941951 -0.194443
14 -0.446429 -0.022438 0.207358 1.638472 -0.569279 -0.451383 0.103837 -1.192182 -0.119204 -0.436220 -0.235457 0.543086 -1.087523 2.067362
9 -2.092072 -0.205799 -0.365226 0.748842 -1.145546 -2.287959 1.254802 -1.118760 11.888766 -0.245788 -1.740050 -1.569283 -1.549049 -1.572876
5 -0.421902 0.086958 -0.848508 0.402190 1.213823 -0.327087 -0.027483 -0.899619 -0.068321 -0.394874 0.794629 0.425456 -0.644374 0.709113
11 -0.367394 0.188472 -0.196013 0.276206 -0.484261 -0.347480 0.510091 0.169023 -1.702880 -0.234531 1.162174 0.979025 -1.113311 1.160880
7 -12.901792 -11.541310 -13.425199 58.692722 -1.410390 -13.678366 85.411224 -13.645175 -12.224940 -12.521377 -12.894840 -13.245962 -13.349991 -13.264604
14 0.170398 -0.454459 -0.442742 0.046119 -0.846723 -0.349483 -0.613351 0.118523 -0.429208 -0.317749 0.957157 0.206636 0.376769 1.578112
4 -0.616349 -0.229409 0.549169 3.244378 -0.829544 -0.525108 -0.245930 -0.272655 0.159300 -0.604497 -0.444913 -0.224515 -0.650613 0.690687
5 -0.878881 -1.754661 -1.632192 1.087150 10.781037 0.312611 -1.009122 -1.344368 0.321289 -0.602275 -1.731273 0.440007 -1.730848 -2.258474
6 -1.059800 -0.544949 -0.121182 0.466875 -0.789203 1.783843 -0.628486 0.743535 -0.496734 -0.593830 -0.756989 0.115391 0.628401 1.253129
4 -1.321297 0.359922 -0.259680 4.728378 -0.136338 -0.204823 -0.417737 -0.538329 -1.181995 0.091330 -0.432812 -0.357526 0.179758 -0.508850
5 0.696928 -0.314141 -0.802648 0.147583 2.474961 -0.576550 -0.590982 0.606470 1.186212 -0.251637 -0.351667 -0.749011 -0.320254 -1.155264
4 -0.208735 -0.720902 -0.778151 5.320780 -0.315366 0.151953 -0.921547 -0.760828 -0.685031 -0.394017 -0.105348 -0.437111 -0.910469 0.764771
4 -0.521696 -0.464614 -1.342530 4.375671 -0.615058 0.726214 -0.219065 -0.209184 -1.312623 -0.106246 0.813322 0.593690 -0.262469 -1.455411
6 0.345233 0.640557 0.408987 0.163698 0.216362 1.032159 -0.778710 -0.134196 -1.150957 -0.028751 0.116688 0.203226 -1.527567 0.493270
4 -0.197491 -0.792016 -1.171031 4.185404 0.072121 -0.794865 -0.205344 -0.437481 0.305987 -0.287152 -0.416582 -0.327501 0.790759 -0.724806
9 -0.879543 0.294514 -0.602570 -0.244556 -0.176400 -1.441747 0.613559 -0.784078 3.427595 -0.314920 0.756084 -0.444901 0.493294 -0.696331
4 -0.358488 -0.817455 -0.097103 3.000440 0.389822 -0.457752 -0.588722 -1.037047 0.043276 -0.469065 -0.888147 -0.050569 1.765191 -0.434381
2 0.596647 0.716286 -0.359314 0.434287 -0.120193 0.039847 0.401048 -0.517164 -0.213237 0.140515 -0.029265 -0.455358 -0.415477 -0.218623
1 1.018053 0.275121 -0.379465 0.735147 -0.501272 -0.521806 -0.065335 0.318918 -0.675550 -0.123860 -0.229660 -0.188038 0.399009 -0.061261
6 -0.475339 -1.520599 -2.519811 0.065098 -0.985862 3.041933 -0.332371 1.617211 -0.342893 1.339906 -0.091109 -0.579961 0.714515 0.069282
9 0.489428 -0.432281 0.326803 0.329492 -0.113343 -0.410453 0.301240 -0.202006 0.723367 -0.322415 -0.057675 -0.622181 0.163359 -0.173336
9 0.123862 -0.324678 0.499162 -0.331179 0.570510 -0.543752 -0.522760 -0.422342 1.191567 -0.348950 -0.707216 0.918513 0.091397 -0.194133
3 -1.787166 -1.972844 17.798565 -1.612995 -1.468461 -2.169374 -1.069943 -0.428361 -1.289884 -2.681012 -1.778195 1.870675 -1.728756 -1.682250
3 0.245717 0.484626 7.159049 0.832535 -1.529265 -1.398206 -0.733573 -2.901590 -0.000856 0.205651 -0.643738 -0.467198 -1.745069 0.491917
3 -0.162885 -0.621179 4.297517 -1.114731 -0.048353 0.139244 -1.020406 0.014647 -0.718465 -0.348514 0.367878 1.490325 -1.544048 -0.731028
3 -1.846036 -0.059871 7.252603 -0.760696 -1.498845 -0.423523 0.153313 0.112313 0.355802 -1.022255 0.619752 -1.459939 -0.012934 -1.409683
3 -0.423550 -0.460112 6.392329 -0.477583 -0.500971 -0.507795 -0.323697 -0.287082 0.059883 -0.902813 -0.406091 -0.522626 -0.782140 -0.857749
9 -0.063627 -0.037563 -0.013581 -0.049325 -0.019066 0.000000 0.000000 -0.030333 0.399521 0.000000 -0.016865 -0.055938 -0.017007 -0.096216
10 -0.571898 -0.726896 -0.318770 -0.112575 -0.912952 -1.751855 -1.255124 3.179204 0.996958 3.475693 0.552439 -0.223971 -2.215003 -0.115249
12 0.527602 -0.911109 0.567147 -0.090845 0.242293 0.369874 -0.714013 0.167155 -0.996263 -0.915374 0.117519 1.345924 0.251107 0.038984
3 -0.775326 -0.708598 11.449207 -1.272861 -1.028015 -0.722538 -2.257700 -1.463878 -4.007723 0.878407 0.314423 2.367076 -1.555985 -1.216490
3 -0.673718 -0.487337 7.662056 -0.745223 -0.579206 -0.419663 -1.025865 0.372232 -1.299069 -0.657952 -0.684910 1.039251 -1.720554 -0.780044
3 -1.168075 -0.946336 14.915553 -0.197957 -0.680139 -0.933090 -1.041756 -1.365156 -2.301827 -1.374133 -0.271832 -1.404637 -2.649130 -0.581486
14 -0.432305 0.270545 -0.256799 0.348609 -0.409463 0.207207 -0.013338 0.437282 -0.807231 -0.074744 0.514006 0.020740 -0.672628 0.868120
3 0.505584 -0.887738 6.121981 -0.760035 -0.454703 -1.044658 -0.266806 -0.655577 -0.714521 -1.625561 -0.667884 0.558182 0.286836 -0.395099
3 -1.685615 0.604095 5.232333 -1.322479 -0.484402 0.940189 -0.686456 1.090563 0.362843 -1.132292 0.169537 -1.429495 0.060598 -1.719420
6 -3.006989 -3.758279 -3.086365 -2.097937 -2.086086 40.300313 -3.143112 -3.637951 -3.559785 -2.958766 -3.134453 -1.909668 -4.720290 -3.200630
6 -0.468590 -1.164701 -0.938601 -0.392481 -1.208337 8.728105 -1.138170 0.354977 -1.385835 -0.374302 -0.806688 -1.256617 0.739434 -0.688195
6 0.112418 -2.273541 -1.366661 -0.398664 1.613513 3.950024 -0.104778 0.275818 -1.865861 -0.061770 0.170989 0.023468 -0.268784 0.193830
6 -7.490416 -6.907208 -7.528616 -8.246598 -7.205979 94.402734 -8.194502 -7.685256 -6.172918 -6.430256 -8.173724 -6.917666 -7.000358 -6.449236
6 -0.830380 -0.331535 -1.084363 -0.237105 0.403005 5.144701 0.161490 -0.352351 -1.214426 -0.453940 -0.945078 0.060311 -0.035583 -0.284747
6 -6.652586 -5.779991 -6.388742 -5.396826 -7.122088 84.399624 -6.850359 -6.164327 -6.750587 -5.896602 -6.045007 -6.332589 -7.931459 -7.088460
6 -2.897228 -3.008380 -4.000736 -2.483065 -0.608863 34.901975 -3.076272 -1.475240 -4.444999 -2.789302 -2.858269 -3.927741 0.120233 -3.452113
6 -7.684025 -6.577856 -5.589883 -6.382327 -6.364813 91.891586 -8.391516 -7.610689 -6.325928 -6.222293 -6.398419 -7.161334 -10.091852 -7.090649
6 -7.490416 -6.907208 -7.528616 -8.246598 -7.205979 94.402734 -8.194502 -7.685256 -6.172918 -6.430256 -8.173724 -6.917666 -7.000358 -6.449236
6 -1.583562 -0.777089 -1.203813 -1.475126 0.942292 4.225689 0.649192 2.178675 -0.806041 -0.198347 0.266915 -0.739924 0.164830 -1.643688
6 -2.138466 -1.876342 -1.382587 -1.389114 -2.716433 15.923709 -1.228898 -0.376623 0.487450 -2.140380 -1.603499 -1.142060 1.047269 -1.464025
6 -1.318735 -1.862559 -2.566995 -1.521665 -1.475179 16.370554 -1.429196 -0.421136 -1.597412 -0.197419 -1.397177 -1.313733 0.372736 -1.642084
6 -1.984605 -5.701829 -6.114685 -5.361383 -5.144122 66.155803 -5.547330 -4.726312 -5.341072 -5.373107 -6.497083 -4.267970 -5.812939 -4.283363
6 -6.897628 -4.915621 -5.202190 -5.030184 -6.026032 80.546549 -6.648313 -7.119286 -5.281355 -6.414160 -5.086619 -6.406508 -8.542017 -6.976634
6 -1.485315 -0.349427 0.285682 0.303751 1.450679 3.417630 -0.017625 -0.950006 -1.672362 0.135851 0.148666 0.322395 -1.491725 -0.098194
6 -0.764798 -3.140253 -2.190428 -3.166432 -0.402090 18.535615 -1.360093 -0.846042 -1.933998 -0.961223 0.353598 -2.814294 -0.415719 -0.893844
5 0.004299 0.154468 0.472400 -0.551668 0.605276 0.182640 0.133203 -0.260650 0.145095 -0.213928 -0.155856 -0.117033 -0.594474 0.196229
6 -2.579517 -3.081666 -2.751815 -2.541801 -2.675267 29.952917 -2.588501 -1.442676 -3.802131 -2.232806 -2.583314 -2.147978 -1.961971 0.436527
6 -7.490416 -6.907208 -7.528616 -8.246598 -7.205979 94.402734 -8.194502 -7.685256 -6.172918 -6.430256 -8.173724 -6.917666 -7.000358 -6.449236
6 -1.369368 1.309291 -0.215644 0.360651 0.659524 1.494785 -0.326546 -0.665638 -0.635918 -0.290564 -0.192036 0.516456 -0.909633 0.264639
6 0.691908 -1.234536 -0.965976 -1.281663 -0.015275 4.978638 -2.252920 1.193620 -1.529027 -1.288003 -0.053684 0.451562 0.187544 1.117810
6 -7.490416 -6.907208 -7.528616 -8.246598 -7.205979 94.402734 -8.194502 -7.685256 -6.172918 -6.430256 -8.173724 -6.917666 -7.000358 -6.449236
6 -3.252501 -1.331895 -2.165946 -1.879904 -1.497683 29.711763 -2.734731 -2.657756 -3.383448 -2.251077 -2.166590 -1.729798 -2.971788 -1.688645
6 -2.619081 -3.350908 -2.596062 -2.739163 -3.004737 35.305953 -2.519684 -2.473853 -2.590785 -2.363754 -2.438369 -3.173654 -2.573547 -2.862355
6 -3.119591 -2.571030 3.948568 -2.366116 -2.301621 28.555028 -2.598338 -2.880328 -2.629017 -1.690835 -2.786709 -3.076216 -3.772503 -2.711294
13 -1.365395 -2.489202 -5.501857 -1.013730 -0.983309 -4.277572 -2.653522 -1.537301 -3.193896 -3.198674 -3.074130 -3.678836 35.016421 -2.048996
13 -0.640410 -0.394580 -0.422613 -0.407702 0.567420 -0.251089 -0.045411 -0.266353 0.142008 0.064656 -0.526067 0.106859 2.964413 -0.891132
14 -0.236080 0.107659 -0.271292 0.236649 0.598627 -0.599995 -0.632542 0.699624 -2.141545 -0.021577 0.875274 -0.120517 0.111742 1.393972
6 -0.143285 0.275252 -0.128776 -0.163089 -0.079785 0.583086 0.148650 -0.029989 -0.048549 -0.129445 0.306030 -0.041923 -0.535398 -0.012778
13 -1.308156 -0.950440 0.124812 1.216991 0.758028 -0.752597 -1.358790 -0.143836 0.489008 -0.357892 0.208323 0.587252 1.803122 -0.315824
13 -2.015969 -0.262779 -1.411873 -2.311180 -1.110424 -1.307274 -1.701067 -1.415035 -1.322459 -1.699682 -1.590955 -2.102670 19.818900 -1.567534
13 -0.398598 -0.751399 -0.046443 0.535306 0.456556 -0.509625 -0.184830 0.532081 0.209374 -0.037314 -0.888757 0.183308 0.556491 0.343851
13 0.632461 -0.199595 -0.210133 0.035579 -0.133468 -0.298568 -0.053181 0.078311 -0.061982 -0.001011 -0.554547 -0.037055 1.519696 -0.716507
13 -1.060564 -1.494435 -1.560511 -0.908910 -0.194104 -3.129481 -1.489896 -1.402404 -0.755814 -1.471548 -1.797857 -1.361189 18.618240 -1.991527
13 -1.307123 0.339736 -1.239654 -0.028107 -0.047152 -0.533397 -0.723830 -0.531803 -1.287482 -0.286879 -0.174732 -0.353864 6.817480 -0.643195
13 0.109557 -0.218264 0.864890 0.183138 -1.668759 -0.469451 0.084504 -0.868880 0.000994 -0.340716 -0.787709 -1.418705 5.369933 -0.840533
13 -1.006232 -0.912060 -0.910550 -0.362024 1.286749 -0.188019 -0.334940 -0.434342 1.002141 -1.051443 -0.607864 -0.021046 4.496260 -0.956631
13 -0.593738 -2.307645 -1.103402 -0.695389 -1.343563 -1.320454 -1.626156 -1.581321 0.284474 -0.475455 -2.288845 -0.896228 15.227737 -1.280014
13 0.469761 -0.674768 0.809831 -0.235980 -0.211917 -0.360616 0.112398 0.430795 -0.577021 -0.448923 -0.038586 -0.437674 1.440797 -0.278096
13 0.707379 -1.995361 -1.234937 -1.290587 -2.059766 -1.294829 -1.897644 -1.312094 -2.433129 -2.656838 -1.556794 0.547796 18.289007 -1.812204
4 -1.185497 -0.139493 0.035524 3.982234 -0.385169 -0.068740 -0.398402 -0.188380 -0.553361 -1.057836 -0.737576 0.009787 2.166177 -1.479269
13 -0.696765 -1.423174 -0.328920 -0.492648 -1.081112 -0.119689 -1.528699 -1.366075 1.070378 -1.451409 -0.896529 -1.652238 11.494016 -1.527136
8 -1.970634 2.868987 -1.253447 -1.108489 -1.805870 -1.451838 -1.641169 9.651230 -2.072413 0.678455 -1.352237 -0.878293 0.474663 -0.138946
13 0.094333 0.292340 -1.035408 0.237052 -0.096210 0.553603 0.332473 0.815471 -0.617385 0.035750 -0.968456 -0.346828 1.369757 -0.666493
9 -0.052465 -0.491870 -0.362432 -0.454615 0.153513 0.193740 0.043683 -0.205534 1.772479 -0.334716 0.126982 0.386336 -0.497754 -0.277349
13 -1.302530 -1.460505 -1.097518 -0.879403 -3.707961 -2.746609 -0.188393 -1.054730 -2.310870 -3.145652 -2.627467 -0.836393 22.105968 -0.747936
13 0.257899 0.108916 -0.150967 -0.369444 -0.120629 -0.014296 0.144368 -0.225837 0.174811 -0.113365 -0.340765 -0.019470 0.912646 -0.243869
13 -0.953173 -1.584227 -0.991005 -0.299501 -2.055936 -2.170599 -0.791724 -0.614092 -1.799878 -1.145607 -1.520835 -2.310989 17.905846 -1.668281
13 0.706801 -0.454536 0.096230 -0.400152 -0.213463 -0.256832 0.117832 0.379134 0.042268 0.087915 0.046357 -0.615780 0.771020 -0.306795
13 -0.324242 0.529173 0.411701 0.331331 -0.617156 -0.085854 -0.730230 -0.599945 0.431722 -1.370313 -0.619889 -0.354048 4.311586 -1.313835
13 0.537401 -1.461469 -1.059316 -0.819793 0.429650 -0.508470 -0.588715 0.348918 -0.844538 -0.680587 -0.040676 -0.414215 5.038523 0.063285
7 -5.823870 -7.593105 -7.256887 -8.298960 -5.656375 -8.112815 90.148139 -4.898807 -7.844277 -6.856667 -4.810799 -7.600027 -7.227557 -8.167994
7 -0.536479 0.269847 -0.485754 -0.582798 -0.251064 -0.588414 4.391278 -0.437250 -0.521027 -0.394185 0.298487 -0.056479 -0.462413 -0.643748
7 -7.820986 -9.754936 -9.400382 -7.876828 -7.420317 -4.629761 88.943303 -7.321994 -6.425070 -7.467833 -2.569505 -8.042887 -2.198758 -8.014047
5 0.020388 -0.765833 -0.391753 -2.368571 6.953943 0.252850 -0.317151 1.296284 -0.576322 0.520540 -1.822848 -1.673949 -0.850659 -0.276920
7 0.244666 -2.779271 -1.407759 -2.789942 -1.121944 -2.576370 22.278257 1.011345 -2.100093 -1.772714 -2.882743 -1.890499 -1.827980 -2.384954
7 -0.703840 -1.183543 0.147590 0.234180 1.642599 0.185058 4.802265 -0.541865 -0.602565 -0.600168 -1.373403 -0.098002 -0.899964 -1.008343
7 -7.260719 -7.752944 -7.162816 -6.861583 -7.364268 -6.957372 96.198005 -7.795340 -6.980567 -7.435167 -7.264828 -7.269909 -8.027521 -8.064973
5 -1.484773 -2.077158 -0.897433 -0.113406 6.242828 0.063598 4.630322 -1.215834 -1.376600 -1.058708 -0.356756 -0.407602 -2.462099 0.513620
7 -7.312644 -8.044896 -7.410725 -7.958261 -5.847292 -7.731576 98.446781 -8.027071 -6.914665 -7.397283 -7.573745 -7.714125 -7.744096 -8.770403
7 -0.720704 0.269351 -1.012309 -0.907089 -0.924009 -0.725054 7.687217 -1.755310 -0.848403 -0.851386 -1.249767 -0.813809 2.747384 -0.896111
7 -7.536727 -7.095354 -6.340752 -7.081253 -6.349460 -7.343222 87.257103 -6.793348 -6.435229 -6.562259 -7.516555 -6.507943 -3.582524 -8.112478
7 -7.035826 -6.010359 -8.324034 -8.513115 -4.250267 -8.204376 85.120459 -9.172213 -6.894477 -6.381028 -6.235645 -8.245743 -8.772933 2.919553
7 -6.733672 -7.678372 -7.525345 -7.523598 -8.572251 -6.862011 95.781284 -6.498734 -6.371495 -7.277944 -8.125229 -6.225701 -6.537104 -9.849830
7 -5.061168 -7.302446 -6.084197 -7.102064 -5.624430 -7.750274 87.511614 -7.107779 -6.410210 -7.731061 -6.950698 -7.198297 -5.943472 -7.245518
12 0.228611 -0.366743 -0.432716 -0.335441 0.287429 0.719475 -0.504796 -0.199573 0.231479 -0.342780 -0.113669 1.445794 -0.490485 -0.126585
7 -6.621050 -7.539652 -6.930203 -5.614968 -5.527671 -6.746363 86.856169 -7.100960 -6.106190 -7.899826 -5.686010 -6.860462 -7.021175 -7.201641
7 -7.553196 -7.974049 -6.975525 -6.429128 -8.178362 -7.276452 99.470553 -8.268828 -6.899546 -8.706110 -9.518631 -6.337918 -6.591881 -8.760930
7 -0.947033 -0.963912 -0.394140 -0.273484 -3.007874 -0.457854 8.965449 -0.856684 -1.179015 1.555400 -0.968431 -0.875058 -0.785694 0.188329
7 -9.255232 -6.101402 -6.501583 -6.890426 -6.433742 -6.975534 91.720609 -6.751401 -7.525516 -6.753000 -7.081256 -6.787455 -6.457738 -8.206328
11 -1.228582 -4.220191 -3.228024 -2.512415 -3.157528 -2.110336 -3.629359 -3.495709 -2.430753 -2.762237 38.032742 -2.802906 -3.129529 -3.325173
7 -7.445428 -7.535114 -7.086490 -6.053073 -6.844387 -7.028338 92.949336 -7.175481 -7.153831 -8.105143 -6.536682 -6.818457 -7.941587 -7.225326
7 -6.264056 -7.411538 -6.468867 -7.075667 -5.469143 -7.401858 87.835077 -6.706408 -6.484015 -6.519873 -7.255950 -7.196364 -7.549084 -6.032256
7 -6.299788 -8.092406 -7.392470 -8.314621 -6.940744 -7.664774 93.170616 -7.590882 -7.326722 -6.702372 -6.682240 -7.218119 -5.857331 -7.088150
7 1.221344 0.387846 -0.704657 -0.178696 -0.755766 -0.534648 4.890314 -0.514694 -0.686170 -0.318013 -0.258367 -0.589671 -0.548696 -1.410127
7 -7.613653 -7.914014 -4.710202 -6.732718 -7.658415 -6.156101 86.406627 -7.030002 -7.035262 -8.592977 -2.594906 -8.802969 -6.220778 -5.344634
12 -0.888395 -0.703609 1.480348 -0.251924 -0.704137 0.237831 -0.665642 -0.465665 -0.427473 0.168297 0.886620 2.204730 -0.461626 -0.409354
13 -0.281007 -0.859662 -0.148714 0.262205 -0.649851 -0.613148 -0.247733 -0.772501 -0.287759 -0.665851 -0.788782 1.499031 4.050637 -0.496864
12 0.071967 0.033324 -0.427912 -0.435586 -1.207016 1.631586 -0.691105 -0.233307 -1.228430 1.068500 -0.037950 2.653229 -0.852573 -0.344728
12 -0.331401 -0.179664 -0.827600 -0.176021 -0.232833 0.824543 -0.097117 -0.121620 -0.244496 -0.244256 -0.131706 1.437949 -0.017959 0.342181
12 1.174333 1.081098 -0.656868 -0.166145 -1.494929 -1.139883 -0.616824 -0.590608 -0.544529 -0.126459 0.133834 2.014791 0.934432 -0.002242
14 -0.007663 0.000000 0.000000 -0.028583 -0.008127 -0.185194 -0.168717 -0.389268 -0.155273 0.000000 -0.295977 -0.149774 -0.609029 1.997603
3 -1.842299 0.780204 7.835502 0.252395 0.151929 -1.375471 -1.596187 -1.126220 -2.009523 -0.872308 -0.584012 -0.388111 -0.737135 1.511235
8 -0.501450 -0.148012 -0.828307 -0.350365 -1.472261 -0.467005 -0.472917 4.869909 0.019391 -0.377441 -1.200469 0.711731 1.204682 -0.987486
12 -1.895624 0.127058 0.569611 0.155542 -0.493746 -0.093566 -0.207123 -1.614272 -1.683305 -0.948430 -0.734631 11.124243 -2.436325 -1.869432
1 0.795915 0.322713 -0.031268 0.096806 0.170425 -0.410759 0.395362 -0.229657 -1.479679 0.172060 0.035571 -0.045847 -0.450711 0.659069
3 0.514743 -0.529046 0.961226 -0.385937 0.169841 -0.556781 -0.125276 0.107921 -0.420049 0.693564 -0.538229 0.577693 -0.156239 -0.313430
5 -0.614323 -1.866884 -0.747051 -1.666182 6.050723 -0.019466 2.489187 -0.434925 -0.916258 0.270443 -1.390453 -1.212789 -0.241570 0.299549
12 -1.611992 -1.280536 -1.925404 -1.453721 -1.106572 -1.793506 -1.546367 -1.720982 -0.765110 -1.402213 -1.123542 17.862453 -0.938156 -1.194353
12 0.265845 -0.190153 -0.701131 0.062312 0.093755 0.190105 -0.187682 -0.048058 -0.060827 0.036573 0.281873 0.821734 -0.286100 -0.278246
12 0.056787 1.216017 -0.497312 0.225853 -0.029086 0.157065 -0.322911 -2.035994 -0.368713 -0.340704 -0.272846 2.148042 0.273208 -0.209406
12 0.240708 -0.256735 -0.344146 -0.312281 -0.483860 1.410981 0.085380 -1.066228 -2.306072 1.176931 -0.508886 2.510855 -0.715231 0.568584
5 -0.798857 -0.848186 -1.483299 -1.086829 9.344508 0.301739 -0.581812 -0.576483 -1.186681 -0.847776 -0.760603 1.042617 -1.041077 -1.477261
3 -0.227766 0.336899 1.403795 0.285638 0.360019 -0.385746 -0.133552 -0.618753 -1.334553 0.305374 0.152950 0.397445 -1.177189 0.635439
10 0.996139 -2.171663 -0.622792 0.423044 0.233025 -0.258621 -0.681605 0.066284 0.130693 1.300878 -0.697535 1.112695 0.175836 -0.006377
3 0.594171 0.749576 1.748641 -0.250308 -0.974385 -0.970040 -0.467498 -1.694119 -0.546228 1.091603 -0.302548 0.414039 -0.120805 0.727901
14 -0.192229 -0.984648 -0.462564 0.008403 -0.332274 -1.425122 -1.001004 1.245441 -0.777410 -1.146155 -1.623402 1.952307 -0.495708 5.234366
12 -2.460140 -0.512691 0.610678 -0.520614 -0.912726 -1.663650 -0.194452 -0.798254 -1.918961 -0.961010 -1.749262 13.115099 -1.581032 -0.452984
12 -1.096775 -0.362196 -1.038742 -0.659548 -1.634669 0.237276 0.115935 -0.291545 -1.185159 -0.147089 1.903450 5.992961 -1.457897 -0.376002
14 -3.732377 -3.595965 -4.035727 -4.243035 -3.970969 -3.669688 -0.727804 -2.152865 -3.193956 -3.454729 -3.485696 -2.286903 -3.555566 42.105281
14 0.098769 0.539724 -0.453376 -0.525633 -1.409479 -0.580203 -0.776881 -2.292339 -0.280041 -0.618179 -0.826614 -0.605330 -0.611817 8.341399
14 -5.055179 -3.439069 -1.672439 -3.789521 -4.041381 -4.618307 -2.650706 -3.976722 -5.243431 12.637321 -2.683599 -3.334437 -3.968003 31.835472
14 -4.037588 -2.354733 -3.562168 -3.932627 -2.573486 -6.296014 -3.356981 -4.445505 3.661851 -2.327761 -3.492330 -4.401705 -1.902103 39.021151
4 -1.057283 1.059917 0.006764 1.360480 -0.233514 -1.485835 -0.426961 0.561519 -0.307028 -0.241345 -0.929880 0.142901 1.011793 0.538470
14 -1.875784 -1.845835 -1.461582 -0.626360 -1.227816 -1.276585 -1.255819 -1.514343 -2.079505 -0.316902 1.261865 -0.950401 -0.281841 13.450909
6 -1.102115 1.745136 -1.024172 -0.501559 0.681823 1.859333 -0.601430 1.069113 -1.538030 -0.806133 1.275145 -0.885262 0.508778 -0.680625
14 0.716158 -0.221822 -0.367212 -0.338766 0.252985 0.231830 -0.576427 -0.114186 -0.185480 -0.126990 -0.109840 0.031947 -0.482674 1.290477
14 -2.391906 -2.192562 -3.668422 -3.233821 -2.412828 -3.707553 -2.697173 -3.753738 -1.564525 -1.086540 -3.275699 -1.566711 -1.581162 33.132640
14 -0.709776 -1.589147 -0.610278 -1.318338 -1.347101 -0.946495 -0.384175 -0.067730 -0.447394 -0.767995 -1.005766 -1.330237 -0.552806 11.077236
14 -0.260913 -0.295568 -0.719031 -1.005087 -0.194929 -0.139642 0.368057 0.028354 0.566593 -0.417717 -0.290721 0.340659 0.954912 1.065032
14 -0.320106 0.317795 -0.689348 -0.066227 0.507105 0.020089 -0.273821 -0.449613 -0.214194 0.155146 -0.504478 -0.358578 0.521390 1.354841
14 -0.195569 -0.101387 -0.346800 0.196226 0.517007 0.156883 -0.890030 -0.764943 -0.048722 0.825578 -0.840984 -0.765129 0.093186 2.164683
14 -1.033741 -1.241043 -2.516064 -1.060145 -1.057138 0.713594 -1.302913 0.764610 -0.370852 -1.443806 -0.558137 -1.158295 -0.109761 10.373690
5 -0.173763 1.714280 0.826801 0.340264 2.341261 -0.142861 0.218512 -2.398454 -1.275630 -0.046579 -0.478536 0.250048 -1.440161 0.264815
14 -0.190914 1.479685 -0.224076 -0.244482 -0.172752 -0.607935 1.361898 -0.918900 -1.687813 0.171100 -0.470830 -0.197447 -1.650419 3.352885
14 -1.521394 -1.715598 -1.596053 -0.435593 -1.478320 -1.242781 -0.514254 -0.849080 -0.744710 -2.707541 1.541092 -1.321344 -1.261905 13.847481
14 1.299894 -1.063376 -0.351439 0.021904 0.043630 -0.471114 -0.215190 0.258981 -0.449520 -0.441918 -0.453579 0.099085 -0.032660 1.755300
14 -1.200557 -0.854222 0.041343 -1.570699 -2.523007 -1.297611 -1.559553 -1.501570 -0.468706 -0.372199 -1.980827 -1.674124 -0.383366 15.345096
14 -0.155946 -0.778704 -0.548409 -0.442348 -0.768736 -0.726111 -0.170039 -0.492101 -0.613788 -0.418468 -0.032411 0.330528 -0.157626 4.974158
5 0.167111 -0.129074 -0.137273 0.448089 0.948623 -0.902115 -0.469203 -0.271543 -0.523835 0.775016 0.508766 0.080983 -1.344219 0.848675
14 -0.171606 -0.969542 -0.768320 0.194335 0.959195 0.086434 -1.225285 0.267519 -0.184742 -0.909066 -0.784355 -0.593040 1.027936 3.070537
8 -1.564627 0.654687 -1.125913 -1.081053 0.477487 -1.105993 -0.978336 10.474370 -1.399545 -1.063224 -1.468364 -0.692482 -0.433887 -0.693121
8 -0.228371 -0.635512 -0.322307 -0.198130 -0.448521 -0.171665 -0.750717 7.960714 -0.368959 -1.059544 -2.153651 0.218874 -0.017479 -1.824731
5 -3.447689 -5.216078 -3.939695 -4.801891 55.989208 -4.277320 -4.514553 -3.817197 -4.123962 -4.257251 -4.930431 -3.684252 -4.130178 -4.848709
8 -0.624617 -0.704262 -0.558492 -0.670504 -0.579079 -0.991059 -0.192271 6.850668 -0.567790 -0.333390 -1.632535 -0.089001 0.731164 -0.638831
8 -0.190455 0.499791 -0.369898 0.488324 -1.392498 -0.684752 -1.018727 7.084474 -0.539118 -0.537339 -0.751623 0.851278 -1.756800 -1.682658
9 0.160432 -1.311817 -1.554923 -1.283312 -0.958095 -0.044298 -0.122866 0.141022 3.241389 1.178487 -0.517919 -1.234529 2.900752 -0.594322
8 1.047417 -0.323437 0.296392 -1.695672 -0.842257 2.506696 -1.394511 4.882983 -1.565794 -0.948805 -1.592514 -0.857642 1.017865 -0.530719
8 -2.239577 -1.002567 -2.699160 -1.910117 -3.046689 -1.970387 4.097380 21.406056 -1.388452 -1.455613 -3.595299 -0.868214 -2.838950 -2.488410
8 0.408007 0.336958 0.209571 -0.017273 -0.511528 0.412238 -1.582648 5.829022 -1.763083 0.067822 -0.863572 0.050533 -2.153088 -0.422959
1 1.392069 0.796190 -0.009324 -0.528832 -0.784625 0.762728 -0.770985 1.082613 -0.254400 -0.414848 -0.500867 -0.066830 -0.904280 0.201392
8 -1.608905 0.569098 -0.514460 -0.969947 -0.698352 1.919403 -1.004831 3.767381 -3.794054 2.688163 2.003920 -0.749686 -1.137101 -0.470629
8 -1.294851 -0.068038 -0.427449 -0.358943 0.393949 1.991920 -0.817539 5.468803 -0.736213 -0.971723 -1.296272 -0.631058 -0.318207 -0.934381
2 -0.804033 1.003651 0.009587 0.115635 -0.326470 -0.317886 0.092535 -0.274353 -0.800397 0.294959 -0.299373 0.718325 0.197215 0.390605
8 -0.218969 -0.214623 -0.610924 -0.176116 -0.347103 0.913411 1.065394 1.391619 -0.044028 -0.353032 -0.484806 -0.756593 0.036042 -0.200272
8 -1.558153 1.724754 -1.320811 -2.425252 -0.997343 0.100598 -1.378761 10.728280 2.566663 -1.815002 -2.199266 -1.080024 -1.607553 -0.738129
5 -0.294677 0.610127 -0.377992 0.233843 2.305146 -0.283455 -0.570559 0.008625 -0.335382 -0.508177 -0.595577 0.123807 -0.045870 -0.269859
7 -0.288041 0.416290 -1.136124 -0.696094 -1.296169 0.606861 2.591581 -0.178039 -1.180069 0.147020 0.053619 0.104793 1.781087 -0.926715
8 -0.637814 -0.283857 -1.427657 0.049460 -0.771010 -1.035741 -0.047763 4.672645 0.565555 -1.030336 0.453756 -0.862703 -0.197012 0.552477
6 -1.551203 0.715711 -1.197008 -0.034167 1.140398 1.731428 -0.516327 0.223964 -1.699126 0.287213 -0.441288 0.788704 -0.667016 1.218717
8 -0.825100 -0.409690 0.207425 -0.534902 -0.979683 0.026172 0.945418 5.120421 -1.346472 0.213432 -0.497483 -0.020104 -1.494789 -0.404642
8 -0.630036 0.561312 -0.596338 -0.087102 -0.937849 -0.924346 -1.006520 11.092100 -1.607673 -1.309038 -2.837781 0.909780 -1.481389 -1.145120
8 -0.698769 -1.712816 -0.326146 1.276771 -1.571360 1.113098 -0.971307 7.629523 -1.391192 -1.369789 -1.290749 -1.438848 0.860495 -0.108912
5 -0.796224 0.576404 -0.638503 0.455903 1.007357 0.089695 0.287948 -0.187842 -0.482177 -0.369076 0.384125 0.206816 -0.065056 -0.469371
1 0.757860 0.012513 -0.156749 0.143911 0.455237 0.578898 -0.088918 -0.154047 -0.379688 -0.284213 -0.211748 0.095805 -0.586959 -0.181901
9 -0.562366 -0.513047 1.266729 -0.865613 0.292578 -0.060304 0.564449 -0.179953 3.417655 -1.460203 -0.438024 0.073762 -0.993362 -0.542302
9 0.022400 -0.455086 0.215024 -0.346939 -0.186795 0.248127 0.257948 -0.257506 0.500707 0.260716 0.046496 -0.243071 0.112381 -0.174399
10 0.959098 -0.669897 -0.343656 -0.026166 0.149857 -0.293306 -0.031522 -0.467327 0.207392 1.575803 -0.600523 -0.290264 0.986317 -1.155805
9 0.089492 -0.762640 0.264106 -0.044766 0.537601 -0.477372 0.081494 -0.655631 5.682454 -0.498411 -0.768402 -1.273656 -0.759891 -1.414377
13 -0.638670 -1.029178 -0.265027 -1.368696 -1.308128 -1.662129 -1.036021 -0.266392 -0.139456 -0.882716 -1.137550 -1.188194 11.966823 -1.044664
3 -0.267105 -0.019970 1.884510 -0.785638 -0.802145 -0.357320 -0.308561 -0.329022 0.267973 -0.449010 -0.573515 0.656265 1.590843 -0.507305
6 -0.367735 -0.039978 -0.031351 -0.108804 -0.227660 0.748822 -0.023406 -0.190581 0.205257 -0.070007 -0.038509 0.179076 -0.177839 0.142715
9 -1.357876 -0.559041 0.491883 -0.226477 0.134833 -0.088123 -0.217950 -1.105034 2.644668 0.269470 -0.861657 1.113419 -0.264377 0.026262
9 0.353377 -0.958308 -0.602502 -0.585541 -0.476953 -0.397503 -0.291318 -0.290269 5.395791 -0.245262 -0.638748 -1.220835 1.197840 -1.239768
9 0.235442 -0.335795 -0.179898 0.370923 -0.337910 -0.276619 -0.369335 -0.255620 1.452064 -0.512794 -0.008082 0.090814 0.465829 -0.339019
14 -0.790291 0.775063 0.356543 -0.225485 -0.156946 -0.443798 -0.301898 -0.896974 1.008425 0.737423 -0.702563 -0.111293 -0.644663 1.396457
9 -0.243175 -0.807569 0.343804 -0.390842 1.077325 0.159491 -0.300216 0.354556 1.257082 0.269615 -0.498029 -0.491124 -0.564473 -0.166446
4 0.476339 -1.253592 0.380650 2.657145 1.069458 -0.446571 -1.254589 -0.608879 0.253828 0.064939 -0.397762 -0.594164 0.219143 -0.565946
14 -0.132274 -0.427343 0.122944 -0.016613 -0.403194 0.354987 -0.375282 -1.002933 0.963940 -0.284340 -0.807118 -0.391060 0.594108 1.804177
1 0.662088 0.479315 -0.328190 -0.449301 0.180362 -0.402346 -0.726231 -0.569199 0.264201 0.235882 -0.295279 0.553529 -0.144904 0.540073
14 -0.099401 -1.250459 -1.011118 0.107045 0.251549 -0.577544 -0.582673 -1.366696 -1.448774 0.132017 -0.899691 -0.577441 1.497265 5.825922
4 0.148625 -0.852537 0.012767 2.497291 -0.338863 -1.129222 -0.815921 -1.234901 2.049040 -0.178407 -0.844910 0.548667 0.872024 -0.733652
14 0.535547 -0.496773 -0.275640 -0.739625 -0.189460 0.518974 -1.132567 -0.492625 0.008295 -0.806314 -1.371525 -0.683874 -0.719769 5.845356
