7 -6.007270 -8.201382 -6.025847 -5.503818 -5.588199 -4.152574 45.208638 -6.326553 -5.216227 -6.277299 25.240781 -5.361553 -4.569324 -7.219373
8 -0.750707 -1.347271 -0.264671 -1.070959 0.293916 0.372735 -1.697619 2.622025 1.439400 -0.058100 -1.296252 -0.062086 0.308004 1.511585
9 -1.099796 -2.389424 0.121772 0.057745 0.230983 -0.098813 -2.393542 -0.312408 3.136052 0.328784 0.615072 -0.688678 3.109589 -0.617336
1 18.360174 -1.323779 -2.291714 -1.517247 -2.013062 -0.722626 -2.705562 -0.740310 -1.145182 -1.792686 -1.851678 -0.167237 -0.497616 -1.591474
6 -0.681717 0.240917 0.021974 1.376329 -0.005017 1.664186 -1.841124 -0.332768 -1.449722 -0.700447 0.665303 0.290795 0.219313 0.531977
1 3.089852 -0.406485 -0.349175 -0.502341 0.190004 -0.119353 -0.685786 -0.272576 0.223457 -0.391010 -0.206459 0.248725 -0.033409 -0.785445
6 -1.384684 -0.785002 -0.937327 -0.286037 0.554536 3.330988 -0.563491 0.434035 -0.326723 -1.159668 -1.108224 1.858117 1.480434 -1.106953
13 -1.265385 -0.060233 0.587668 0.937937 0.249943 0.785693 -0.304071 -0.604689 -0.366182 -0.808819 0.459630 -0.139742 1.012333 -0.484083
5 -2.728292 -0.434939 -2.280555 -1.062356 14.223164 3.842844 -3.413326 -0.939203 -1.946357 -2.451610 -1.907771 2.958374 -1.478268 -2.381704
5 0.157214 0.076127 0.722453 -0.615347 2.636360 1.146089 -2.546191 -0.660697 -1.270404 -0.016960 -1.016857 0.268304 0.086668 1.033242
6 -0.215194 -0.651853 -0.525451 -1.118963 0.274295 2.127239 0.127685 -0.878159 -1.525744 0.564593 -0.115095 0.511681 1.292488 0.132478
3 0.065191 -2.215770 4.201017 -0.196161 0.175574 0.285906 -1.024216 -0.416862 -0.123409 -0.146620 -0.922672 -0.321269 1.514874 -0.875583
3 -1.143186 -0.311524 7.012708 -1.703900 -0.833997 2.430032 -1.288428 0.136637 -1.471427 -1.202870 -1.307443 -2.345872 2.526277 -0.497007
11 -1.930671 0.163210 -0.296590 0.565882 0.527516 0.755437 -0.171530 0.517373 -1.239265 -0.809541 0.831493 0.325115 0.342633 0.418939
1 66.889100 -5.004420 -5.286915 -5.421082 -5.802476 -4.564508 -6.113165 -5.051605 -4.782124 -5.805744 -4.972755 -4.904420 -5.222836 -3.957048
11 -3.220990 -1.829882 1.688078 -0.903275 -1.558118 -0.787279 -3.556425 -1.981025 -0.344587 -4.070394 19.170262 -1.758315 0.554446 -1.402496
4 -0.938007 -0.821337 -0.060138 4.451738 -1.732663 1.056738 0.283594 -0.821370 -0.446774 -0.635459 -0.788729 -0.020318 1.412220 -0.939496
12 -0.012263 -1.171675 -0.010401 0.721785 -0.278375 -0.650533 -1.660520 -0.909610 0.251631 0.089042 -1.376361 4.710821 0.149945 0.146516
3 -0.798093 -0.541855 2.538667 -0.132983 -1.047392 0.556544 -0.684311 -1.200871 -0.524566 0.119442 1.013418 0.193951 -0.175961 0.684009
11 -1.330937 -2.503107 -1.824068 -2.116336 -1.201994 -0.343071 -0.442225 -0.256633 -0.865487 -2.324255 15.415411 -0.342859 -0.308489 -1.555948
3 -0.833368 -1.917808 8.762565 -0.695936 -0.901162 0.537547 -1.649346 -0.041972 -0.244704 -1.148413 -0.682526 -0.687224 0.704292 -1.201945
12 0.422155 -0.138909 0.748332 -0.829809 0.003529 -0.294812 -0.933984 -0.906847 -0.242853 0.625346 -0.193336 1.743332 0.109534 -0.111678
6 -0.759861 -1.146901 -0.364041 -0.655223 -0.077456 2.550342 0.554322 -2.105243 -0.156395 -0.700574 0.755798 -0.107781 0.460180 1.752832
6 -1.763233 -1.232487 -0.780691 -1.150350 -0.137941 2.900365 -1.192479 0.228234 1.949291 0.379648 -0.316936 0.245596 1.101058 -0.230075
13 -1.447228 0.958369 -0.423764 -0.550823 0.904234 0.528277 -0.725930 0.844517 -1.627542 -0.461262 -0.772915 0.257456 2.036424 0.480189
8 -3.013789 -0.147021 -0.941888 1.068439 -0.417787 0.053184 -0.217508 3.822958 -0.416255 -0.946325 0.096482 -0.189841 0.873118 0.376232
13 -0.622143 0.406075 -1.469258 0.016402 -0.219250 0.915278 -1.139156 -0.156834 -0.361927 -0.728205 -0.133597 0.646408 2.162049 0.684159
2 -1.175229 7.348055 -1.340355 -0.320255 -0.179266 1.547794 -1.915821 -2.397873 -0.791327 0.285709 -1.313138 -0.695991 2.632477 -1.684780
1 33.761555 -4.033303 -3.585035 -3.401745 -1.884052 0.950440 -4.527738 -1.651366 -4.308122 -2.840699 -1.220416 -2.862225 -2.096887 -2.300406
10 0.173347 0.607566 -0.703448 -0.164680 -0.062967 -0.298484 -0.816540 -0.034540 -0.757392 1.474461 -0.762508 0.374987 -0.204851 1.175048
5 -0.954996 0.024557 -0.538732 -0.364558 8.237887 -0.929111 -0.663858 -0.837643 -0.660475 -0.638815 -0.619340 -0.578950 -0.591223 -0.884744
6 -0.176119 -1.106980 -0.097853 -1.036625 -0.290676 2.101944 -1.147248 0.761619 0.389594 -0.418309 0.092653 -0.902182 1.473509 0.356672
6 -1.370552 -1.840704 -0.119395 -1.942107 -0.580580 7.680449 -0.212728 0.043586 -0.739404 -0.953710 -1.263779 -0.309355 0.437829 1.170452
14 -0.545533 0.991735 -1.364692 0.542879 0.472262 -0.289029 -1.729189 0.325004 -0.735600 -1.738398 -0.017068 0.970024 1.007371 2.110235
7 -4.629626 -3.993820 -3.834015 -3.959621 -3.907872 -3.767812 49.610928 -3.400810 -5.120468 -3.415311 -3.788827 -3.078211 -2.845345 -3.869191
14 -0.836136 -4.336850 -1.901417 0.372426 -1.117606 -0.629431 -0.260469 0.811691 -1.658156 -0.326262 -1.125190 0.264326 0.170540 10.572533
13 -0.743059 0.613585 -0.170746 -0.376281 -0.214970 -0.691538 -0.781963 -0.536877 -0.935560 0.365350 -0.551695 0.152549 4.910378 -1.039173
2 -4.006808 11.286202 -1.410620 -0.824041 -1.557350 -0.290946 -0.393122 -1.670790 -2.090496 -1.691742 5.190154 -1.477004 -1.361151 0.297715
2 -1.550228 9.474798 -0.059133 0.324519 -0.229398 -0.460873 -0.333665 -2.205361 -1.097732 -0.539137 -1.295336 -0.171024 -0.947772 -0.909660
1 2.022075 -0.919690 -0.844743 0.029309 -0.809446 0.034184 -1.052179 0.023111 -0.959311 -0.261294 0.038799 0.422249 1.077899 1.199036
7 -1.302267 -1.946640 -0.861468 -0.254761 0.075043 2.194006 3.665292 0.589887 -1.594013 -1.382587 0.565734 -0.351711 0.360894 0.242590
3 0.934100 0.522346 3.764941 -0.099489 -1.606650 -1.784500 -0.558373 0.908843 -2.529238 -0.192339 1.122097 1.043193 0.028370 -1.553299
13 -0.588656 -0.894530 -1.011526 -0.718049 1.126126 0.616971 -1.414074 0.605015 -0.980269 -0.561440 0.117177 0.041249 4.290053 -0.628048
3 -1.889163 -2.242599 23.589417 -1.449688 -1.991274 -1.544695 -1.690886 -1.824495 -1.799292 -1.685847 -2.327592 -1.728650 -2.097500 -1.317736
6 -3.807512 -2.735616 -0.302630 0.663313 -2.190066 15.110953 -2.828619 -0.858995 -0.304665 -2.459306 -1.397976 -0.716431 3.369800 -1.542250
12 -1.277072 -1.585977 0.733914 -1.477819 1.012889 1.351913 -2.304983 -0.508771 0.052424 1.171995 0.984838 2.534933 1.071390 -1.759673
6 -1.251315 -1.929603 0.999769 -0.552445 0.469924 2.543573 -2.539665 -0.147071 -0.067795 1.269001 -0.534530 0.962659 -0.449259 1.226755
13 -1.205879 -0.875780 0.232677 1.185390 -0.609723 0.824104 -0.348243 -1.535482 -1.445717 -0.015484 -1.448570 -0.137585 5.913909 -0.533618
11 -2.344084 1.329622 -0.840469 -0.373106 -1.295247 0.275510 -2.295189 -0.302412 -1.046239 -1.375138 9.886832 -0.772766 0.322992 -1.170305
13 1.362475 -0.194168 -0.958892 -1.012737 -0.294124 -0.469816 -1.428450 1.827009 0.155703 -1.319570 -1.236357 0.807025 3.284957 -0.523056
14 -1.203379 -1.389210 -0.090511 -1.209106 0.775660 -1.283369 0.491855 -1.359922 -0.794287 0.441083 -0.523262 -0.021971 -0.623794 6.790214
13 0.816131 -0.140925 0.456332 -0.951483 -1.054526 1.027283 -1.509252 -1.356984 -0.120922 -0.243494 0.479921 1.231303 2.219156 -0.852539
14 -0.070912 -2.634747 0.244072 -0.379544 -0.728807 0.439497 -2.898094 -1.277211 -1.017026 -0.062537 -0.894846 -0.182822 -1.630587 11.093564
11 -3.936066 -2.701675 -4.076647 -3.540500 -1.441887 -2.075447 -5.266412 -3.101676 -2.024697 -2.217223 33.549864 -0.528475 -0.865905 -1.773253
7 -0.404908 -0.541139 -1.191396 -0.488812 -1.184447 1.393853 3.436468 -0.780374 -0.444300 -1.105842 -0.076468 0.039660 0.816391 0.531313
6 -1.615649 -0.266708 -1.029846 -0.758377 -0.134950 8.102873 -1.897957 0.685194 -1.275719 -1.022949 -0.111421 0.373343 -0.336905 -0.710929
4 -3.436019 -5.258818 -2.335167 40.738129 -3.861835 -2.635048 -3.368120 -2.251721 -3.939235 -2.291594 -2.381780 -3.564117 -2.106756 -3.307918
4 -3.734030 -4.421358 -2.853757 41.839476 -4.290131 -2.492668 -3.527330 -2.589323 -3.572812 -3.144488 -3.048818 -2.915944 -2.226618 -3.022198
4 -3.245088 -0.905690 -2.711495 22.746526 -1.923982 -2.030427 -1.291600 -0.103235 -3.153190 -1.391512 -0.869259 -2.807627 -2.013406 -0.300016
7 -4.792150 -2.960874 -4.474831 -4.041179 -4.944444 -2.515494 52.865871 -5.575652 -4.639759 -4.434769 -5.030286 -3.185519 -2.843225 -3.427688
7 -4.919740 -3.677678 -5.647317 -5.909973 -4.794911 -4.734155 57.559442 -4.525255 -5.086096 -4.135155 -2.456494 -4.771871 -2.788999 -4.111797
7 1.221187 -1.400034 0.627179 -0.145390 -1.326653 -0.168042 3.067318 -1.108309 -1.053037 -0.647215 -0.728089 0.984385 1.239296 -0.562595
7 -4.984250 -6.368048 -5.736162 -6.110807 -6.025079 -5.098990 68.618117 -4.004844 -5.455467 -5.421576 -4.243618 -5.248842 -3.939092 -5.981342
7 -3.830882 -4.669898 -4.649793 -4.775357 -4.365156 -3.505657 51.137138 -2.867175 -4.366857 -4.020981 -3.921547 -4.470288 -2.687372 -3.006174
6 -2.440968 -1.117851 -0.759553 -1.170915 -1.220455 14.844352 -1.307606 0.066978 -1.643139 -1.449204 -1.443584 -1.224807 -0.032114 -1.101135
9 -1.589903 -0.226918 -0.037254 0.436858 -0.605138 0.645553 -0.741251 0.212059 1.790865 -0.566986 0.610542 -0.229419 0.309338 -0.008345
10 -0.990444 0.730462 1.179333 -1.583909 1.521988 1.521734 -1.281371 -1.441803 -1.139029 2.488961 -0.101332 0.455366 -0.708727 -0.651228
8 -1.551898 -0.553669 0.025784 -1.622066 0.136992 2.371107 0.641994 4.883596 0.190820 -1.791791 -1.243820 -1.246036 0.744928 -0.985940
8 -2.040203 1.494201 -0.961200 2.245231 -0.307062 -0.147613 -1.863420 2.946310 -0.362494 -0.475575 0.555611 -0.992993 0.436140 -0.526934
6 -1.005016 -1.972655 0.099123 0.065978 -0.575067 3.468721 -2.551502 -0.149739 1.262361 0.225589 -1.690691 -0.605360 1.411175 2.017083
4 -5.372120 -2.451701 -4.447122 40.887914 -4.296977 -3.185408 -1.403891 -2.151404 -2.081989 -3.124218 -4.469617 -4.633820 0.545026 -3.814672
4 -4.816077 -4.981467 -2.268815 40.961976 -3.788822 -3.357877 -4.510825 -2.956050 -3.439003 -1.861987 -2.838324 -2.900082 0.506158 -3.748806
4 -4.611759 -4.589064 -2.545040 41.550214 -4.347468 -2.967562 -3.647996 -3.541801 -1.056492 -3.443779 -3.319770 -2.281460 -2.440386 -2.757636
11 -0.959742 -1.639361 -1.160673 -1.810307 -1.049074 -0.241688 -4.423940 -1.043141 -1.209566 -2.168768 17.494965 -0.808354 0.802297 -1.782644
13 -0.688991 -0.463732 -0.866629 -0.811691 0.035097 -0.048720 1.382279 0.807723 -0.996979 -0.531147 0.854584 -0.553439 1.850287 0.031358
13 -0.982709 -0.027190 -1.416502 -0.185267 -0.276536 1.313923 -1.452662 0.258372 0.778319 -0.433155 0.198907 0.205905 2.338720 -0.320124
4 -3.955341 -2.557651 -4.065810 41.097430 -4.330016 -1.658842 -4.143837 -1.485116 -4.101991 -2.950872 -1.586262 -4.138090 -2.448042 -3.675559
5 -3.326162 -0.916188 -0.969570 -0.995200 18.662795 -1.008473 -2.189266 -0.765067 -2.696613 -1.853386 -0.877057 -0.757093 -1.070387 -1.238331
13 -1.298328 -0.297165 -0.379995 0.271812 -0.426522 2.151067 -0.436629 -1.365097 -0.408506 -0.773872 -0.549156 -0.531389 4.074410 -0.030630
13 -0.529123 -0.588176 0.015395 -0.096325 -0.031667 0.694675 -0.449900 -0.360353 0.195472 -0.384591 -0.530207 0.095905 2.460111 -0.491215
11 -2.117911 -1.161564 -1.238524 -3.047659 -1.403275 -1.094002 -1.658768 -1.173823 -1.816449 -3.352954 21.480700 -0.160235 -0.804859 -2.450677
11 -4.895641 -2.484856 -3.582921 -2.801370 -3.162002 -2.193212 -3.967371 -2.136187 -3.049059 -4.086706 40.677745 -2.680264 -2.030179 -3.607976
11 -0.550728 -0.889636 -1.279134 0.641655 -1.751110 0.560857 -3.502524 1.838987 -2.885284 -1.784713 10.431225 -0.096843 0.050622 -0.783376
6 1.525594 -1.212251 1.646233 -1.426345 0.314579 3.339230 -2.546522 -0.820850 -0.483973 0.475465 -1.903925 -0.043382 1.561592 -0.425442
1 27.837687 -0.981711 -2.519538 -2.990304 -2.268294 -1.474710 -2.799806 -2.108921 -3.330357 -3.402728 -2.398583 -2.197020 -0.584872 -0.780841
13 -1.810500 -3.193785 0.994743 -1.419022 -0.731387 0.535694 -0.222290 0.121075 -1.478659 -1.038959 0.258273 -1.653356 10.292535 -0.654361
3 0.018849 -1.216192 2.919399 0.590956 -0.838297 -0.547463 -1.836107 -0.374521 1.228353 -0.462400 -1.994300 0.198368 1.883198 0.430156
4 -3.324853 -3.954413 -3.089122 42.015777 -4.205972 -3.176462 -4.038240 -2.255670 -3.807425 -3.369217 -2.582667 -3.372998 -1.507883 -3.330854
4 -2.275903 -0.656221 -2.510268 41.119534 -3.197614 -3.479565 -4.115065 -2.892039 -4.580969 -3.962417 -2.068490 -3.353862 -4.266269 -3.760851
2 -1.941998 9.264987 0.082390 0.021924 -0.704010 0.734594 -2.834810 -0.693156 -1.697589 -0.881598 -1.219895 -0.765349 0.040234 0.594276
3 -2.011895 -0.760376 4.491668 0.817316 -0.453940 -0.328386 -1.799397 -0.760802 -0.278827 0.108864 -0.387139 0.686092 0.509505 0.167316
13 -0.463334 -0.266912 -0.113873 -0.207736 -0.142064 0.894173 -0.649066 0.452977 -0.193886 -0.244312 -0.034214 0.121048 1.186506 -0.339306
2 -3.631628 14.205353 -0.851962 -0.755717 -0.784665 -0.159068 -1.262142 -0.640615 -1.726393 -1.653322 -0.351024 -1.102263 -0.239067 -1.047487
13 -0.906402 -0.942199 1.374847 0.157449 0.225217 0.290877 -1.532606 -0.215686 -0.789886 0.753065 -0.121412 -0.004498 1.717840 -0.006607
1 27.856094 -3.719160 -2.851870 -1.947949 -2.843138 -0.937052 0.518541 -0.669891 -2.630938 -4.468531 -1.595132 -2.065898 -1.686741 -2.958334
7 -6.007937 -4.743515 -5.011776 -5.623470 -5.558299 -4.527033 67.183240 -5.092119 -5.823152 -5.059784 -3.713725 -5.181201 -4.613210 -6.228018
6 -6.886855 -4.507166 -2.971828 -4.397384 -3.835338 50.062148 -4.823378 -2.301033 -3.149074 -3.988724 -3.839480 -4.143593 -0.593179 -4.625116
6 0.353549 -2.422266 -0.829876 0.947815 -0.251765 1.193989 -0.551152 0.678567 -0.890546 -0.422862 0.420930 0.314363 1.041499 0.417753
13 -1.428459 -1.349645 -0.028334 -1.157036 1.090295 2.676482 -5.503858 -1.170129 -0.452504 2.147034 -0.229146 -1.261039 6.506561 0.159780
1 2.296271 -0.765458 -0.832291 -1.418559 -0.346740 1.871614 -1.210954 -1.135701 -1.198369 -0.366667 -0.339548 0.840814 1.422497 1.183092
3 -2.071994 0.289916 1.502455 -0.605610 0.109609 0.544988 0.736957 0.043063 -0.843280 -0.468438 0.595289 -0.448557 0.389013 0.226589
10 -0.150877 -0.726833 0.586654 -1.268806 -0.489799 0.594501 -1.363573 -0.496035 -0.697299 2.098559 -0.297975 0.650461 0.519823 1.041201
1 2.735235 0.395234 -0.914781 0.385716 0.083630 1.013579 -1.743058 -0.511123 -0.765984 -0.912080 -0.596176 -0.219314 1.747963 -0.698840
5 -0.769158 -0.901628 -0.419121 -1.510706 2.721531 1.292927 -0.659950 2.571421 -1.350522 0.557362 -0.654385 -0.512779 1.286903 -1.651895
7 -2.839806 -3.860357 -3.165811 -4.270855 -4.170826 -3.865866 49.519339 -3.370479 -4.565865 -4.917459 -3.194562 -3.984377 -2.739719 -4.573357
2 0.000000 0.399521 0.000000 -0.089923 0.000000 -0.200388 -0.083173 0.399521 -0.073719 -0.019159 -0.086256 0.000000 -0.209700 -0.036724
11 -1.082363 0.672981 -0.769320 -1.211362 -0.295763 0.867335 -1.885848 -0.806047 -0.850140 -1.033846 7.792899 -0.831287 0.099890 -0.667128
10 0.778811 -1.618831 0.315783 -0.222499 0.026045 -0.493653 -2.942404 -0.803638 -0.136295 6.057348 0.084903 0.289896 -1.138992 -0.196474
12 -0.781582 0.255984 -0.572649 -1.404051 -0.052779 0.024616 -0.318122 -0.349994 0.411539 -0.762123 -0.143404 1.331501 1.085549 1.275517
13 -0.964613 -1.044982 1.560451 -0.285724 -0.278715 0.862654 -1.446005 -0.054501 -1.282620 -0.137360 -0.332850 -0.642178 5.222588 -1.176144
2 10.665782 15.449602 -4.226523 -2.888344 -1.374881 0.660744 -4.823531 -1.911845 -2.506283 -3.066651 -0.372393 -2.248055 -0.733548 -2.624074
13 -0.650890 -0.266912 -0.187553 -0.306995 -0.170648 0.894173 -0.644659 0.698262 -0.343908 -0.349224 -0.034214 0.503881 1.309515 -0.450828
2 -2.304872 14.512613 -2.385185 -2.848829 -0.056952 0.448478 -0.277014 0.038195 -0.567157 -0.978759 -2.342045 -2.821946 0.706592 -1.123121
4 -1.323979 0.101408 0.012886 0.800475 -0.050737 0.538851 -0.598245 0.154676 -0.537211 -0.129616 0.399098 0.061493 0.475809 0.095092
4 -4.703001 -4.703191 -4.084117 39.726777 -5.005307 11.459033 -5.905432 -3.570586 -4.505411 -4.319627 -4.884567 -3.788700 -0.910621 -4.805251
1 52.420821 -4.269935 -4.336047 -4.615290 -4.210146 -3.257062 -4.876648 -3.499137 -3.370508 -4.317329 -3.736651 -4.133709 -3.001820 -4.796536
1 51.252811 -2.712017 -4.104243 -4.409558 -4.380863 -3.487186 -6.171562 -2.846134 -3.997687 -3.060841 -3.499420 -4.585637 -3.980912 -4.016750
1 33.469823 -2.181889 -2.873345 -3.781617 -3.231661 -2.755996 -2.911501 -0.800241 -1.781022 -2.606718 -2.629365 -2.525564 -2.582527 -2.808379
8 -1.335866 1.178084 -0.497567 -1.361439 -0.084416 0.312913 -0.496391 2.868860 0.867217 0.073162 0.745278 -1.748859 1.441896 -1.962872
4 -3.799306 -4.306959 -3.198051 44.643737 -4.122395 -1.655330 -5.158883 -2.301175 -4.377393 -3.568005 -2.552795 -3.760374 -3.573609 -2.269461
13 -1.483146 -2.445840 -0.680082 -1.336609 0.322428 0.630351 2.266193 1.040648 0.065596 -0.817268 0.426641 -0.994152 2.861531 0.143709
2 -2.696257 12.537448 -1.539547 -1.258837 -1.543884 0.826501 0.267680 -1.183054 -1.411232 -1.267699 -0.635822 -0.434227 0.321929 -1.982999
1 3.816798 -1.121707 -0.464523 0.071302 0.363004 -0.295646 -0.877269 -0.369876 -0.947533 -0.277688 -0.858045 -0.208497 1.588517 -0.418835
6 0.927905 -0.956364 -0.541710 -1.982604 -1.023958 2.829944 2.382309 1.314096 -0.938570 1.327550 -1.158032 -0.878420 0.665721 -1.967867
13 0.309703 0.337853 -0.102314 -1.128597 -1.309252 -0.221701 -1.662312 -1.108031 0.309142 -1.231267 0.370285 1.098180 4.623713 -0.285402
9 -1.027832 -0.081397 0.062742 -1.111949 0.429796 1.408145 -1.365469 0.090836 2.206153 -1.043241 0.083456 0.149296 1.910518 -1.711052
9 -1.864078 -0.937565 0.513604 -1.237338 0.006639 0.921440 -1.249341 0.962020 2.957190 -0.273087 -0.640523 -0.253375 1.945487 -0.851072
5 0.937225 -2.209903 2.180654 -0.570117 4.767719 3.276427 -0.017607 0.340785 -1.500535 -1.773880 -1.154070 -0.618634 -1.122469 -2.535594
4 -3.445972 -3.849353 -2.876467 42.010770 -4.343191 -3.398770 -4.655178 -2.158271 -3.353842 -3.748696 -2.876219 -3.087097 -0.961907 -3.255807
4 -4.091906 -2.252542 -2.212112 41.633606 -3.129129 -3.066315 -3.863419 -2.745411 -2.683318 -3.658568 -4.514096 -2.858975 -2.891288 -3.666527
4 -3.973797 -4.511767 -1.615944 45.602909 -4.925661 -3.696579 -5.006805 -2.679338 -4.326151 -1.933003 -3.668214 -2.882271 -3.319282 -3.064096
4 -2.466070 -1.728604 -1.563619 24.245798 -2.163618 -2.110876 -2.031809 -1.642761 -2.120576 -1.621861 -1.316385 -1.759258 -2.313294 -1.407069
4 1.168758 -1.993420 -0.764357 4.479889 -0.951147 0.842205 -3.299106 2.001741 0.897180 -0.172091 -1.870837 0.581452 -0.260007 -0.660259
1 25.845401 -2.958902 -2.440051 -2.276676 -1.730398 -0.720207 -3.843509 -1.493413 -2.144566 -1.397728 -2.203241 -0.239565 -1.312806 -3.084339
7 -0.331645 -2.746270 -0.318956 -1.176380 -1.536760 0.928262 3.436643 0.464017 -0.703232 -0.272553 0.274602 0.446150 1.564356 -0.028232
8 0.367826 -0.938609 -1.248490 -0.159163 -0.060665 0.670933 -0.426762 2.227467 -1.462131 -0.298408 0.205470 -0.272538 1.603414 -0.208344
1 30.988844 -2.958888 -2.662607 -2.803386 -2.031405 -2.426780 -3.502012 -2.332255 -1.751734 -3.128479 -2.244750 -2.173000 0.078509 -3.052058
1 30.848072 -2.372717 -2.735722 -0.468985 -3.567149 -1.040157 -2.175055 -3.039489 -2.115334 -3.659268 -3.338526 -2.099532 -0.901059 -3.335078
3 -0.900234 -1.907221 3.717418 -0.667942 -0.801262 0.306930 -0.711456 -0.354286 -0.577847 -1.060948 0.706353 0.881246 1.558487 -0.189239
3 -2.169015 -1.261127 7.412004 -1.911084 -1.082332 1.769982 -0.278461 1.129918 0.083486 -0.885613 -1.490941 -0.854265 1.638211 -2.100764
1 23.084337 -2.784724 -2.617037 -0.887884 -2.326202 -0.731465 -3.605335 0.191513 -2.043935 -2.734811 -2.315785 -1.367751 0.010123 -1.871042
3 -1.413234 -0.839609 20.428729 -2.502738 -1.015401 -1.808694 -1.232198 -1.115502 -1.415081 -1.690418 -1.027184 -1.525010 -2.503134 -2.340528
6 -0.458763 -2.828371 -0.790346 -0.940760 0.614783 1.747987 -1.684069 0.267003 -0.031912 -0.201434 0.705658 0.423712 1.695612 1.480899
14 -1.847802 -2.493218 0.146468 -0.450014 -0.395692 0.556156 -1.271246 0.311644 -1.958429 -0.940543 1.085401 -1.316408 0.170913 8.402771
8 -1.202109 -0.072156 -0.774690 -0.074768 -2.817692 -0.115347 2.421124 6.591434 -1.025036 0.017199 -1.076368 -0.679051 0.188435 -1.380975
3 -0.463999 -1.103415 5.899341 0.901925 -1.250755 0.067374 -0.760876 -0.624294 -0.236480 -0.931552 -1.007622 0.116134 -0.524425 -0.081355
6 -2.468987 -1.154108 -1.464813 -1.423682 -1.710133 17.888204 1.459574 -2.028203 -1.554493 -2.063994 -1.390940 -1.890007 -0.318385 -1.880034
3 -1.982292 -1.443652 1.862342 -0.615772 -0.367084 1.568477 -2.292162 -1.040031 0.886541 0.647446 0.421414 0.984984 1.779119 -0.409331
3 -1.255011 -1.529876 14.933274 -2.351851 -1.586403 -0.234590 -2.942865 -1.534836 -0.982590 -0.870927 -0.553826 0.333254 -0.385026 -1.038727
14 0.249818 -0.248926 0.234766 -0.039277 -0.070948 -0.231613 -0.473143 -0.261635 0.324085 -0.495449 0.215661 0.237150 0.209129 0.350384
11 -2.357116 -1.821904 -2.206029 -0.422521 -0.572020 -0.610943 1.214689 0.967325 -0.359201 -1.644526 6.697051 -0.442329 1.467181 0.090344
11 -2.493732 -1.878085 -0.744582 -0.054614 -0.776237 0.071661 -0.777242 0.752042 -1.795975 -0.571916 6.495286 0.154174 0.981769 0.637449
11 -3.112569 -3.649264 -3.028752 -1.640310 -2.488201 -2.286645 -3.035280 -1.562513 -2.152456 -3.121729 31.631073 -2.476028 -1.353239 -1.724087
11 -1.350885 -0.140253 -0.725576 0.558993 0.888098 0.651251 -2.127763 0.428023 -2.404180 -1.577847 3.692701 0.722073 1.349817 0.035549
1 31.868549 -2.150552 -1.715289 -3.035810 -1.527748 -1.479037 -4.323295 -2.071717 -3.394227 -3.202850 -2.805109 -1.326979 -2.081788 -2.754148
5 -3.344325 0.834049 -0.929485 0.269237 6.060692 1.620347 0.166353 -1.407635 -1.513294 -0.717434 -0.524200 0.066226 0.654688 -1.235219
4 -4.360616 -3.287637 -3.818620 45.086612 -3.519531 -2.093592 -4.306856 -2.627572 -3.541874 -2.981058 -4.626459 -2.000332 -3.538895 -4.383571
7 -4.427991 -3.622051 -5.409708 -3.984782 -3.919946 -4.585040 62.498459 -5.734711 -5.324207 -4.422869 -7.958670 -4.975902 -3.901429 -4.231151
3 -1.161742 -1.249651 1.461843 -0.815872 0.096444 1.460009 0.079868 0.301093 0.424696 1.223326 -0.569540 0.244893 -1.678211 0.182845
5 -2.392320 -0.894031 -1.325296 -1.035860 13.662817 0.609653 -2.158030 -0.230227 -1.507142 -1.538226 -1.370651 -0.891055 0.127500 -1.057133
4 -3.893446 -3.608896 -2.913587 42.781808 -1.818162 -3.384903 -4.332578 -2.191308 -3.098901 -3.510205 -4.221810 -3.121529 -2.500008 -4.186473
6 -2.257094 -1.913639 -3.722373 -3.328372 -2.261834 32.410870 -4.313514 -1.406634 -2.003883 -2.534776 -3.691060 -1.702481 -1.155956 -2.119254
8 -2.001365 -1.231090 -0.744823 -0.220041 -0.401785 2.812824 -1.441774 3.840411 -0.507008 -1.050014 -1.292406 1.389734 2.048508 -1.201171
6 -3.241610 -3.266409 -2.372644 -2.399422 -2.432180 32.841609 -3.290115 -1.617118 -2.343332 -2.611368 -2.221313 -2.355800 -1.257368 -3.432927
6 -0.297053 -1.497465 -0.278805 -1.227535 -0.462068 6.951959 -0.208338 0.297595 -0.428888 -1.538545 -1.548905 0.198794 -0.079533 0.118787
3 0.480565 0.537073 1.238553 0.229401 -0.707896 0.226773 0.038943 0.681352 0.971608 -1.023997 1.040221 -1.242112 -1.486823 -0.983661
13 -1.316718 -1.316349 -0.140082 0.245338 -0.197695 -0.295329 -1.584177 -0.939342 1.919281 -1.281184 -0.894490 -0.073697 6.225943 -0.351498
13 0.526208 0.031599 -0.328627 -1.042047 -0.571258 0.948371 -1.314248 -0.662066 -0.728005 -0.152425 -0.288177 -0.161987 4.345318 -0.602657
13 -0.941049 -0.187472 -0.638151 -0.680945 -0.211738 1.952576 -1.186597 0.181333 0.071744 -0.984550 -0.092227 -0.284485 2.390350 0.611212
13 -1.584382 -1.341871 -0.803455 -1.350762 1.057297 1.187135 -0.336229 -0.047498 2.383412 -0.051481 -1.581936 -0.372228 2.432320 0.409679
12 -0.454868 -1.712811 0.607848 -0.643977 -0.984742 0.679170 -1.156532 0.065664 -0.119222 0.263475 -1.035452 3.205597 1.054857 0.230992
4 -3.734172 -4.692810 -3.142904 42.329327 -4.073127 -3.698949 -3.337320 -1.515551 -3.084560 -3.692066 -3.157553 -3.182196 -2.598227 -2.419892
14 0.583895 -1.617789 0.038129 -0.648702 -0.166430 0.599478 -1.453289 0.295368 -0.670282 -0.779129 -0.136962 0.343763 1.800894 1.811057
4 -2.749164 -2.552247 -2.435725 28.780621 -2.740493 -3.200074 -3.285604 -2.526798 -2.935785 -2.309732 -1.407029 -1.770160 1.243673 -2.111485
4 -4.406152 -3.369317 -3.596162 48.027871 -4.600899 -2.963121 -2.754496 -3.060659 -4.012451 -4.914168 -2.768026 -4.209452 -3.658527 -3.714439
3 -2.701477 0.435970 27.942302 -2.692724 -3.000415 -0.686805 -2.396258 -1.898654 -1.210978 -3.186804 -1.655992 -2.479630 -2.611541 -3.856993
3 0.071284 -0.370422 3.632382 1.787488 -1.478386 -0.039309 -0.697718 -0.015735 -1.295832 0.175962 0.082895 -1.298148 0.446178 -1.000639
13 0.450184 0.216786 -0.344950 -1.140430 -0.740694 0.591578 -0.454378 1.302382 0.569337 -0.469184 -1.536023 1.113907 2.347278 -1.905792
6 -1.230541 0.068160 0.020133 0.303576 0.247050 1.420009 -2.840894 0.663982 -1.424529 0.086564 0.616183 0.179927 1.358343 0.532038
13 -1.802912 -1.139119 0.156886 0.850699 -0.684167 0.388405 -0.043109 0.191183 -0.481578 -0.566363 -0.058607 0.273204 3.165030 -0.249550
14 -1.405034 0.158800 -0.503827 -0.945894 -0.202060 0.874533 -1.467177 0.233276 -0.246952 0.450055 0.716963 -1.347397 0.908664 2.776051
14 -3.064327 0.817676 -0.261960 -0.746293 1.309977 0.646281 1.532405 0.262160 -1.235097 -1.762140 0.801724 0.014072 0.059153 1.626369
13 0.212608 -2.270728 -0.246340 1.049337 -0.298922 0.817720 -1.065829 0.236680 -0.105757 -0.714658 -0.551031 0.512214 2.198828 0.225879
13 -0.006881 -1.630409 0.709476 -0.844547 -0.115834 1.463422 -1.302146 -0.103974 1.031017 0.067460 -0.893963 -1.024593 1.626657 1.024313
4 -3.056990 -4.589576 -3.787348 40.684563 -3.792844 -2.299076 -3.200410 -1.320681 -1.463706 -4.849492 -2.843698 -4.127644 -1.969208 -3.383889
4 -3.566555 -4.226203 -3.107502 41.378194 -4.477996 -2.743964 -3.877643 -1.558094 -3.321704 -3.048805 -3.059283 -2.998836 -1.838051 -3.553558
1 2.916112 -1.091065 -0.928753 -0.481934 0.077268 1.068981 -0.996377 1.153204 -1.103100 -0.861780 -1.013884 0.518551 0.729966 0.012810
12 0.645684 1.117848 -1.220616 -1.517096 0.062305 2.837102 -2.000789 1.310244 -1.701247 -1.347415 -1.235703 2.865084 1.618937 -1.434336
1 16.577703 -1.977096 -1.334487 -1.268492 -1.757788 -0.341685 -1.785836 -1.058136 -2.097325 -1.705975 -1.052148 -0.702386 0.244261 -1.740610
14 0.728847 -0.876780 0.350180 0.317019 -1.245427 0.635270 -1.433920 -0.684034 0.493802 -1.542657 -1.610156 1.702174 1.288853 1.876830
1 1.545988 1.074683 0.852223 -1.084070 0.159228 0.541873 -1.190535 -0.773548 -1.554011 0.728391 0.840013 0.233525 -1.322906 -0.050855
4 -3.026609 -3.815879 -2.375334 24.743643 -3.608101 -0.781246 0.070636 -1.254824 -1.031231 -0.561691 -2.733294 -1.269588 -2.287489 -2.068994
5 -2.373890 -0.130674 -1.621643 -0.397514 11.161805 -0.833094 -1.625686 -1.454238 -0.587859 -1.435057 -0.416076 0.938365 1.385323 -2.609763
4 -3.582729 -4.326820 -3.137849 43.416256 -2.902958 -1.964979 -5.997663 -2.724137 -3.952442 -2.308291 -3.768654 -1.919602 -3.839070 -2.991062
14 -0.124362 -2.151013 -0.668596 -1.173513 -0.331627 0.779872 -1.062079 -0.287391 -0.126302 -0.993372 -0.167485 -0.997701 0.874401 6.429169
6 -0.795504 0.506542 -0.006100 -0.267796 0.595017 1.264753 -1.032085 -0.011211 -0.182322 -0.295768 -0.474196 0.000434 1.147511 -0.449277
13 -0.539795 -0.285320 -0.491934 -0.812459 0.120705 1.236427 -0.256924 0.894480 -0.276620 -0.317067 -0.107118 0.041864 1.257577 -0.463816
4 -4.268393 -4.196986 -3.495069 41.919298 -5.199128 -2.074060 -1.698338 -1.231284 -3.501499 -3.752324 -3.526819 -1.830100 -3.073615 -4.071686
10 0.930171 -3.395503 1.706252 -1.842288 -2.027668 -1.048638 -1.569809 -1.954913 -0.641436 5.377697 0.199835 3.861325 -0.298250 0.703227
14 -0.191687 -0.639979 -0.786866 -2.104910 0.167076 1.311321 -1.783089 -0.190725 -0.084242 0.952831 -0.178776 -0.917622 1.944530 2.502136
6 -3.403043 -2.287085 -1.814018 -1.665261 -2.549006 26.971094 -2.405002 -2.596858 -1.198372 -2.031831 -1.323156 -1.226570 -1.648279 -2.822612
6 -0.428453 -0.205101 -0.591883 -0.876908 1.112192 1.355622 -1.250730 0.024216 0.567682 0.388412 -0.197803 0.608282 1.171099 -1.676627
13 -1.000700 -0.832403 -0.161539 0.786047 0.171666 1.118745 0.134444 -0.716136 -0.263051 -0.103056 0.278217 -0.446847 1.340090 -0.305476
4 -5.265908 -4.057789 -3.975777 43.515722 -4.566429 0.155514 -4.103114 -1.900073 -3.687040 -4.012707 -3.247878 -2.961335 -1.972456 -3.920730
10 1.858183 -1.211962 -1.023991 -1.301144 -0.573713 -1.259278 -3.556978 0.252977 0.890098 6.818940 -0.039716 -0.251059 1.865775 -2.468133
8 -0.746234 1.417296 -0.763197 -1.084249 -2.463046 0.258460 -2.020633 7.836006 -0.446708 0.889080 -1.047831 -0.832245 0.597647 -1.594346
8 -1.191494 -0.583625 0.283009 -0.865542 -1.485867 1.176827 -1.724191 4.691724 -0.097956 0.045318 -1.133125 -0.252404 2.083246 -0.945919
1 26.639506 -3.416688 -2.157188 -0.600224 -1.060916 -2.715397 -2.432566 -2.686354 -2.220040 -2.979659 -2.031466 -2.423726 0.640234 -2.555514
4 -2.174954 -0.998705 -2.024979 23.856129 -2.939722 -2.379079 -3.223914 -0.987168 -2.328835 -1.894941 -1.443403 -1.552805 0.046479 -1.954104
5 -0.867437 -0.475230 -0.676023 -2.172914 8.166317 -1.638818 -1.730406 1.912495 -0.291314 -0.933036 -2.087167 -1.579653 3.243474 -0.870289
11 -2.969963 -0.993479 -2.859364 -1.620981 -1.448119 -2.408195 -2.973570 -2.542326 -2.711061 -1.743657 30.850429 -2.876862 -1.852662 -3.850190
3 -1.288640 0.006257 1.129609 0.672890 -0.203268 0.529114 -0.072234 -0.065463 -0.931145 -0.930441 0.167168 -0.332552 0.474937 0.843769
8 0.206880 -2.275307 0.089443 -0.589352 0.428111 1.263621 -0.933132 1.422453 0.533436 0.683256 -2.020944 0.523625 1.246215 -0.578304
8 -0.266264 -1.414259 -0.672215 -0.512408 0.522295 2.431369 -2.053839 3.619032 0.843095 -0.895706 -0.984128 -0.013138 0.007696 -0.611532
8 0.739504 0.271130 0.259680 0.016127 0.913910 0.906177 -1.547781 1.739953 -0.973871 -1.302434 -1.666282 0.117515 1.534983 -1.008611
5 -1.322352 -2.578151 -0.507159 2.960033 3.261811 1.829317 -2.469601 1.011409 0.279616 -1.644371 -1.033092 -0.044918 1.521511 -1.264054
13 1.926390 -0.030144 0.081493 -0.433625 0.398514 -0.146739 -1.107515 0.629970 -0.712890 0.631255 -1.228514 -0.477583 2.089543 -1.620154
4 -4.037738 -4.594558 -2.182542 42.597480 -4.533779 -3.753774 -3.596229 -1.869650 -2.635852 -3.292457 -2.492354 -2.992250 -3.623996 -2.992303
12 -2.770566 -0.054522 -2.187655 0.468075 0.660050 0.835701 1.175265 1.224729 -1.631858 -0.491254 0.785057 1.296805 0.305324 0.384849
13 -1.080411 0.318199 0.065642 0.373768 -0.411291 0.724592 -2.755950 -0.627144 -0.822245 1.358083 -0.855246 -0.397191 4.835409 -0.726215
1 14.895745 -3.717198 -0.784083 -0.632625 -1.717166 -1.861642 -1.359412 -2.677923 -1.700487 -0.142653 -1.690351 2.690292 -1.304123 0.001627
6 -2.372045 -2.040623 -2.556674 -1.746585 -1.167781 23.788201 -2.991482 -1.182714 -1.589217 -2.371312 -1.457785 -2.213976 -0.668939 -1.429068
3 -2.237626 -1.696323 4.391581 -2.592516 0.573568 0.672735 -0.078124 -0.330606 -0.973787 -0.784504 -0.267016 1.750787 1.884998 -0.313169
2 -0.673460 2.619688 -2.329835 0.173037 2.585886 0.727783 -0.844652 2.102394 -0.375809 -1.426891 -2.283441 -0.884304 1.431561 -0.821956
8 -2.513373 -1.734789 -0.993674 0.660059 -1.071068 1.403938 -2.516635 12.077883 -1.869106 -2.252080 -1.163451 0.215915 0.060281 -0.303902
13 -0.819932 -0.696480 0.032052 -0.880721 0.534700 0.471122 -0.816990 0.728300 -0.169063 0.520773 -0.301145 -0.072442 1.240067 0.229760
1 2.625964 1.241490 -0.144939 -0.385240 -0.452577 -0.510090 -0.209805 0.199951 -0.917902 0.449236 0.108038 -0.598950 -0.305360 -1.099816
6 1.234075 -1.939842 -1.993979 -0.784886 -0.501467 13.225209 -2.998932 -0.986791 -0.890344 -1.859982 -1.739605 -0.498084 1.255942 -1.521314
8 -1.783196 -1.122771 -0.535845 1.262503 -0.952905 0.797519 -1.693240 2.086167 -0.590176 -2.163245 0.056443 1.376264 1.673035 1.589447
3 -0.256378 -0.806321 6.584941 -0.528769 -0.862093 0.101280 -1.651857 -0.643127 -1.239694 -0.553130 -0.030078 -0.639597 1.232455 -0.707633
12 -0.443563 0.147280 -0.458648 0.308773 -0.189673 -0.765465 0.698761 -0.398182 0.577872 -0.382022 0.166621 0.817992 0.006311 -0.086057
1 2.882119 0.093973 -1.778246 0.147029 -2.460529 1.511694 -2.710898 -0.470530 0.125797 0.615702 -1.351819 0.595848 1.233407 1.566453
6 -0.723434 -0.406696 -0.017751 -1.109990 -0.265767 1.980300 -1.512324 0.193191 -0.282692 -0.101660 0.268813 -0.158947 1.405299 0.731658
11 -1.284264 -1.102118 -1.770494 -0.997519 -0.290838 -0.977307 -2.617378 -0.010374 -1.269739 -1.071029 12.496113 -0.571817 -0.431002 -0.102235
13 -0.536147 0.372229 0.028316 -0.265854 -0.430349 0.614226 -0.846608 -0.098293 0.037941 0.671212 -0.422061 -0.470253 1.637946 -0.292305
12 -0.278566 0.182377 -0.569414 -0.803450 -0.603309 0.978568 -2.192507 0.198778 0.308658 1.104757 -0.808093 1.240044 0.241264 1.000894
1 54.677874 -4.793467 -4.239178 -4.591102 -4.268277 -3.300085 -6.143223 -3.613058 -4.346468 -4.329240 -4.205092 -3.517258 -2.769206 -4.562219
7 -3.685300 -4.387596 -4.227872 -4.195730 -3.410965 -2.916111 48.073828 -4.718263 -3.643242 -4.044377 -4.601589 -1.855053 -2.596747 -3.790983
13 -2.812078 -1.604468 0.827031 0.208183 0.167946 -0.108401 -0.546817 0.801336 0.942724 -0.331199 0.261031 1.173847 1.358804 -0.337939
13 -1.120046 -1.324063 -0.128942 -1.309118 -0.047638 1.183058 0.893680 0.520097 -0.642793 -0.983248 0.022700 0.395925 2.440622 0.099766
1 27.025082 -2.799472 -1.243924 -2.475512 -3.058944 -2.134989 -1.403766 -1.538057 -1.901242 -2.551951 -1.849980 -2.796928 -0.410626 -2.859691
1 20.389617 -2.372743 -1.410764 -1.621453 -1.910671 0.533385 -5.099712 -0.316167 -0.936023 -1.163933 -1.064137 -2.376930 -0.791888 -1.858579
13 -1.490307 1.465050 -0.713933 -0.743042 -0.119765 0.263084 -0.040680 -0.724725 -0.931671 -0.534099 0.015936 0.801012 1.793010 0.960129
6 -1.885755 -0.898927 -0.848674 -2.090948 -0.334538 15.025819 -4.000729 -0.965886 -1.623207 -1.612066 -0.691401 -2.444763 3.863953 -1.492878
5 -3.443339 -0.661733 -0.879799 -2.276267 11.516341 -0.795887 0.121542 0.456362 -1.829460 0.051600 -2.192891 -0.898960 -0.761426 1.593917
6 -0.399402 -0.085405 -2.045206 -0.957823 -1.824287 13.076348 -2.995174 -0.279177 -1.419712 -1.425204 -2.174706 -0.585585 -0.470546 1.585879
3 -0.495724 -1.768633 2.533201 -0.332632 -1.350400 0.508355 -2.556325 0.237670 -0.269896 -0.274760 1.695397 2.112058 1.238883 -1.277192
2 -0.216331 2.504715 -0.641138 -1.964307 -0.714050 1.282485 -0.105200 0.321270 -2.484996 -0.204639 -2.129382 2.421477 1.777359 0.152738
3 -1.327121 -1.303865 14.763862 -2.313047 -1.295612 -0.240567 -3.024284 -1.495990 -1.184612 -0.817418 -0.543014 0.293993 -0.544011 -0.968313
14 0.529350 -0.766409 1.334743 -0.858208 0.271084 1.297072 -2.505949 -0.268887 -0.927940 1.720114 -0.377473 -0.923126 -0.404564 1.880196
6 0.364305 -0.280640 0.277017 0.211598 -0.180067 0.571019 0.000000 -0.186795 -0.242032 -0.199876 -0.083230 -0.067127 -0.082667 -0.101505
3 -2.863017 -0.070869 3.337293 0.080509 0.327009 2.493981 -0.803295 0.114314 -1.460771 0.167653 -0.198788 -0.966413 0.820327 -0.977932
10 -2.166480 0.700311 -0.687218 -0.177996 -0.558735 0.589879 -2.273438 -0.256755 0.041719 8.658528 -1.611599 -0.154099 -0.849961 -1.254156
13 -1.327651 -3.241043 0.605429 -0.614059 1.657812 -0.124149 -1.671904 -0.209061 -1.464079 2.037453 0.579429 1.235675 2.448327 0.087820
7 -5.191370 -3.298879 -4.419912 -4.708030 -4.734330 -3.508417 55.910293 -2.686314 -4.342705 -4.317269 -6.294683 -4.468682 -2.998847 -4.940855
11 -1.562688 -0.764701 -0.339189 0.561607 -1.181194 1.222734 0.146244 1.570225 -1.774967 -0.863111 2.139035 0.339299 1.535441 -1.028734
12 -1.692686 -1.171768 0.260308 0.212143 -0.504235 0.481492 0.287000 -0.972768 -1.001813 -0.588571 -0.087248 5.480825 -0.168347 -0.534331
6 -1.248589 0.105904 0.012886 0.466350 -0.001122 0.694292 -0.497213 0.202170 -0.908378 -0.125939 0.453213 0.181485 0.569848 0.095092
11 -4.170030 -3.190324 -1.901624 -1.788625 -0.506204 -1.538540 -4.066087 -2.394124 -0.200580 -3.092620 26.417229 -1.285916 -0.238358 -2.044196
11 -4.840249 -2.616161 -2.591663 -2.684297 -2.615111 -1.701438 -3.990001 -2.024631 -2.717674 -2.723055 34.936284 -2.370496 -1.398594 -2.662914
2 -0.409633 1.279222 0.567870 -1.072163 0.361755 1.199225 -0.889931 1.059916 -1.052875 -1.025694 -0.090076 0.661627 0.084304 -0.673547
3 -1.255225 -1.266172 13.927831 -2.313047 -1.158886 -0.234590 -2.576765 -1.341362 -1.141933 -0.719093 -0.556901 0.347002 -0.570784 -1.140076
11 -1.156692 0.955135 -0.980940 -0.645761 -0.569060 0.152596 -0.178728 0.558772 -1.667767 -0.053307 1.605015 0.308480 1.184846 0.487413
13 -2.622544 -0.233528 0.298712 0.155212 0.621762 -0.354740 0.537352 -1.064482 -0.807813 -1.067283 0.014506 0.883417 1.913347 1.726082
11 -2.116077 0.607841 -0.451234 -0.427925 0.634453 0.777838 -1.507491 -0.486414 -0.577499 0.046145 3.279257 0.036873 0.995240 -0.811005
7 0.057280 0.083354 -1.989701 -0.286539 -0.118522 -0.569733 2.253648 0.378429 -0.012879 -0.350458 1.182220 -0.875406 -0.002666 0.250972
4 -0.876040 0.828866 -0.046955 1.772198 -0.532663 0.235256 -0.481958 -0.027530 -0.752752 -0.374033 0.172459 0.047467 0.363612 -0.327927
11 -0.530462 -1.302619 0.984343 -1.517693 -0.340048 -0.742397 -0.537643 -0.369851 0.328370 2.224727 2.495401 0.437230 0.681847 -1.811206
11 -5.212849 7.687915 -4.811640 -3.114225 -1.389155 -2.459274 -0.958776 -0.379001 -4.061159 -3.800064 24.423253 -3.392241 -1.522473 -1.010311
10 0.063236 -0.638695 -0.440307 -0.753758 0.005925 -0.701786 -0.291776 -0.842789 -0.306901 5.253683 -0.527781 -0.116409 0.368525 -1.071167
11 -1.827326 -2.597497 -3.765308 -1.519357 -1.644191 -1.019804 -5.643506 -2.077811 -3.381713 -1.544026 30.642369 -1.514579 -2.720275 -1.386977
11 -2.013343 -1.173216 -1.221546 -0.931302 -1.026608 -1.065190 -2.388958 -0.278560 -2.912926 -0.155815 14.903706 -0.718647 -0.218217 -0.799379
6 0.216002 -1.897781 -1.281923 1.233917 -1.189157 11.097864 -1.216628 -0.509605 -1.601287 -2.015043 -2.363099 -0.198738 0.980474 -1.254995
13 -1.063065 -2.083673 -0.888194 -1.511716 -0.045208 -1.266051 -1.423859 0.359929 0.502480 -1.108767 -0.405239 0.433740 8.989018 -0.489394
2 -0.403329 4.523244 -0.854302 -0.054612 2.399278 0.882816 -1.998578 0.501639 -0.906558 -1.249979 -1.209632 -0.853047 0.652931 -1.429870
2 -1.264371 5.213099 -2.224531 -0.764246 -0.086679 1.166016 -1.163975 0.379490 -2.224108 -0.312662 0.454231 0.400051 -0.026387 0.454070
11 -1.134821 -0.736879 -0.183344 0.144106 0.408033 0.161232 -0.152303 0.655249 -1.072494 -0.240758 1.429996 -0.536750 0.441380 0.817352
14 -0.890679 0.002831 -1.530939 -0.276380 0.473613 -0.854196 -2.228532 0.126366 -1.951516 -1.756009 3.748538 -0.652198 1.333433 4.455669
6 -1.736512 -0.518556 -0.434703 0.311049 0.753818 1.367721 -0.078686 0.615234 -1.702877 -1.535548 1.311315 0.660226 0.686947 0.300573
8 -2.662448 0.479662 -0.644128 1.418555 0.224744 1.792333 -0.551737 1.863336 -1.781208 0.125370 0.124296 -0.795212 -0.236981 0.643417
5 -0.921178 -0.685212 -0.981157 -1.325334 8.823125 0.120210 -2.690260 0.746304 -1.099592 0.368045 0.476498 -0.949658 -0.293627 -1.588165
1 2.755827 0.542169 -1.387657 -1.176268 0.305030 -0.336200 -1.664439 0.881834 -0.084803 -1.365444 0.178494 0.613766 1.790117 -1.052426
12 -0.793840 -0.231405 -0.280970 0.437320 0.136782 -0.544410 -1.447835 -0.829694 -0.744803 1.277080 -0.640428 1.922368 1.365704 0.374130
13 -0.979083 -1.639266 -0.141043 -0.557796 2.829468 -0.170277 0.106836 -0.131474 -1.550182 0.147836 -0.410142 -0.467402 3.478043 -0.515516
2 -1.687488 7.980544 -0.663729 -0.569061 -0.392630 0.121079 -0.856603 -0.362334 -1.477639 -1.597047 -0.258640 -0.548585 0.897891 -0.585759
13 -0.786838 -0.953517 -0.036847 0.331951 -0.901364 0.981901 -1.674110 -0.131903 -0.552317 -0.614615 -0.012120 -0.688908 4.906032 0.132656
14 -0.655239 -0.962497 -0.084105 -1.385879 0.077826 0.052982 -1.719435 -1.017686 -0.566597 -1.028880 -2.630329 -0.157870 1.652144 8.425566
8 -1.204317 -1.472231 -1.003655 0.501583 -0.789611 0.243752 0.623802 1.908267 0.745918 -1.576912 0.269183 0.502992 1.905343 -0.654115
3 -2.214655 -0.237167 8.782952 -0.369403 -1.502281 -0.044525 -1.021062 -0.324962 -0.880320 -0.421857 -0.104730 -0.963497 0.039960 -0.738454
12 -2.612249 -0.734558 -0.139323 0.888084 -0.314960 0.975311 -0.598644 0.182923 0.110762 -0.834968 -0.199922 3.736578 0.754551 -1.213585
6 -0.491791 0.926634 -0.739430 -1.371522 -1.691445 15.313753 -0.806327 -1.071230 -3.432385 -3.692010 -1.250213 -1.322794 -0.110940 -0.260301
6 -0.828458 -0.303218 -0.971611 -0.048340 -1.335208 3.552381 -1.790161 1.592566 0.210111 -1.339176 -0.427579 -0.476258 2.634339 -0.469388
3 -0.062509 -1.163427 3.936796 -1.025777 0.307035 0.678546 -2.002930 0.275207 -0.926247 -1.334021 0.685408 0.511475 1.002722 -0.882278
1 11.208422 -1.017273 -0.081083 -3.582365 -1.735541 -0.346928 -1.094971 0.084616 1.383654 -1.617401 -2.135528 0.871221 -0.437162 -1.499659
2 -1.512650 1.685375 0.251162 -0.364533 0.009315 0.979681 -1.622871 0.850001 -0.696758 -0.575780 -0.518797 0.353142 0.933652 0.229060
13 1.144197 1.146621 -0.633983 0.241831 -0.695646 1.214401 0.846902 -0.354552 -0.773982 -1.292079 -1.908177 -0.469526 1.861905 -0.327915
5 -1.432463 0.007770 -0.890465 0.465441 2.267904 2.258633 -0.555994 0.679319 -2.675083 -1.306134 1.126258 -0.372941 0.776225 -0.348470
6 -0.690223 -0.472670 -0.453611 -0.079587 0.596914 5.447162 -2.347471 0.933114 -1.638745 -1.764262 -0.424008 0.052483 1.035628 -0.194726
3 -1.809712 -0.263128 4.906325 0.376126 -0.683011 0.546026 -1.310095 -0.560018 -0.609391 -0.421832 -0.187720 0.412537 -0.877583 0.481475
6 -0.054432 -0.674695 -1.751965 0.381517 -0.112519 7.259538 -3.056231 -0.114939 -2.476835 -0.044114 0.405647 0.262177 0.377638 -0.400786
1 27.308239 -2.496744 -2.203658 -1.361610 -1.466371 -1.169314 -1.943253 -3.521054 -0.705579 -1.756666 -2.868272 -1.783508 -3.376007 -2.656202
14 -0.599936 0.207236 -0.518069 -0.409579 -0.781857 -0.679775 -1.064475 0.870244 -0.144681 -0.668536 -0.126633 -0.450842 1.591344 2.775560
13 -1.761731 -0.787199 0.435200 0.246855 0.740287 0.687032 -0.774013 -0.280632 -0.664673 0.429853 0.816581 -0.487331 1.640245 -0.240473
11 -1.710109 0.128971 -0.174978 0.765853 -0.038528 0.801651 -0.488188 0.017362 -0.999312 -0.380994 1.019355 0.365306 0.518013 0.175599
12 5.145324 -1.790075 -1.532449 -0.431142 -2.329056 1.788628 -0.548234 -1.589441 -0.794041 -2.134023 -1.981323 8.710387 -0.937727 -1.576828
1 13.636306 -3.370493 -1.031413 -2.471467 -0.429812 0.019555 -0.471124 -1.775827 -0.834382 -1.036017 -0.164193 -2.086907 -1.930660 1.946434
13 -0.887755 -1.060530 -0.439956 -0.839424 -0.301798 0.651266 -0.693309 0.393743 2.001808 -0.414701 -0.807527 0.044192 2.659830 -0.305840
13 0.262919 -1.810468 -1.291805 -1.528918 -1.785726 0.636812 4.270980 -0.648730 0.380633 -0.960188 -0.453956 -0.760220 4.877542 -1.188876
12 -2.028416 -0.746311 -0.523335 -0.445909 1.086011 0.628840 -0.536824 0.173699 -1.567017 -0.394489 1.260542 1.405612 0.424775 1.262821
9 -0.628530 0.238642 -0.428563 0.263330 -1.210130 0.242822 -0.885142 0.747858 1.777167 -0.982664 -0.476475 0.427227 1.325117 -0.410660
3 -1.708985 -0.822420 19.854197 -2.577227 -1.036691 -2.108057 -1.153714 -1.024352 -1.518388 -1.696029 -0.895101 -1.444402 -1.899747 -1.969085
7 -5.451887 -4.020567 -3.908584 -5.216520 -4.739719 -3.488411 47.884390 -2.869090 -2.760129 -4.678145 -5.075353 -3.141194 0.200622 -2.735413
11 -3.165878 -2.197883 -1.243309 -1.051826 -0.310848 -0.145384 -0.258455 0.677896 -2.355227 -0.905984 10.692223 -1.416747 1.284123 0.397298
8 -0.533661 0.763405 0.637193 -1.576191 -2.074671 0.503723 -2.202565 5.155829 -0.975856 2.015498 -1.137323 -0.461333 0.301186 -0.415233
9 -1.211523 -1.355879 -0.849965 -0.852418 -1.113228 -0.530955 0.632970 -0.742959 4.017750 -1.368117 -0.184319 0.044573 2.683221 0.830849
7 -1.164261 -0.257280 2.018579 -0.455281 -0.193086 0.150117 2.471921 0.239398 -0.614880 -0.161663 -1.151399 0.649798 -0.037329 -1.494633
6 -2.645833 -2.343909 -1.735089 -1.439463 -1.742501 21.473769 -2.482850 -1.322469 -1.865406 -1.702312 -1.711240 -1.806487 1.064727 -1.740937
1 16.939653 -1.799171 0.987610 -0.643405 -1.538615 -1.158669 -3.297795 -1.875854 -1.325543 -1.693262 -1.661064 2.006233 -2.593692 -2.346424
13 -0.197558 -0.834913 -0.811562 -0.490819 -0.230191 0.383203 -0.469655 0.576086 0.509110 -0.500609 0.158581 0.017920 1.837710 0.052696
9 -2.144413 0.034399 -0.609803 0.652979 0.381766 0.061853 -1.505178 -0.418382 3.060446 -0.368397 -0.645011 0.384430 1.474781 -0.359469
5 0.143611 -0.782478 0.532038 -0.309810 7.026432 1.634680 -0.841862 -1.878408 -2.024004 -0.690823 -1.727779 -1.265765 2.634357 -2.450190
5 0.241993 -1.767418 -0.324843 -0.833764 3.107924 1.466566 -1.913683 0.514944 -0.863498 -0.826150 -0.813171 -0.077502 3.032829 -0.944227
6 -1.675137 -0.451945 1.036454 0.510397 -0.064808 1.577395 -1.071257 -0.552605 -0.720753 -0.589783 0.917373 0.406279 0.390083 0.288307
1 19.568657 -2.478033 -1.563865 -2.469638 0.421068 -2.462623 -2.689573 -1.050463 -2.007426 -0.948439 -2.386353 -1.531309 1.218661 -1.620662
1 2.765990 0.950471 -0.620484 -1.438253 -0.412726 2.163045 -2.625840 -1.502488 0.425778 -1.777761 -0.788342 0.022663 2.397028 0.440918
12 -0.634462 -1.202457 -0.957800 -0.477059 -0.514286 1.601838 -0.531826 -0.694685 0.067837 -0.955890 -0.094286 3.725255 0.790942 -0.123121
1 2.787291 0.749923 -0.024724 -1.051279 -2.091054 2.378238 -0.844587 -0.894708 -0.450857 -1.036721 -0.542567 -0.480630 1.101581 0.400092
1 39.135577 -3.705289 -3.904848 -3.452268 -3.540664 -1.983647 -2.785488 -2.376092 -2.222240 -3.244140 -2.402690 -2.920774 -2.489220 -4.108216
1 16.146210 -1.476507 -1.346224 -1.185205 -1.678738 -1.434448 -2.422957 -0.817818 -1.878426 -1.225999 -1.326068 -0.804882 -0.075653 -0.473282
1 23.442598 -3.259508 -2.396898 -1.946513 0.090555 -1.318946 -3.456054 -2.267481 -2.947068 -0.692429 -1.726208 -1.505121 -0.287832 -1.729092
1 37.226986 -3.113071 -3.182951 -4.282418 -2.951172 -1.434968 -4.272259 -2.339303 -2.541037 -3.841936 -3.107179 -2.914076 0.625340 -3.871955
1 33.219003 -2.972802 -3.263449 -1.965100 -2.769754 -1.620250 -3.376216 -1.504469 -3.061067 -2.583030 -3.498078 -2.021253 -1.601940 -2.981594
1 26.935462 -3.781402 -2.712986 -2.901527 -2.431115 -1.697238 -1.640096 -1.412972 -2.433997 -1.974578 -1.886354 -1.176682 0.285722 -3.172234
1 32.060688 -2.129791 -2.966230 -1.510718 -2.157675 -1.383688 -4.521056 -1.009368 -2.570705 -3.540122 -2.868395 -2.719547 -2.022482 -2.660911
1 28.696633 -3.707278 -1.961344 -1.358142 -2.135544 -1.762690 -2.930026 -2.268001 -1.496270 -1.106789 -2.129856 -2.741516 -2.369752 -2.729424
1 30.664524 -3.359838 -2.487204 -3.073143 -2.524431 -1.859300 -2.690766 -1.782857 -1.425724 -3.107532 -2.322425 -2.595985 -1.192411 -2.242908
1 22.762236 -2.051001 -1.575755 -2.594710 -2.250171 -1.084075 -2.582898 -1.002820 0.969176 -2.831098 -2.934968 -0.998759 -0.241694 -3.583461
1 21.093764 -2.545054 -1.857651 -1.584796 -2.102498 -1.066983 -1.231767 -0.983856 -1.515083 -2.323068 -1.945647 -1.271778 -0.932155 -1.733428
2 -0.264650 1.896992 0.129290 0.337661 0.671519 0.450545 -0.806769 0.834227 -1.690963 -0.827866 -0.761121 -0.276541 -0.008606 0.316281
1 20.220561 -3.141933 -0.289971 -2.033320 -1.424339 -0.628735 -3.464248 -0.968754 -0.658926 -1.591967 -3.025503 -1.088295 -0.510278 -1.394292
13 0.057897 -0.002332 -1.393677 -0.558732 -1.100987 -0.161822 -0.681765 1.139243 -0.160302 -0.283154 -0.386793 0.441501 2.530984 0.559938
1 30.829067 -3.481733 -2.904814 -2.481705 -2.797441 -1.356445 -3.603579 -2.108422 -1.223113 -2.477811 -1.983409 -1.654840 -2.336475 -2.419279
1 22.878391 -2.162560 -2.282389 -2.352715 -1.594791 -1.834298 -1.429531 -0.892551 -0.566267 -2.287824 -1.965671 -1.045104 -1.597628 -2.867062
1 16.715115 -2.441318 -0.520005 -0.293688 -1.420279 -1.437433 -1.732641 -1.115669 -2.496511 -1.301806 -0.622149 -0.677609 -1.199205 -1.456801
1 27.201406 -3.146016 -1.947333 -2.535106 -3.380957 0.657031 -0.891550 -3.383561 -3.343651 -3.114532 -2.220225 -2.069227 0.518216 -2.344493
1 6.754201 -1.413319 0.361856 -0.355244 -1.114459 0.512495 -2.575404 0.001139 -0.496297 -2.091473 -0.334652 0.862388 0.097359 -0.208589
13 -0.312846 0.161382 -0.318551 -0.719320 1.090595 1.200245 -0.103447 -0.088702 -0.488746 -0.643519 -0.301938 -0.134020 1.271421 -0.612554
10 -3.637048 0.900399 0.824445 -1.141239 -0.948013 1.379500 2.558532 -0.214511 -1.938747 3.921793 1.502996 -1.254525 -1.524520 -0.429063
13 -1.524930 -1.891914 0.865696 -1.002359 0.159532 0.971195 -3.137178 2.049300 -1.427561 0.367612 0.419793 0.869258 4.017796 -0.736239
8 -0.779005 -0.132321 -0.402959 -0.102379 -0.580077 0.077340 0.641784 0.749511 0.554132 -0.507145 -0.353400 0.462554 0.609747 -0.237781
13 -1.947415 -1.637126 1.236120 -1.547779 -0.814202 0.210487 -1.137555 0.608799 -0.629720 1.513334 0.202460 1.471483 1.961342 0.509772
10 -0.593973 -1.879859 0.538064 -0.941401 -0.097530 0.618905 -0.487700 0.600396 -0.141072 2.493797 -0.893813 0.020458 1.197700 -0.433973
13 -0.952150 -0.994059 0.121955 -0.429796 0.029189 0.797431 -0.612822 0.108841 1.118403 0.202507 -0.030115 0.179673 1.394314 -0.933369
10 -2.038808 -2.580004 -1.816527 -1.903505 -2.618452 -0.753757 -1.777131 -1.783546 -2.102430 23.229556 -1.558136 -2.174933 -0.136379 -1.985946
11 3.199506 0.212278 -0.818471 -2.101027 -0.927385 1.621996 -0.246362 -0.741166 -1.349806 -1.091699 3.360536 -1.978824 -0.029326 0.889750
6 -1.938275 -1.412771 -0.161826 -0.576640 -0.113929 4.696652 -0.743507 -0.529977 -0.580083 0.303301 -0.473874 -0.265525 2.256341 -0.459889
10 -2.018236 -1.863052 -1.280770 -1.175905 -0.381612 -0.304119 -0.513758 -1.205876 -0.443621 11.258199 -2.535976 0.386116 1.520306 -1.441696
8 -0.901504 -1.717125 -0.218759 -0.458326 0.769057 0.210173 -1.195551 2.211898 -0.524388 0.885224 -0.198677 0.789515 1.919873 -1.571409
13 -0.454568 -1.120516 0.187994 -1.296220 0.129090 -0.179492 -0.393752 0.675207 0.217305 -0.464862 -0.057814 0.480407 2.210037 0.067184
10 -1.007268 -0.105342 0.613527 -0.306667 -0.108100 -1.590336 -0.738795 -0.471182 -1.075516 5.882028 -0.235059 -0.474849 -0.116253 -0.266189
11 -1.343149 0.495756 -1.351667 -0.786534 0.322866 0.253712 0.777351 1.231005 0.647953 -0.938096 1.562332 -1.694812 1.187260 -0.363976
10 -3.059622 -2.704993 -0.518399 -2.661849 0.702404 0.203335 -0.033119 2.241219 -1.730813 9.004664 -0.415745 -0.659284 1.355256 -1.723053
10 -0.584603 -1.101510 -1.046613 0.544384 0.629168 1.091785 -0.949574 -1.048277 -0.367748 3.530156 -0.464960 -0.040927 -0.757701 0.566422
4 -1.271704 -0.729681 0.325059 3.791073 -0.321972 0.375449 -0.937307 -0.473195 -0.956876 1.554799 0.194375 -1.082077 -0.157949 -0.309995
13 -0.170632 0.263669 -1.175150 0.918337 -0.872877 -0.193491 0.246448 1.596103 0.802629 -1.210906 -1.070490 -0.124488 2.362950 -1.372102
2 -1.503629 8.032044 -0.438509 -1.107237 0.132845 0.448770 -1.486630 -1.000344 -0.627944 -0.613123 -0.402271 -0.283439 -0.677840 -0.472692
6 -0.741238 0.566943 -0.610770 -0.156457 0.251150 1.815837 0.946958 0.326716 -0.188328 -0.162783 -1.413378 -0.755084 0.833582 -0.713148
2 -2.329034 11.644665 -0.949061 -2.823836 3.566773 -1.890351 -2.298478 1.803637 -1.496645 -1.164890 -1.831188 -0.677011 -0.444544 -1.110035
6 -0.135345 0.945777 -0.438222 -0.783332 -0.684176 1.272529 -0.594680 -0.012084 -0.243923 -0.087212 -0.519320 0.942545 0.632873 -0.295429
13 -0.463334 0.132609 -0.113873 -0.297659 -0.142064 0.894173 -0.649066 0.452977 -0.193886 -0.263471 -0.120470 0.121048 0.993677 -0.350659
2 -1.483193 11.822284 -0.886326 -1.142461 -0.658834 0.543079 -1.848570 -0.019160 -0.867283 -1.255146 -1.294399 -1.212798 -0.272978 -1.424216
2 -1.206610 14.188764 -0.838232 -0.452434 -3.798043 -1.476207 -2.006133 1.045429 -2.008522 -1.629093 -0.845226 -0.229724 -0.195713 -0.548255
2 -2.317451 2.649499 -0.634822 -0.514494 -0.917580 1.395499 -0.284489 1.324413 -1.076007 -0.925462 0.701758 -0.521748 0.910390 0.210494
10 -3.426857 -0.397737 0.453052 -0.501702 -0.135676 0.298148 0.587016 0.290619 -0.885138 1.952214 0.508329 1.107703 -0.502692 0.652721
2 -1.310355 9.429764 -0.816362 -1.172256 -0.096195 1.059517 -1.917183 -0.633886 -0.584016 -1.035512 -1.021570 -0.991445 -0.031718 -0.878782
2 -1.223722 10.707710 -0.823862 -2.719596 -1.563319 1.918092 -1.580484 1.110816 -1.004241 -0.723149 -2.559598 0.510314 -1.866904 -0.182057
2 -1.131101 12.873242 -1.549325 -2.356377 3.701754 -0.475210 -1.472437 2.206217 -1.965761 -2.830324 -3.014505 -1.361239 -0.915864 -1.709068
13 -1.946358 -2.703551 0.441169 -0.799819 -0.408130 1.319205 -0.910198 0.463683 0.761845 -0.827724 -1.019245 1.906840 2.003288 1.718995
2 1.049675 4.147062 -1.911217 -0.301263 1.802988 -0.073793 -2.482563 0.085249 1.142558 -1.438246 -1.431947 -0.087093 0.940763 -1.442172
2 2.206190 2.679667 -1.132752 0.404580 0.268597 -0.167574 -1.131333 -0.052329 -1.657613 -0.646154 0.543903 -0.497951 0.607644 -1.424873
2 -0.687345 8.910360 -1.112042 -1.240625 -0.916012 0.198057 -1.704969 -0.126471 -0.364666 -0.811750 -0.742216 -0.883479 0.298760 -0.817599
5 0.634356 1.230329 -1.164063 -0.424344 1.860288 1.014789 -2.563043 0.548561 -0.778082 -0.894798 -0.066692 0.725910 0.856076 -0.979287
2 -1.926076 5.975869 -0.775857 -0.301246 2.573125 0.830671 -2.074991 -0.213222 -2.107191 -1.969821 0.223177 0.094549 0.506239 -0.835228
6 -1.888918 -1.678549 -1.480854 -1.747508 0.554683 3.039013 2.024927 1.254745 -1.402838 -0.576283 0.323975 -0.227781 1.442597 0.362794
13 -0.639812 -0.232993 -0.266127 -0.337688 0.371432 1.067662 -1.907931 0.449014 0.459219 -0.643426 -0.413633 -0.221083 2.340197 -0.024831
6 -0.663244 -2.380711 -0.410379 -0.637978 -0.143967 2.139223 1.111245 1.374548 -1.246131 -1.244050 -1.455289 0.531060 2.130268 0.895403
5 -1.411181 -1.816569 0.212774 -0.039570 2.005250 1.478206 0.638777 -0.985536 -0.620607 -1.349486 -0.330210 0.231762 1.143625 0.842764
4 -1.052885 -1.473380 -0.074225 1.698354 0.735341 1.340148 -0.864808 -0.003108 -1.492700 -1.070382 0.880742 0.477679 0.775392 0.123832
5 -0.926442 -0.397875 0.274115 -0.249996 2.080867 0.284281 -1.011841 0.171724 -0.674988 -0.385864 -0.530378 -0.000840 0.549703 0.817535
5 -0.380248 -1.582521 -1.234826 -0.798804 8.726571 -0.147739 -2.487076 -0.229640 -0.591140 2.356201 -1.138708 -0.277184 -2.573766 0.358879
4 -0.052340 -1.540560 -0.206152 2.063590 0.132610 1.926931 -2.532839 0.880235 -1.752529 -1.188401 0.051418 1.941061 -0.691757 0.968732
5 -0.565243 -0.185660 -0.164174 0.467430 2.072313 0.472087 -0.828189 -0.201123 -1.265135 -0.729473 -0.476893 0.756658 0.352508 0.294896
5 -0.039476 -2.002090 -1.216421 0.363620 2.855097 1.920688 -1.553060 1.007534 -1.426659 0.057421 -1.599221 0.722049 0.425877 0.484641
14 -0.112902 -1.210948 -0.423339 0.394314 -0.902889 0.285079 -1.414319 0.375616 0.829687 -0.557052 -1.037702 0.313605 1.717444 1.743406
3 -0.318082 -0.471052 2.151080 0.133900 -0.672383 1.052587 -1.916864 0.630159 -0.151390 0.439472 -1.508431 0.336340 0.950117 -0.655453
5 -1.291247 0.388407 -0.314065 -0.414042 3.537343 1.726616 -1.455391 -0.142305 0.103795 -1.246902 -0.900352 -1.408353 3.136737 -1.720240
5 -4.371928 -2.552899 -2.984351 0.165334 26.639742 -2.085661 -3.752427 -1.515480 -2.917161 -2.393970 -0.555302 -0.649819 -0.403752 -2.622326
5 -1.586627 -2.428727 -0.636474 1.339804 8.215265 0.017955 -0.101279 -0.582072 -1.312197 -1.006793 -1.760736 -0.308050 0.278331 -0.128399
5 -1.808324 -0.424296 -1.685654 -0.483097 18.026653 -1.904119 -1.817281 -1.459267 -1.215918 -2.750026 -0.717309 -0.369378 -0.478749 -2.913235
5 -1.194008 -1.963036 -0.718499 -1.307472 9.557286 -0.595727 -1.806547 -0.534823 -0.668881 -0.322514 -1.032964 0.088215 2.011412 -1.512440
5 -2.927267 -1.159102 -2.108938 -0.216429 18.908109 -1.943071 -2.304522 -1.666303 0.741085 -2.457529 -1.318427 -2.021076 0.634738 -2.161270
5 -2.256964 1.377613 -0.511575 0.825331 2.112328 1.465845 -1.388178 -1.406681 -1.823228 -0.097739 0.850948 0.032007 -1.077188 1.897481
5 -0.385348 -1.090744 -0.724173 -1.416515 8.152098 -0.638243 -0.801269 -0.779163 -0.964839 -0.804184 -1.109238 -0.623949 2.632292 -1.446724
6 -0.683158 -0.327504 -0.169859 0.332768 1.647642 1.929301 -0.816233 0.205724 -1.317053 0.067924 0.169146 -0.224063 0.435567 -1.250204
11 -0.913588 -1.009383 -0.599424 -0.487658 -0.757937 0.420448 -2.390054 -0.302741 -0.558541 -0.683434 7.956197 -0.437880 0.624557 -0.860561
11 -1.334986 -4.474141 -1.703802 -2.805810 -0.880693 -0.239514 -6.061177 -2.072394 -2.798876 -1.984984 28.939483 -1.928196 -0.959465 -1.695444
7 -0.315678 -1.526778 -0.574597 -1.151810 0.287043 0.478512 2.903903 0.276243 0.022136 -0.613103 -0.047334 -0.590223 0.957888 -0.106202
11 -1.900235 -1.508659 -1.784742 -1.385742 -1.654031 -0.157528 -3.506106 -0.319703 -1.230283 -1.856463 18.254900 -1.178126 0.355879 -2.129160
11 -1.372408 -2.176542 -1.628407 -1.555851 -0.794105 -0.469307 -0.129285 0.376304 -0.795418 -0.628740 9.463007 -0.948869 1.388223 -0.728603
11 -1.018172 -0.413245 -0.968757 0.476273 0.716243 0.873643 -0.099376 0.093692 -1.746050 -0.674575 3.829400 -0.995529 0.070480 -0.144028
11 -0.320447 1.016022 -0.458144 0.362197 -1.684038 0.929580 -0.461856 -0.501234 -0.844120 0.095731 2.433647 -1.061274 0.685593 -0.191658
13 1.260345 -0.823062 -0.150279 -0.979545 -0.343049 0.341678 -0.241025 0.177248 -0.922821 -0.093935 0.513023 0.440870 1.676713 -0.856162
11 -0.251788 -2.349335 -1.674778 -2.355692 -1.691164 -0.114763 -2.233097 -0.251027 -1.166193 -2.327912 15.183575 -0.389351 0.914836 -1.293310
11 -2.648292 -3.161948 -0.609259 -2.291839 -2.873227 -0.663442 -5.061090 -1.941901 -2.919550 -2.885832 30.797455 -0.585223 -2.043846 -3.112004
11 -1.377866 -1.753745 -1.766852 -1.073961 -1.167862 -0.718012 -3.370192 -0.091520 -1.287917 -2.049306 17.035863 -0.596886 -0.461622 -1.320122
11 -2.438989 -1.693827 -1.589188 -1.951909 0.280624 0.416375 -2.508658 -0.187269 -1.014983 -1.373559 15.279599 -1.292659 -0.375074 -1.550482
11 -0.991994 -1.730525 -0.605400 -0.523807 -0.563870 0.667693 -2.561332 -0.193145 -0.256725 -0.603922 7.581934 -0.333548 1.014800 -0.900158
11 -1.480650 -1.105389 -0.807887 -0.254275 0.606402 -0.622620 -2.445509 0.102715 -0.303276 -0.680305 6.141969 0.711184 0.938106 -0.800466
11 -1.798395 -0.967765 -1.052108 -1.552344 -0.964295 0.341902 -2.134330 -0.414489 -1.309458 -1.052505 12.614618 -0.896120 0.510409 -1.325121
11 -2.469342 -2.143267 -1.576619 -2.541129 -1.462556 -1.992920 -6.329945 -1.914562 -2.479309 -2.472572 30.718153 -1.159711 -0.664987 -3.511232
11 -2.710023 -1.893504 -1.636019 -0.643292 -1.702957 -0.825027 -0.053645 -1.455819 -0.983382 -1.863179 17.561392 -1.747903 0.845540 -2.892182
11 -2.316009 -1.734758 -1.199403 -1.270080 -0.935679 -0.235455 -2.889231 -0.408863 -1.329629 -2.266016 16.608416 -0.975145 1.140878 -2.189026
11 -2.082831 -0.964655 -1.395805 -0.562132 -0.845104 -0.557721 -0.504165 0.967547 -1.329423 -1.007298 8.894037 -0.724592 1.238519 -1.126377
6 -0.544540 -0.742674 -0.111216 -0.140606 -0.319014 1.158421 0.291004 0.133440 0.570435 -0.475413 -0.372652 0.108551 0.867212 -0.422947
11 -1.883607 -0.898896 -0.395431 -2.013231 -0.502381 0.339650 -1.648267 0.198619 -1.538627 -2.346210 10.936716 0.631244 -0.021124 -0.858454
5 1.032999 -0.550559 -0.233411 -0.470366 1.341092 0.704469 -0.499788 -0.174142 0.483109 -0.555611 -0.589805 0.454994 -0.494858 -0.448123
4 -0.225034 -1.307674 -1.168411 2.647425 -0.611995 0.853112 -0.204759 -0.396654 -0.291412 -1.416186 0.321846 0.265817 -0.062674 1.596600
7 -4.186530 -1.116322 -4.398215 -2.371277 -4.481278 -3.682428 48.098226 -4.303380 -2.651653 -4.326233 -4.888371 -4.185483 -2.327616 -5.179440
11 -0.335027 -0.155660 -1.963770 0.532610 -0.231130 0.361366 -0.763439 -0.272269 0.650476 -0.953724 1.151742 0.672691 0.712146 0.593988
13 -1.306749 -1.074310 -0.140286 0.041547 -0.439486 -0.444473 0.807728 1.018068 -1.194399 0.541257 0.810763 -0.470768 1.217706 0.633401
7 -5.945806 -5.595369 -4.928918 15.738732 -1.370601 -5.471233 48.553308 -5.920807 -6.228859 -5.448237 -6.172677 -5.416231 -5.845844 -5.947458
1 3.133978 -0.439294 -0.916584 -0.770656 -0.949262 0.341095 -1.428171 0.935023 -1.218366 -0.618640 -0.609065 0.481790 1.512959 0.545192
4 -1.120512 -1.074793 1.033802 4.503303 -1.792254 0.463885 -0.871185 -1.020027 -0.851895 -1.292904 -0.002273 0.027402 2.259817 -0.262367
5 -1.287383 -1.700992 -0.573122 0.701749 9.157776 -0.040307 -1.414439 -1.380770 -0.099507 -0.709262 -1.012663 -0.557916 0.698416 -1.781578
4 -1.774536 0.003609 0.033362 1.247934 -0.118639 0.834666 -1.153110 -0.799388 1.051316 -0.781756 1.153559 -0.434222 0.778702 -0.041497
4 -1.058334 -1.072198 -0.164115 4.831665 -0.349716 1.998371 -0.751629 0.140148 -1.268938 -1.183315 -0.513323 -1.293668 0.846785 -0.161733
8 0.428122 -1.800080 -1.159167 -0.917290 -0.628466 0.578638 -0.053911 5.053156 0.279262 0.005549 -1.343675 -0.606066 -0.209827 0.373757
4 -0.558309 -1.332316 -1.862301 6.853587 -0.331458 1.272616 0.033319 -0.604950 -1.429622 -1.720085 -0.183473 -0.752644 0.066295 0.549340
4 -1.431449 -0.697790 -1.695961 4.497630 0.784194 0.096577 0.171032 -0.239305 -0.538858 1.201096 -0.089279 -0.442808 -0.013165 -1.601914
11 -0.460359 0.275444 -0.196222 -0.108843 0.395642 1.617266 -2.731275 1.146948 -2.424052 0.602143 2.192121 0.195080 -0.216422 -0.287470
4 -0.397213 -0.499187 -0.461832 1.955274 0.523967 -0.686556 0.564991 -0.599294 0.003487 0.234654 -0.421987 0.488021 -0.415810 -0.288514
7 -4.776000 -4.192936 -2.692165 -4.552723 -3.103275 -3.935213 48.191936 -4.811928 1.259433 -4.447540 -4.177065 -4.936531 -4.199748 -3.626242
4 -0.506284 -0.632116 -1.172227 4.128429 -0.038814 1.269299 -3.256990 -0.372531 0.241404 -0.383924 -0.459569 -0.063883 1.550306 -0.303100
13 -0.243997 -0.910311 -0.532569 1.649586 -1.108022 1.376744 -1.477973 1.510874 -0.059162 -0.830376 -0.033750 -0.623686 2.067271 -0.784628
8 1.325129 -0.279269 -0.817979 -0.015515 -0.424941 1.009872 -1.383613 1.421357 -1.340411 1.168335 -0.153516 -0.983929 -0.023834 0.498312
13 0.327893 -2.089518 -0.806369 -0.352715 0.744876 0.979210 -0.273369 0.259359 -0.728470 0.461747 0.495183 -0.465294 2.000107 -0.552639
13 -0.684586 -0.650013 -0.285466 -0.044844 -0.396664 0.743321 -0.780586 0.609457 0.587926 -0.723744 0.272148 -0.059638 1.970257 -0.557568
12 -1.900823 -0.386478 -0.214565 -1.528879 0.347401 1.147238 0.103678 0.488411 1.227539 -0.663009 -0.441497 1.594237 -0.020567 0.247313
3 -1.542137 -1.175132 9.153281 -0.950452 -0.863739 0.155440 -1.509180 0.372656 -0.248116 -1.480646 -0.780078 0.586539 -0.009726 -1.708710
3 -1.522022 -0.868088 3.993504 0.709061 -1.123028 -0.029384 -1.053114 -0.758306 -0.158378 0.793661 0.069841 -0.188760 0.807607 -0.672593
6 -1.066237 -1.138215 0.379500 -1.621512 -1.218958 2.358161 1.090819 1.452713 -1.312438 -1.110971 0.265863 2.225328 0.285215 -0.589268
3 -2.093266 -0.802337 4.905745 -1.020432 -1.046780 1.019544 1.560420 0.344315 -1.212294 -0.015249 0.182566 -1.792715 0.728232 -0.757749
3 -0.291296 -0.267065 3.617651 -0.369074 -0.557937 0.394785 -1.155996 0.199641 -0.106553 -0.953241 -0.304535 -0.035806 0.437822 -0.608395
6 0.485605 0.449872 0.072374 -0.431206 -0.541606 1.614338 -0.940276 -0.165722 -1.169614 0.092164 0.386086 0.034946 0.687497 -0.574457
8 -0.557383 -0.903878 1.031340 -0.258373 -1.268275 -0.900789 -0.984473 3.805133 -0.249451 2.185995 -0.111928 -0.799078 -0.748536 -0.240303
3 -0.877637 -2.426544 2.228484 -0.688960 0.795424 2.220429 -2.407355 0.197595 0.261030 -0.333768 -1.056103 1.213847 0.544150 0.329410
3 -1.164643 -0.923536 6.088796 -0.760969 -0.218960 0.838763 -3.004262 -0.071032 -1.291834 0.503076 0.242255 -0.016527 -0.099264 -0.121864
3 -0.660988 0.366414 2.724473 -0.459401 -0.559349 0.882721 -0.946793 0.520828 -1.523149 -0.360188 -0.133318 0.928678 0.258502 -1.038429
3 -1.550165 -2.327590 8.230759 0.762398 -0.336193 -0.218732 -0.986038 -1.064693 -1.859410 -1.368991 0.065876 0.688927 -0.448211 0.412062
13 -1.509534 -0.165281 -1.601045 -1.017554 0.557470 1.207410 -0.504224 1.309485 -1.088066 -1.004849 -0.204246 1.266170 1.428156 1.326108
3 0.276792 -0.854543 3.563084 -0.679074 -0.539431 0.241320 -1.103130 0.272000 -0.492033 -1.434131 -0.454721 0.366726 1.714185 -0.877043
3 -1.800414 -0.432950 3.658099 -0.829914 -0.148007 0.217939 -0.990727 -0.351186 2.508923 -0.621224 -0.627595 0.017051 0.353975 -0.953968
6 -0.138505 -1.083537 -2.162636 0.302381 -0.919884 14.882709 -1.770891 -2.041308 -2.151935 -2.895894 -0.633081 -0.516222 1.404239 -2.275435
6 0.079764 -0.542545 -0.995576 0.422538 -0.991474 3.874425 -1.362783 0.895469 -0.442752 0.062697 -1.063442 -1.303853 1.866769 -0.499237
1 3.057095 -1.892580 -0.469852 -0.684977 0.912730 2.240766 -0.780117 -1.747815 -0.346141 -0.263155 -0.218666 -0.513821 0.265058 0.441474
6 -6.121855 -3.177209 -4.905367 -5.528608 -2.845280 57.276207 -4.338246 -4.432092 -3.886588 -4.297063 -5.570079 -2.655052 -3.906595 -5.612172
6 -1.662645 -2.019939 -1.236528 -0.435503 0.411322 8.501843 -0.803005 -0.473642 -1.253803 -0.753012 -1.050664 0.248466 0.912536 -0.385427
6 -3.442231 -3.621391 -2.106461 -2.602077 -2.412886 37.406212 -3.765950 -2.149427 -2.768513 -2.660313 -2.757706 -2.500035 -3.463995 -3.155226
6 -0.809109 -2.510003 -2.327748 -0.900515 0.318704 8.688717 -2.332445 0.810397 -1.685986 -1.330522 0.027861 -1.197006 4.832958 -1.585303
6 -3.899311 -1.887326 -2.303751 -2.433637 -1.524211 30.797642 -4.349269 -1.393670 -2.629683 -2.698871 -1.352419 -1.644529 -1.908844 -2.772120
6 -6.121855 -3.177209 -4.905367 -5.528608 -2.845280 57.276207 -4.338246 -4.432092 -3.886588 -4.297063 -5.570079 -2.655052 -3.906595 -5.612172
6 -0.611126 -1.225187 -0.006047 -0.394944 0.247918 3.419713 0.661869 0.706534 -0.753527 0.182009 -0.994682 -0.825421 0.687924 -1.095034
6 -1.189868 -2.029178 0.250712 -0.992643 -1.164461 6.911927 -1.653281 -0.014493 0.273108 -0.924284 -0.111019 -0.334147 1.525397 -0.547770
6 -0.888948 -1.375729 -1.854942 -1.848965 -0.131488 8.515696 -1.439028 0.144150 -0.863659 1.046042 -0.908578 -0.404849 0.579528 -0.569229
6 1.261383 -2.612211 -3.234006 -2.788603 -2.834873 27.103638 -1.328984 -0.892697 -3.023669 -2.889546 -2.966661 -1.823815 -2.245383 -1.724574
6 -4.435346 -3.318205 -2.477381 -2.024812 -3.458717 41.172119 -4.074763 -2.831039 -2.362485 -3.503356 -3.638040 -2.687750 -3.138434 -3.221791
6 -1.123676 -0.704487 0.614554 0.213831 0.828607 1.555832 -0.193398 -0.991021 -0.781801 0.063122 -0.005615 -0.001504 0.846645 -0.321088
6 -2.275484 -2.776644 -0.899133 -3.411395 1.398856 17.560079 -2.406600 -1.423962 -2.075475 -0.820885 1.023946 -3.050728 -0.679661 -0.162912
6 -0.886945 0.620127 -0.060972 -0.255698 -0.214460 0.844713 0.022655 0.192693 0.121826 -0.357312 0.131371 -0.151844 0.702966 -0.709119
6 -0.644688 -0.548378 -1.796302 -0.068798 1.112218 4.034391 -2.900132 0.083263 -0.900546 0.735391 -0.267937 0.102122 -0.600317 1.659713
6 -6.121855 -3.177209 -4.905367 -5.528608 -2.845280 57.276207 -4.338246 -4.432092 -3.886588 -4.297063 -5.570079 -2.655052 -3.906595 -5.612172
6 -2.602754 0.939771 -0.238871 0.123032 0.215400 2.095628 1.254362 1.674976 -1.068585 -1.135143 -0.691201 -0.707368 0.543291 -0.402538
6 -0.109223 -2.496702 -1.376718 -1.089737 2.340023 6.678218 -2.037785 2.307752 -2.065960 -2.407993 -1.429801 -0.735603 -0.314506 2.738035
6 -6.121855 -3.177209 -4.905367 -5.528608 -2.845280 57.276207 -4.338246 -4.432092 -3.886588 -4.297063 -5.570079 -2.655052 -3.906595 -5.612172
6 -1.906144 -1.683549 1.280175 -0.551371 -1.544425 7.260068 -1.723757 -0.429969 -1.439649 -0.741761 0.416015 1.589130 -0.871454 0.346691
6 -0.805441 -1.918279 -0.888101 -1.028349 -1.289963 9.677073 -1.572105 -0.622816 0.120594 -0.392306 -0.446607 -0.580793 0.806515 -1.059421
6 -0.401497 -1.093886 2.689930 -0.739150 -0.024421 3.031160 -1.669314 -0.054571 0.174896 0.526840 -0.128175 -1.281182 -0.062889 -0.967741
13 0.071850 -1.528790 -1.171052 -0.407914 -0.458819 -0.141320 -3.303022 -0.456654 -0.532890 -1.682893 -1.621652 -0.230388 11.068323 0.395221
13 0.586027 -0.508885 -0.517151 -0.482342 -0.043802 0.555693 -0.468229 0.366717 -0.321839 -0.939752 -0.176574 -0.016466 2.490397 -0.523794
13 -1.327616 -0.131982 0.740350 -0.619525 0.122179 0.688908 -1.799556 -0.381698 -0.112325 1.086850 -0.115495 -0.233338 1.233120 0.850128
8 -0.491914 -0.547165 0.400450 -0.357435 -0.813663 0.343538 -0.640961 1.009856 0.427779 0.639872 0.403427 0.047608 -0.609595 0.188202
4 -1.200260 -1.472190 0.328084 2.226593 0.238214 0.538725 -2.147835 -1.521425 0.889300 -0.929224 -0.170174 1.245115 2.123622 -0.148545
13 -1.965412 -1.631919 -0.354437 -0.452205 -0.117633 1.048876 -1.474247 -0.620113 0.256447 -0.351194 -0.104251 -0.992976 7.209360 -0.450295
1 1.328913 -1.817907 0.561242 0.438189 -0.002218 -0.197459 -0.076395 0.265874 1.253056 -0.397915 -1.950297 0.678366 1.087824 -1.171275
13 1.222894 -0.139040 -0.113821 0.043288 -0.313570 1.776183 -3.266888 -0.099021 -0.423647 1.103955 -0.364547 -0.371975 1.993359 -1.047168
13 -1.347554 -1.102848 -0.481513 -0.655895 0.502640 0.097042 -1.127444 -0.314034 -0.042058 0.212386 -1.081375 -0.129724 6.796455 -1.326077
13 -2.339910 -0.364115 -0.816809 0.310312 0.037616 0.345429 -1.492672 1.054255 -1.761594 -0.366032 -0.019243 -0.776036 7.513920 -1.325120
13 -2.172657 -1.728647 -0.672239 1.534729 -1.907140 -0.412895 -0.828551 -0.366723 2.710064 -0.252656 -0.533614 -0.973858 6.671128 -1.066940
13 -0.826638 -0.643834 -1.604079 -0.684288 0.601815 1.207706 -1.231797 0.020495 0.451692 -1.349179 0.378800 0.113802 4.132318 -0.566812
13 -0.368891 -1.504831 -0.405593 0.497854 -0.087956 0.952082 -1.338631 -0.313427 0.771261 -0.329863 -1.693501 -0.118197 4.956586 -1.016892
13 -0.725094 -1.974989 1.505728 -1.661731 -0.277566 0.476187 -1.750131 1.774966 0.686710 -1.088632 -1.349481 0.877162 3.754007 -0.247134
13 1.520857 -1.210599 -0.357154 -0.895734 -0.720767 -0.140970 -1.682311 -0.222023 -1.651988 -1.852649 -0.838591 2.050493 7.669207 -1.667769
13 -2.640619 -0.935890 0.333601 3.666847 -0.227606 0.091876 -2.174753 0.083725 -0.445235 -1.617882 -0.911385 -0.295081 6.784215 -1.711813
13 0.824516 -0.710970 -0.147921 0.541593 -0.269626 -0.145095 -2.139478 -1.406450 2.029441 -1.238727 -0.872801 -0.993981 5.693939 -1.164438
8 -1.605895 2.139449 -0.204817 -0.019393 -1.676905 0.003538 -2.694550 4.611154 -1.154747 0.327992 0.072477 0.359921 -0.159306 0.001082
13 0.359832 0.307764 -0.289123 -0.260008 -0.589796 0.104254 -0.215000 1.046024 -0.332864 0.393445 -1.567192 -0.534124 1.861173 -0.284384
6 0.084697 -1.111464 -0.525028 -0.407404 -0.275304 1.237225 -0.509116 -0.029063 0.411115 -0.111443 -0.540683 1.086285 1.215129 -0.524948
13 -2.019445 -0.977352 0.118599 -0.330597 -1.941220 -0.056911 0.965453 -0.025914 -1.150511 -2.217968 -1.803290 0.388488 9.397805 -0.347136
13 0.493186 0.806169 -1.119419 -1.512992 -1.223832 0.463794 -1.125114 -0.100401 -0.233636 0.576608 -0.115479 0.622386 3.076447 -0.607716
13 -0.854512 -1.581682 0.447672 -0.174261 -0.409758 -0.527214 -0.232236 0.391011 -0.066738 -0.486161 -1.458445 -0.962788 6.874535 -0.959422
13 0.487528 -0.895374 0.172388 0.124758 -0.070853 0.274996 -2.626287 0.415650 0.081566 -0.939062 -0.583496 0.582570 3.400358 -0.424742
13 -1.693221 1.186531 -0.070112 0.062867 -0.791285 -0.127812 -1.464808 -0.257108 1.134513 -1.606869 -1.151739 1.019078 5.147925 -1.387961
13 -0.377835 -0.853687 -1.447799 -0.827914 -0.734600 0.341851 -0.879563 1.180557 -0.303641 -1.058747 0.642310 -0.021288 4.983506 -0.643150
7 -3.567775 -6.390006 -4.839800 -5.255611 -4.586176 -3.645556 51.246756 -3.185525 -3.790705 -4.967188 -2.769229 -3.869882 -1.828852 -2.550452
7 -0.645780 -0.128272 -0.405391 -0.599889 -0.387691 0.422256 2.670599 0.260787 -0.559287 -0.569332 0.597518 0.117414 0.677320 -1.450252
7 -4.442391 -6.016460 -4.823394 -5.423511 -4.444067 -2.997931 51.426338 -3.530000 -3.027419 -4.562340 -1.991231 -4.651165 -1.226156 -4.290273
6 -0.866250 1.176086 -1.472212 -0.186455 1.581877 2.149599 -0.637513 1.760503 -0.916361 -1.093259 -0.273014 -0.533188 -0.287982 -0.401830
7 -0.624611 -2.224628 -2.219040 -4.450802 -0.123641 -1.736095 19.276486 -0.204745 -1.406549 -2.360009 -1.604061 -1.203490 -0.490128 -0.628686
6 -1.274561 -0.968657 -0.578460 0.784339 -0.402617 2.871204 1.806876 -1.395512 -0.534748 -0.792276 -1.403640 -0.444637 1.792391 0.540297
7 -4.746660 -3.133459 -4.450391 -4.203274 -4.248588 -2.835779 54.602374 -4.026232 -4.451474 -4.065604 -5.361461 -5.088732 -3.098233 -4.892485
7 -2.391795 -1.331176 -0.267195 0.185607 0.595983 0.509416 2.884621 0.377235 -0.577897 -0.026040 -1.278301 0.410556 1.179856 -0.270871
7 -4.668688 -4.777031 -4.511237 -4.620334 -3.659815 -4.586416 59.054489 -3.595704 -4.200536 -5.017870 -5.809647 -4.340572 -4.311663 -4.954976
13 -0.440927 0.285803 -0.794023 -0.482614 -0.820505 1.612511 0.267774 -0.542642 -0.812810 -1.246143 -0.112187 -0.464969 3.140177 0.410556
7 -5.130263 -3.822382 -4.518087 -4.165921 -3.578601 -3.557922 51.242192 -4.226194 -4.218332 -4.258333 -5.254353 -3.072789 0.151256 -5.590269
7 -4.311194 -3.945268 -4.184672 -4.253181 -3.667528 -2.854898 48.620662 -4.029248 -4.251637 -3.524475 -3.630443 -4.248282 -2.999573 -2.720264
7 -5.347912 -6.095029 -5.356893 -6.419624 -5.776520 -3.681957 66.837953 -3.578371 -4.454797 -5.768738 -5.952394 -3.901077 -3.316486 -7.188154
7 -3.935583 -4.686446 -3.928524 -5.060458 -3.204112 -3.571379 53.028519 -3.881999 -4.422325 -4.699765 -4.452749 -4.204544 -2.917009 -4.063627
12 -0.223456 -1.773093 1.426389 -1.419473 -0.264347 0.886138 -2.644346 -0.232122 0.384395 0.748312 -0.638850 2.997862 1.094228 -0.341636
7 -4.592606 -4.652055 -3.896271 -4.091462 -3.824062 -2.950733 52.436873 -4.345253 -3.180953 -4.288131 -5.697359 -3.762339 -2.992329 -4.163321
7 -5.920975 -5.355784 -5.334415 -5.336618 -5.897409 -5.865877 71.552008 -4.756568 -5.012202 -6.039331 -6.704051 -4.336536 -5.091919 -5.900323
7 -0.666072 -1.463719 0.284236 -0.189793 0.543934 -0.167671 2.460274 -0.267340 -0.169647 0.310888 -1.134368 0.803549 1.100858 -1.445128
7 -6.148756 -3.631797 -3.684855 -3.802767 -3.110886 -2.879932 50.795719 -3.730626 -4.916023 -4.268528 -3.928644 -3.714835 -2.784846 -4.193223
11 -1.158067 -2.102965 -0.330457 -1.239920 -0.252070 0.264007 -2.752514 -0.121986 -0.316107 -0.657304 8.696947 0.121770 0.814564 -0.965899
7 -4.527226 -3.982398 -3.914519 -4.244917 -3.716645 -4.481098 55.065443 -4.494738 -5.149889 -4.275141 -3.922828 -4.022372 -5.045140 -3.288531
7 -3.690202 -5.182824 -4.012859 -4.872785 -3.847677 -3.285690 52.113534 -4.186655 -3.793748 -3.531219 -5.409400 -3.878143 -2.979726 -3.442604
7 -3.880513 -5.094980 -5.125801 -5.503974 -5.080520 -4.188993 60.054836 -4.682871 -4.651184 -4.886152 -4.710365 -5.077382 -2.503452 -4.668649
7 -1.254385 -3.265049 -5.158571 -4.733332 -4.261602 -4.138643 50.618913 -2.814196 -4.651497 -5.082298 -4.002141 -4.038487 -1.561295 -5.657416
7 -5.284629 -4.442110 -2.918916 -4.481278 -3.181510 -3.615562 51.961329 -3.918129 -5.065693 -4.020448 -3.921098 -4.769788 -3.277770 -3.064396
12 -1.469510 -0.125944 0.353498 -0.518031 -0.614595 0.575412 -0.942186 0.348826 -0.941039 0.462033 1.021711 2.344356 0.328978 -0.823511
13 -0.089507 -0.645862 1.427915 -0.322552 -1.399439 0.693831 -2.197653 -1.339237 -0.454032 -1.081410 -0.178346 0.929517 5.144459 -0.487684
6 -1.094329 -1.083893 0.098211 0.143769 -0.757974 2.379003 -0.040692 1.374735 -0.516124 -0.230364 -0.131628 0.531098 1.366707 -2.038519
6 -0.265289 -1.663549 -0.422185 -0.449869 -0.769448 1.903732 -0.652548 0.594105 0.666614 -0.588025 -1.120667 1.038006 1.893305 -0.164179
9 -0.452320 0.129609 -0.657642 -0.686602 -0.622980 -0.349486 -1.638817 -0.120387 2.354164 -0.640075 -0.024145 1.148578 1.265095 0.295009
9 -0.729359 -1.502807 -0.243971 0.147973 0.285446 1.069875 -1.742396 -0.694782 2.080180 -0.027548 -0.081905 0.570310 0.342449 0.526537
12 -3.245271 0.687511 1.791465 -1.098997 0.534060 -0.460337 -1.513593 -1.329565 -0.102255 -0.239161 0.289795 2.816108 0.816422 1.053819
13 -0.096228 -0.189356 -0.573720 -0.350287 -0.237853 0.933631 -1.110398 1.117396 -0.483356 -0.478867 -0.285323 0.485099 1.608183 -0.338922
12 -1.990084 -0.242203 -0.110970 -0.560656 0.059323 0.829803 1.166122 -0.246317 -0.535004 -1.343982 -0.806057 5.064548 0.527324 -1.811847
6 0.411612 0.254900 -0.664016 0.395168 -0.679803 0.907510 0.619459 -0.231279 -1.073728 -0.741962 0.190048 -0.524923 0.544520 0.592493
10 -0.609715 0.331620 0.127446 -0.597740 -0.297116 0.395187 -0.968123 0.243267 -0.270641 1.270344 -0.185325 0.224749 0.994518 -0.658473
7 -0.569131 -1.268375 0.113887 -1.024972 0.410011 1.007679 2.602414 0.084402 -0.178241 -0.067605 -1.267397 -0.417084 1.326671 -0.752259
12 -2.504397 -1.097466 2.018698 -1.334145 -0.770749 -0.230594 -2.366001 0.823769 -0.435773 -1.677011 -0.856495 8.923418 0.633790 -1.127045
13 -0.963427 -0.819455 0.344581 -0.325525 -0.937512 0.761476 -0.631913 -0.362471 -0.179181 0.581669 -0.282435 1.387058 1.600964 -0.173829
12 0.022412 -0.170240 0.452156 -0.726784 -0.126796 -0.002752 -0.807792 -0.073571 0.572211 -0.745195 -1.490327 2.628619 0.382561 0.085497
12 -0.169397 -0.574878 -0.304236 0.136527 0.155234 0.116893 1.277499 -0.911135 -1.429090 -0.422150 -0.375230 1.904865 0.318254 0.276844
5 -2.678923 2.412492 -3.757597 -1.263074 8.644621 -0.100130 0.277231 1.148274 -1.421498 -0.897827 -3.751461 1.824841 0.813290 -1.250238
6 0.143279 -0.505987 1.659319 -0.790641 -0.245853 1.876146 -1.754043 -0.160569 -0.476002 -0.184729 0.603711 0.026131 -0.461044 0.270281
12 -1.322502 -2.522824 -0.703107 -1.139838 -0.472365 0.406198 -0.789528 1.355796 -0.467371 2.075164 -1.568571 5.030441 0.537146 -0.418640
12 0.481003 0.962503 0.162915 -0.642095 -1.401729 0.306482 -1.543261 -0.487216 -0.320773 0.663105 -0.275611 1.608414 0.978551 -0.492288
14 0.022041 -1.846894 -0.259238 -1.104432 -0.852529 0.867110 -0.924220 -0.613189 0.257061 -0.119857 -1.604829 2.261154 1.072419 2.845403
12 -3.734560 0.369698 -0.015095 -1.762043 -0.817281 0.878165 1.234646 0.141012 -2.077438 -1.432890 -0.530868 7.722899 0.499376 -0.475622
6 -0.728781 -0.854861 0.338219 0.133675 -0.263956 1.719665 -0.043194 -0.201177 0.712253 -0.390293 0.656334 0.573111 -0.853487 -0.797506
14 -2.182969 -1.954662 -0.940986 -1.801229 -1.647708 -0.233605 -1.376550 -0.124288 -0.542006 0.862636 -0.283314 0.085649 -0.251396 10.390429
13 1.034601 0.523346 0.307275 -0.755531 -1.905173 0.486349 -1.376932 -0.353772 0.505182 -0.944232 -0.561233 0.139497 1.683630 1.216993
14 -2.534425 -1.925215 -0.708969 -1.853027 -1.365043 -0.682588 -0.425012 -0.348097 -2.034694 0.920454 1.046128 -0.476840 0.778224 9.609102
14 -2.026113 -1.356584 -1.395709 -1.281086 -0.426989 0.229999 -1.057891 -0.693227 -0.265900 -1.309137 -0.132263 -2.517992 0.939939 11.292953
13 -1.580289 2.655790 -0.761263 0.938009 -0.685503 -0.116026 -1.545053 0.257598 -0.180703 -0.937875 -0.520293 -0.449477 3.047661 -0.122575
14 -1.653932 -0.638047 -0.746492 0.218577 -0.650977 0.822607 -1.590954 0.181536 -1.436226 0.502485 0.563292 0.512981 1.285023 2.630128
13 -0.691134 0.893632 -0.178643 -0.604427 -0.216234 1.147224 -2.459217 0.203572 0.328362 -0.808580 0.011664 0.205848 1.906062 0.261872
14 -2.217727 -0.361612 -0.667365 -0.694650 -0.493924 0.020155 0.516457 1.403057 0.624622 -1.879182 -0.819146 1.581029 1.004979 1.983308
14 -0.223448 -1.322371 0.327756 -1.998365 -2.055728 -0.481758 -1.820825 -0.630942 -0.029002 -0.685598 -0.146953 -0.087048 1.793948 7.360335
14 -0.772177 -1.912799 -0.237003 -0.352778 -0.475304 -0.025230 -1.411275 -0.360379 -1.029892 -0.809065 -0.955957 -1.202893 0.992645 8.552108
13 -0.720415 -0.675420 -0.460157 -1.117720 -0.471995 0.822464 0.728121 0.476735 0.920329 -1.399061 -0.520250 -0.058782 1.612946 0.863206
14 -0.316383 -1.222929 0.540051 -0.073382 -0.315154 0.811345 -0.753007 -0.935466 -0.553917 -0.080328 -0.472097 -0.183047 1.528499 2.025815
13 -1.044261 -1.435440 0.069626 0.145337 1.002075 1.051045 -1.195439 -0.799662 0.039792 0.485614 0.512438 -0.025012 1.132814 0.061074
8 -1.755871 -1.431480 -0.674613 -1.423950 -0.190360 1.317258 -0.093537 1.868206 1.024063 -0.674489 -0.423772 0.665740 0.811583 0.981222
5 -0.888783 0.566549 -0.225791 0.548071 1.626939 0.820149 -0.833721 -0.539672 -0.776082 -0.591770 0.342595 0.805111 -0.334977 -0.518619
14 -1.521084 -0.952311 0.218222 -0.058889 -0.588010 0.326857 -0.376242 -0.173643 -0.581009 0.144426 0.781038 0.146135 -0.154464 2.788975
14 -1.199303 -1.007318 0.228625 -0.578468 -0.563505 -0.087333 -0.819908 0.178546 -0.170039 -1.138083 -0.090433 -0.284449 0.587900 4.943768
14 1.178806 -1.709270 -0.165819 -0.349664 -0.384493 0.147205 -1.219687 0.248763 -0.146758 -0.673671 -0.813558 0.473019 1.616218 1.798909
14 -0.524453 -1.367218 -0.524636 -1.288547 -0.851402 -0.270957 -2.254421 -0.609006 0.136995 -1.461880 -1.124674 -0.029598 1.990094 8.179704
14 -0.431053 -1.506260 0.067523 -0.990448 -0.435794 2.203605 -2.589469 -0.997486 0.121241 -1.015373 0.480349 0.964676 1.506828 2.621660
11 -0.776259 0.167366 0.168631 0.387332 0.732059 -0.247374 -0.515353 0.380482 -1.069382 -0.071825 1.329357 -0.859868 -0.285307 0.660140
14 0.041880 -2.022102 0.600318 0.546439 -0.363503 1.531162 -2.362323 -0.277981 0.506544 -1.133930 -0.550940 -0.732730 1.591563 2.625604
8 -1.654041 0.264584 -0.462066 -0.194149 -0.254758 1.776730 -0.238840 3.117774 -0.895216 -1.160684 0.339653 -0.630557 0.401238 -0.409668
8 -0.499460 -1.191766 -2.047069 -0.316413 -1.002059 1.248760 -0.663366 9.810417 -0.960550 -2.174324 -1.730059 0.466433 1.499020 -2.439564
5 -0.381016 -0.976646 -1.811862 -1.703501 13.151637 0.919942 -2.508401 -0.258460 -0.967215 -1.669973 -1.586095 -0.575770 0.423511 -2.056151
8 -1.327141 -2.022594 -1.210684 -1.224115 -1.137202 -0.077378 -1.089607 13.398766 -1.280290 -1.116898 -1.838368 -0.647485 1.422815 -1.849817
8 0.895525 -3.172267 0.843849 -0.832464 -0.591999 0.158259 -2.115735 3.557235 1.682063 1.284594 -2.132199 1.256135 0.880903 -1.713899
10 -0.545596 -0.637544 0.587253 0.561997 -0.719665 0.471522 -1.867348 0.127335 -1.916509 1.328398 1.239476 0.361290 0.327756 0.681634
8 -1.005640 -0.507350 0.195876 -2.550073 -0.585008 1.897054 1.203853 6.051887 -1.049235 -1.057216 -2.481467 -1.454046 2.861642 -1.520276
8 -1.804581 -0.438234 -2.526141 -0.981462 -2.040771 0.416005 -0.153850 9.725875 -2.379298 -0.905892 -0.867694 1.628304 1.073393 -0.745654
8 -0.663889 -1.053086 -1.657285 -0.718713 0.327006 -0.116806 -3.181269 9.767585 -0.762799 -1.709382 0.009894 0.641150 -0.052383 -0.830024
1 1.264212 -0.563765 -0.618853 -0.301353 -0.220962 1.100302 -0.858049 1.152022 -0.261902 -0.829685 -0.339943 0.817163 0.248861 -0.588047
8 -1.714229 0.491833 -0.483136 0.065006 -0.138925 1.005013 -1.487317 2.319779 -1.638094 0.063253 0.127638 -0.004413 -0.070471 1.464061
8 -3.727144 0.301949 0.906053 -0.625013 0.832758 1.586933 -1.096061 8.142980 -1.347315 -1.637844 -2.052592 -0.663047 -0.309960 -0.311697
13 -0.618786 0.569076 -1.603961 -0.389296 -0.255422 0.575991 -2.510035 0.438029 -0.389280 -0.887277 -0.420458 1.195874 3.036133 1.259414
13 -0.481872 -0.169404 -0.405857 -0.418253 -0.251420 0.742398 0.948497 0.435013 -0.340099 -0.292287 0.158055 -0.352523 1.088713 -0.660961
8 -1.900997 1.381908 -0.498389 -1.186581 -0.249085 1.408815 -1.868129 3.256851 0.844092 -0.501821 -0.336462 -0.664959 0.178933 0.135824
13 -1.134054 0.729055 0.037123 0.267803 0.701198 1.016765 1.039541 0.853095 -0.707255 -1.126909 -1.921558 0.131787 1.174236 -1.060828
9 -0.075127 -1.357364 -0.722927 -0.715876 -1.487074 0.158524 1.747234 1.427084 2.249660 -1.644138 -0.681792 -0.290037 1.976664 -0.584831
8 -0.825614 -0.711170 -1.701771 -0.661081 -0.569898 -0.590230 0.334527 3.538059 0.289593 -1.030913 0.362784 -0.320997 1.309756 0.576956
6 -2.388799 0.836667 -2.149189 -0.602690 0.248841 3.813077 -1.013592 0.353975 -0.997287 0.488522 -0.122826 -0.014456 -0.094058 1.641815
8 -1.326738 -1.147793 0.136984 -2.372629 -1.095579 2.567584 0.724101 6.100252 -1.641896 0.560526 -1.146671 -0.926690 0.252001 -0.683454
8 -0.906167 1.800233 -0.243465 -1.260911 -1.099264 0.293946 -1.267738 2.351548 -0.950418 0.891745 -0.929173 0.218148 1.615390 -0.513875
8 -1.549261 -0.135145 1.096970 0.769366 -1.436862 0.629496 -1.630797 4.215367 -0.161513 -0.223651 -0.761449 0.175682 -0.839685 -0.148519
2 -1.479550 2.261335 -1.406912 0.028020 -1.004133 1.256844 0.607398 -1.469359 -0.116172 0.312060 1.421105 -0.282808 0.910442 -1.038270
3 -0.025996 -2.009637 0.945015 -0.212222 0.821249 0.274317 0.368970 -0.046276 0.447707 -0.241520 -0.930005 0.829265 0.253385 -0.474251
9 -1.059265 -1.647144 -1.174014 -0.391230 -0.344865 0.415736 0.099443 0.301000 2.429379 -0.784671 -0.697765 1.548620 1.014337 0.290441
13 -0.199623 -0.447646 -0.660143 -0.527738 0.626852 1.128585 -0.081310 0.188600 0.680302 -1.351639 -0.134747 0.240559 1.387038 -0.849090
13 0.612962 -0.191309 0.177466 -1.170916 0.070497 -0.728846 -0.892206 -0.824042 1.213953 1.065421 -1.580058 1.149029 2.803398 -1.705346
9 0.415604 -2.033341 -0.174299 -1.046774 0.111547 0.998058 -0.866404 -0.365261 2.993612 -0.584664 0.299437 0.392790 0.830463 -0.970764
13 -1.067745 -1.049572 0.977704 -1.224406 -0.639735 0.295474 -0.955615 -0.125292 1.418339 -0.310674 -0.726291 -0.200386 4.637365 -1.029166
13 0.029989 -0.508028 0.963974 -0.999957 0.435331 0.219649 -1.385103 -0.710917 -0.017789 0.003641 -0.713901 0.460700 3.288866 -1.066455
13 -0.257649 -0.842185 -0.037284 -0.332040 -0.212872 0.963556 -0.828245 0.110645 0.508542 -0.132833 -0.236405 0.350326 1.302746 -0.356302
13 -1.020811 -0.664344 0.281400 -0.095553 -0.078372 0.473379 -1.176448 -0.645885 0.317967 0.772226 -0.716227 1.105700 1.412496 0.034470
9 -1.061609 -1.146967 0.122865 -0.332006 -0.223817 0.416791 -1.069495 0.641306 2.292558 0.501117 0.302676 -0.481775 0.875641 -0.837285
13 -0.106544 -1.085991 0.101354 0.116684 -0.015100 0.832751 -0.985190 -0.056581 1.018434 -0.404415 -0.456235 0.324807 1.325205 -0.609179
9 -1.071953 -2.092450 0.369816 -0.942134 -0.082936 0.462071 -0.629831 0.192553 2.691144 0.848142 -1.170759 0.546964 0.579336 0.300036
8 -0.749225 -0.680405 0.727514 -0.867275 0.625366 0.866197 -1.058731 1.408896 0.399949 -0.234636 -0.468889 -0.030066 0.456959 -0.395654
13 0.552536 -2.763167 -0.224780 0.710588 0.780826 0.880006 -2.064922 -0.220584 1.025022 0.306641 -0.621402 0.734270 1.909421 -1.004455
3 -0.934638 -0.534547 1.014868 0.358940 -0.943810 0.999454 -0.865849 0.302767 0.249427 0.035343 -0.461255 -0.844208 0.777139 0.846369
13 -0.617328 -0.055218 -0.749628 -1.972155 0.744525 1.191058 0.545307 0.615423 0.295887 0.176943 -1.292071 -0.481612 1.975538 -0.376670
13 -0.214098 -1.443170 -0.217971 0.918463 -0.189013 0.240857 -0.981166 -0.096209 -0.149403 0.486553 0.020902 -0.487011 1.312424 0.798843
4 0.301837 -2.612098 -1.199531 2.640334 -0.360877 0.161928 -0.947084 0.178723 1.503606 -1.224558 -1.022589 1.031840 2.346824 -0.798355
13 0.034448 -1.597027 0.301877 -0.904299 -0.593862 1.682130 -1.811069 0.650794 1.144478 -0.234810 -1.608753 0.723558 2.385810 -0.173275
